[0.014s] Invoking command in '/workspaces/ANUBIS/build/motor_messages': CMAKE_PREFIX_PATH=${CMAKE_PREFIX_PATH}:/opt/ros/jazzy /usr/bin/cmake --build /workspaces/ANUBIS/build/motor_messages -- -j4 -l4
[0.122s] [  1%] Built target motor_messages__rosidl_generator_type_description
[0.146s] [  1%] Built target ament_cmake_python_copy_motor_messages
[0.202s] [  3%] Built target motor_messages__cpp
[0.246s] [ 24%] Built target motor_messages__rosidl_generator_c
[0.366s] [ 33%] Built target motor_messages__rosidl_typesupport_fastrtps_cpp
[0.380s] [ 42%] Built target motor_messages__rosidl_typesupport_cpp
[0.402s] [ 51%] Built target motor_messages__rosidl_typesupport_fastrtps_c
[0.493s] [ 61%] Built target motor_messages__rosidl_typesupport_introspection_c
[0.504s] [ 70%] Built target motor_messages__rosidl_typesupport_c
[0.508s] [ 79%] Built target motor_messages__rosidl_typesupport_introspection_cpp
[0.570s] [ 79%] Built target motor_messages
[0.671s] [ 81%] Built target motor_messages__py
[0.811s] [ 88%] Built target motor_messages__rosidl_generator_py
[0.816s] running egg_info
[0.904s] [ 92%] Built target motor_messages_s__rosidl_typesupport_c
[0.914s] writing motor_messages.egg-info/PKG-INFO
[0.916s] writing dependency_links to motor_messages.egg-info/dependency_links.txt
[0.917s] writing top-level names to motor_messages.egg-info/top_level.txt
[0.945s] [ 96%] Built target motor_messages_s__rosidl_typesupport_fastrtps_c
[0.993s] [100%] Built target motor_messages_s__rosidl_typesupport_introspection_c
[1.077s] reading manifest file 'motor_messages.egg-info/SOURCES.txt'
[1.078s] writing manifest file 'motor_messages.egg-info/SOURCES.txt'
[1.170s] [100%] Built target ament_cmake_python_build_motor_messages_egg
[1.205s] Invoked command in '/workspaces/ANUBIS/build/motor_messages' returned '0': CMAKE_PREFIX_PATH=${CMAKE_PREFIX_PATH}:/opt/ros/jazzy /usr/bin/cmake --build /workspaces/ANUBIS/build/motor_messages -- -j4 -l4
[1.232s] Invoking command in '/workspaces/ANUBIS/build/motor_messages': CMAKE_PREFIX_PATH=${CMAKE_PREFIX_PATH}:/opt/ros/jazzy /usr/bin/cmake --install /workspaces/ANUBIS/build/motor_messages
[1.260s] -- Install configuration: ""
[1.260s] -- Up-to-date: /workspaces/ANUBIS/install/motor_messages/share/ament_index/resource_index/rosidl_interfaces/motor_messages
[1.261s] -- Up-to-date: /workspaces/ANUBIS/install/motor_messages/share/motor_messages/msg/Command.json
[1.261s] -- Up-to-date: /workspaces/ANUBIS/install/motor_messages/share/motor_messages/msg/Feedback.json
[1.261s] -- Up-to-date: /workspaces/ANUBIS/install/motor_messages/share/motor_messages/msg/Health.json
[1.261s] -- Up-to-date: /workspaces/ANUBIS/install/motor_messages/include/motor_messages/motor_messages
[1.262s] -- Up-to-date: /workspaces/ANUBIS/install/motor_messages/include/motor_messages/motor_messages/msg
[1.262s] -- Up-to-date: /workspaces/ANUBIS/install/motor_messages/include/motor_messages/motor_messages/msg/feedback.h
[1.262s] -- Up-to-date: /workspaces/ANUBIS/install/motor_messages/include/motor_messages/motor_messages/msg/rosidl_generator_c__visibility_control.h
[1.264s] -- Up-to-date: /workspaces/ANUBIS/install/motor_messages/include/motor_messages/motor_messages/msg/health.h
[1.264s] -- Up-to-date: /workspaces/ANUBIS/install/motor_messages/include/motor_messages/motor_messages/msg/detail
[1.265s] -- Up-to-date: /workspaces/ANUBIS/install/motor_messages/include/motor_messages/motor_messages/msg/detail/command__struct.h
[1.265s] -- Up-to-date: /workspaces/ANUBIS/install/motor_messages/include/motor_messages/motor_messages/msg/detail/command__functions.h
[1.265s] -- Up-to-date: /workspaces/ANUBIS/install/motor_messages/include/motor_messages/motor_messages/msg/detail/health__description.c
[1.265s] -- Up-to-date: /workspaces/ANUBIS/install/motor_messages/include/motor_messages/motor_messages/msg/detail/health__functions.h
[1.265s] -- Up-to-date: /workspaces/ANUBIS/install/motor_messages/include/motor_messages/motor_messages/msg/detail/feedback__functions.c
[1.265s] -- Installing: /workspaces/ANUBIS/install/motor_messages/include/motor_messages/motor_messages/msg/detail/feedback__type_support.c
[1.265s] -- Up-to-date: /workspaces/ANUBIS/install/motor_messages/include/motor_messages/motor_messages/msg/detail/command__type_support.h
[1.265s] -- Up-to-date: /workspaces/ANUBIS/install/motor_messages/include/motor_messages/motor_messages/msg/detail/health__functions.c
[1.265s] -- Up-to-date: /workspaces/ANUBIS/install/motor_messages/include/motor_messages/motor_messages/msg/detail/feedback__type_support.h
[1.265s] -- Up-to-date: /workspaces/ANUBIS/install/motor_messages/include/motor_messages/motor_messages/msg/detail/feedback__struct.h
[1.266s] -- Up-to-date: /workspaces/ANUBIS/install/motor_messages/include/motor_messages/motor_messages/msg/detail/health__type_support.h
[1.266s] -- Installing: /workspaces/ANUBIS/install/motor_messages/include/motor_messages/motor_messages/msg/detail/command__type_support.c
[1.266s] -- Up-to-date: /workspaces/ANUBIS/install/motor_messages/include/motor_messages/motor_messages/msg/detail/command__description.c
[1.266s] -- Up-to-date: /workspaces/ANUBIS/install/motor_messages/include/motor_messages/motor_messages/msg/detail/feedback__functions.h
[1.266s] -- Up-to-date: /workspaces/ANUBIS/install/motor_messages/include/motor_messages/motor_messages/msg/detail/health__struct.h
[1.266s] -- Installing: /workspaces/ANUBIS/install/motor_messages/include/motor_messages/motor_messages/msg/detail/health__type_support.c
[1.266s] -- Up-to-date: /workspaces/ANUBIS/install/motor_messages/include/motor_messages/motor_messages/msg/detail/command__functions.c
[1.267s] -- Up-to-date: /workspaces/ANUBIS/install/motor_messages/include/motor_messages/motor_messages/msg/detail/feedback__description.c
[1.267s] -- Up-to-date: /workspaces/ANUBIS/install/motor_messages/include/motor_messages/motor_messages/msg/command.h
[1.268s] -- Up-to-date: /workspaces/ANUBIS/install/motor_messages/share/motor_messages/environment/library_path.sh
[1.268s] -- Up-to-date: /workspaces/ANUBIS/install/motor_messages/share/motor_messages/environment/library_path.dsv
[1.269s] -- Up-to-date: /workspaces/ANUBIS/install/motor_messages/lib/libmotor_messages__rosidl_generator_c.so
[1.269s] -- Up-to-date: /workspaces/ANUBIS/install/motor_messages/include/motor_messages/motor_messages
[1.269s] -- Up-to-date: /workspaces/ANUBIS/install/motor_messages/include/motor_messages/motor_messages/msg
[1.269s] -- Up-to-date: /workspaces/ANUBIS/install/motor_messages/include/motor_messages/motor_messages/msg/detail
[1.269s] -- Up-to-date: /workspaces/ANUBIS/install/motor_messages/include/motor_messages/motor_messages/msg/detail/health__rosidl_typesupport_fastrtps_c.h
[1.270s] -- Up-to-date: /workspaces/ANUBIS/install/motor_messages/include/motor_messages/motor_messages/msg/detail/feedback__rosidl_typesupport_fastrtps_c.h
[1.271s] -- Up-to-date: /workspaces/ANUBIS/install/motor_messages/include/motor_messages/motor_messages/msg/detail/command__rosidl_typesupport_fastrtps_c.h
[1.275s] -- Up-to-date: /workspaces/ANUBIS/install/motor_messages/include/motor_messages/motor_messages/msg/rosidl_typesupport_fastrtps_c__visibility_control.h
[1.275s] -- Up-to-date: /workspaces/ANUBIS/install/motor_messages/lib/libmotor_messages__rosidl_typesupport_fastrtps_c.so
[1.275s] -- Up-to-date: /workspaces/ANUBIS/install/motor_messages/include/motor_messages/motor_messages
[1.275s] -- Up-to-date: /workspaces/ANUBIS/install/motor_messages/include/motor_messages/motor_messages/msg
[1.275s] -- Up-to-date: /workspaces/ANUBIS/install/motor_messages/include/motor_messages/motor_messages/msg/command.hpp
[1.276s] -- Up-to-date: /workspaces/ANUBIS/install/motor_messages/include/motor_messages/motor_messages/msg/feedback.hpp
[1.276s] -- Up-to-date: /workspaces/ANUBIS/install/motor_messages/include/motor_messages/motor_messages/msg/detail
[1.276s] -- Up-to-date: /workspaces/ANUBIS/install/motor_messages/include/motor_messages/motor_messages/msg/detail/command__builder.hpp
[1.276s] -- Up-to-date: /workspaces/ANUBIS/install/motor_messages/include/motor_messages/motor_messages/msg/detail/health__traits.hpp
[1.276s] -- Up-to-date: /workspaces/ANUBIS/install/motor_messages/include/motor_messages/motor_messages/msg/detail/health__type_support.hpp
[1.286s] -- Up-to-date: /workspaces/ANUBIS/install/motor_messages/include/motor_messages/motor_messages/msg/detail/command__traits.hpp
[1.286s] -- Up-to-date: /workspaces/ANUBIS/install/motor_messages/include/motor_messages/motor_messages/msg/detail/feedback__traits.hpp
[1.286s] -- Up-to-date: /workspaces/ANUBIS/install/motor_messages/include/motor_messages/motor_messages/msg/detail/health__struct.hpp
[1.287s] -- Up-to-date: /workspaces/ANUBIS/install/motor_messages/include/motor_messages/motor_messages/msg/detail/command__type_support.hpp
[1.287s] -- Up-to-date: /workspaces/ANUBIS/install/motor_messages/include/motor_messages/motor_messages/msg/detail/feedback__type_support.hpp
[1.287s] -- Up-to-date: /workspaces/ANUBIS/install/motor_messages/include/motor_messages/motor_messages/msg/detail/health__builder.hpp
[1.287s] -- Up-to-date: /workspaces/ANUBIS/install/motor_messages/include/motor_messages/motor_messages/msg/detail/feedback__builder.hpp
[1.287s] -- Up-to-date: /workspaces/ANUBIS/install/motor_messages/include/motor_messages/motor_messages/msg/detail/feedback__struct.hpp
[1.293s] -- Up-to-date: /workspaces/ANUBIS/install/motor_messages/include/motor_messages/motor_messages/msg/detail/command__struct.hpp
[1.293s] -- Up-to-date: /workspaces/ANUBIS/install/motor_messages/include/motor_messages/motor_messages/msg/rosidl_generator_cpp__visibility_control.hpp
[1.293s] -- Up-to-date: /workspaces/ANUBIS/install/motor_messages/include/motor_messages/motor_messages/msg/health.hpp
[1.293s] -- Up-to-date: /workspaces/ANUBIS/install/motor_messages/include/motor_messages/motor_messages
[1.297s] -- Up-to-date: /workspaces/ANUBIS/install/motor_messages/include/motor_messages/motor_messages/msg
[1.297s] -- Up-to-date: /workspaces/ANUBIS/install/motor_messages/include/motor_messages/motor_messages/msg/detail
[1.297s] -- Up-to-date: /workspaces/ANUBIS/install/motor_messages/include/motor_messages/motor_messages/msg/detail/dds_fastrtps
[1.297s] -- Up-to-date: /workspaces/ANUBIS/install/motor_messages/include/motor_messages/motor_messages/msg/detail/command__rosidl_typesupport_fastrtps_cpp.hpp
[1.298s] -- Up-to-date: /workspaces/ANUBIS/install/motor_messages/include/motor_messages/motor_messages/msg/detail/feedback__rosidl_typesupport_fastrtps_cpp.hpp
[1.298s] -- Up-to-date: /workspaces/ANUBIS/install/motor_messages/include/motor_messages/motor_messages/msg/detail/health__rosidl_typesupport_fastrtps_cpp.hpp
[1.298s] -- Up-to-date: /workspaces/ANUBIS/install/motor_messages/include/motor_messages/motor_messages/msg/rosidl_typesupport_fastrtps_cpp__visibility_control.h
[1.298s] -- Up-to-date: /workspaces/ANUBIS/install/motor_messages/lib/libmotor_messages__rosidl_typesupport_fastrtps_cpp.so
[1.298s] -- Up-to-date: /workspaces/ANUBIS/install/motor_messages/include/motor_messages/motor_messages
[1.300s] -- Up-to-date: /workspaces/ANUBIS/install/motor_messages/include/motor_messages/motor_messages/msg
[1.300s] -- Up-to-date: /workspaces/ANUBIS/install/motor_messages/include/motor_messages/motor_messages/msg/rosidl_typesupport_introspection_c__visibility_control.h
[1.300s] -- Up-to-date: /workspaces/ANUBIS/install/motor_messages/include/motor_messages/motor_messages/msg/detail
[1.300s] -- Installing: /workspaces/ANUBIS/install/motor_messages/include/motor_messages/motor_messages/msg/detail/feedback__type_support.c
[1.301s] -- Up-to-date: /workspaces/ANUBIS/install/motor_messages/include/motor_messages/motor_messages/msg/detail/feedback__rosidl_typesupport_introspection_c.h
[1.301s] -- Up-to-date: /workspaces/ANUBIS/install/motor_messages/include/motor_messages/motor_messages/msg/detail/health__rosidl_typesupport_introspection_c.h
[1.301s] -- Up-to-date: /workspaces/ANUBIS/install/motor_messages/include/motor_messages/motor_messages/msg/detail/command__rosidl_typesupport_introspection_c.h
[1.301s] -- Installing: /workspaces/ANUBIS/install/motor_messages/include/motor_messages/motor_messages/msg/detail/command__type_support.c
[1.301s] -- Installing: /workspaces/ANUBIS/install/motor_messages/include/motor_messages/motor_messages/msg/detail/health__type_support.c
[1.301s] -- Up-to-date: /workspaces/ANUBIS/install/motor_messages/lib/libmotor_messages__rosidl_typesupport_introspection_c.so
[1.302s] -- Up-to-date: /workspaces/ANUBIS/install/motor_messages/lib/libmotor_messages__rosidl_typesupport_c.so
[1.303s] -- Up-to-date: /workspaces/ANUBIS/install/motor_messages/include/motor_messages/motor_messages
[1.303s] -- Up-to-date: /workspaces/ANUBIS/install/motor_messages/include/motor_messages/motor_messages/msg
[1.303s] -- Up-to-date: /workspaces/ANUBIS/install/motor_messages/include/motor_messages/motor_messages/msg/detail
[1.304s] -- Up-to-date: /workspaces/ANUBIS/install/motor_messages/include/motor_messages/motor_messages/msg/detail/feedback__rosidl_typesupport_introspection_cpp.hpp
[1.304s] -- Up-to-date: /workspaces/ANUBIS/install/motor_messages/include/motor_messages/motor_messages/msg/detail/feedback__type_support.cpp
[1.304s] -- Up-to-date: /workspaces/ANUBIS/install/motor_messages/include/motor_messages/motor_messages/msg/detail/command__type_support.cpp
[1.304s] -- Up-to-date: /workspaces/ANUBIS/install/motor_messages/include/motor_messages/motor_messages/msg/detail/command__rosidl_typesupport_introspection_cpp.hpp
[1.304s] -- Up-to-date: /workspaces/ANUBIS/install/motor_messages/include/motor_messages/motor_messages/msg/detail/health__rosidl_typesupport_introspection_cpp.hpp
[1.305s] -- Up-to-date: /workspaces/ANUBIS/install/motor_messages/include/motor_messages/motor_messages/msg/detail/health__type_support.cpp
[1.305s] -- Up-to-date: /workspaces/ANUBIS/install/motor_messages/lib/libmotor_messages__rosidl_typesupport_introspection_cpp.so
[1.305s] -- Up-to-date: /workspaces/ANUBIS/install/motor_messages/lib/libmotor_messages__rosidl_typesupport_cpp.so
[1.305s] -- Up-to-date: /workspaces/ANUBIS/install/motor_messages/share/motor_messages/environment/pythonpath.sh
[1.305s] -- Up-to-date: /workspaces/ANUBIS/install/motor_messages/share/motor_messages/environment/pythonpath.dsv
[1.306s] -- Up-to-date: /workspaces/ANUBIS/install/motor_messages/lib/python3.12/site-packages/motor_messages-0.0.0-py3.12.egg-info
[1.306s] -- Installing: /workspaces/ANUBIS/install/motor_messages/lib/python3.12/site-packages/motor_messages-0.0.0-py3.12.egg-info/top_level.txt
[1.306s] -- Installing: /workspaces/ANUBIS/install/motor_messages/lib/python3.12/site-packages/motor_messages-0.0.0-py3.12.egg-info/dependency_links.txt
[1.306s] -- Installing: /workspaces/ANUBIS/install/motor_messages/lib/python3.12/site-packages/motor_messages-0.0.0-py3.12.egg-info/SOURCES.txt
[1.306s] -- Installing: /workspaces/ANUBIS/install/motor_messages/lib/python3.12/site-packages/motor_messages-0.0.0-py3.12.egg-info/PKG-INFO
[1.306s] -- Up-to-date: /workspaces/ANUBIS/install/motor_messages/lib/python3.12/site-packages/motor_messages
[1.307s] -- Up-to-date: /workspaces/ANUBIS/install/motor_messages/lib/python3.12/site-packages/motor_messages/motor_messages_s__rosidl_typesupport_c.so
[1.310s] -- Up-to-date: /workspaces/ANUBIS/install/motor_messages/lib/python3.12/site-packages/motor_messages/__init__.py
[1.310s] -- Up-to-date: /workspaces/ANUBIS/install/motor_messages/lib/python3.12/site-packages/motor_messages/_motor_messages_s.ep.rosidl_typesupport_introspection_c.c
[1.310s] -- Up-to-date: /workspaces/ANUBIS/install/motor_messages/lib/python3.12/site-packages/motor_messages/_motor_messages_s.ep.rosidl_typesupport_fastrtps_c.c
[1.310s] -- Up-to-date: /workspaces/ANUBIS/install/motor_messages/lib/python3.12/site-packages/motor_messages/motor_messages_s__rosidl_typesupport_introspection_c.so
[1.313s] -- Up-to-date: /workspaces/ANUBIS/install/motor_messages/lib/python3.12/site-packages/motor_messages/msg
[1.314s] -- Up-to-date: /workspaces/ANUBIS/install/motor_messages/lib/python3.12/site-packages/motor_messages/msg/_command_s.c
[1.314s] -- Up-to-date: /workspaces/ANUBIS/install/motor_messages/lib/python3.12/site-packages/motor_messages/msg/__init__.py
[1.314s] -- Up-to-date: /workspaces/ANUBIS/install/motor_messages/lib/python3.12/site-packages/motor_messages/msg/_feedback_s.c
[1.314s] -- Up-to-date: /workspaces/ANUBIS/install/motor_messages/lib/python3.12/site-packages/motor_messages/msg/_command.py
[1.314s] -- Up-to-date: /workspaces/ANUBIS/install/motor_messages/lib/python3.12/site-packages/motor_messages/msg/_health.py
[1.315s] -- Up-to-date: /workspaces/ANUBIS/install/motor_messages/lib/python3.12/site-packages/motor_messages/msg/_health_s.c
[1.315s] -- Up-to-date: /workspaces/ANUBIS/install/motor_messages/lib/python3.12/site-packages/motor_messages/msg/_feedback.py
[1.315s] -- Up-to-date: /workspaces/ANUBIS/install/motor_messages/lib/python3.12/site-packages/motor_messages/motor_messages_s__rosidl_typesupport_fastrtps_c.so
[1.315s] -- Up-to-date: /workspaces/ANUBIS/install/motor_messages/lib/python3.12/site-packages/motor_messages/_motor_messages_s.ep.rosidl_typesupport_c.c
[1.400s] Listing '/workspaces/ANUBIS/install/motor_messages/lib/python3.12/site-packages/motor_messages'...
[1.401s] Listing '/workspaces/ANUBIS/install/motor_messages/lib/python3.12/site-packages/motor_messages/msg'...
[1.418s] -- Up-to-date: /workspaces/ANUBIS/install/motor_messages/lib/python3.12/site-packages/motor_messages/motor_messages_s__rosidl_typesupport_fastrtps_c.so
[1.419s] -- Up-to-date: /workspaces/ANUBIS/install/motor_messages/lib/python3.12/site-packages/motor_messages/motor_messages_s__rosidl_typesupport_introspection_c.so
[1.419s] -- Up-to-date: /workspaces/ANUBIS/install/motor_messages/lib/python3.12/site-packages/motor_messages/motor_messages_s__rosidl_typesupport_c.so
[1.419s] -- Up-to-date: /workspaces/ANUBIS/install/motor_messages/lib/libmotor_messages__rosidl_generator_py.so
[1.423s] -- Up-to-date: /workspaces/ANUBIS/install/motor_messages/share/motor_messages/msg/Command.idl
[1.425s] -- Up-to-date: /workspaces/ANUBIS/install/motor_messages/share/motor_messages/msg/Feedback.idl
[1.425s] -- Up-to-date: /workspaces/ANUBIS/install/motor_messages/share/motor_messages/msg/Health.idl
[1.426s] -- Up-to-date: /workspaces/ANUBIS/install/motor_messages/share/motor_messages/msg/Command.msg
[1.426s] -- Up-to-date: /workspaces/ANUBIS/install/motor_messages/share/motor_messages/msg/Feedback.msg
[1.426s] -- Up-to-date: /workspaces/ANUBIS/install/motor_messages/share/motor_messages/msg/Health.msg
[1.426s] -- Up-to-date: /workspaces/ANUBIS/install/motor_messages/share/ament_index/resource_index/package_run_dependencies/motor_messages
[1.426s] -- Up-to-date: /workspaces/ANUBIS/install/motor_messages/share/ament_index/resource_index/parent_prefix_path/motor_messages
[1.427s] -- Up-to-date: /workspaces/ANUBIS/install/motor_messages/share/motor_messages/environment/ament_prefix_path.sh
[1.427s] -- Up-to-date: /workspaces/ANUBIS/install/motor_messages/share/motor_messages/environment/ament_prefix_path.dsv
[1.427s] -- Up-to-date: /workspaces/ANUBIS/install/motor_messages/share/motor_messages/environment/path.sh
[1.428s] -- Up-to-date: /workspaces/ANUBIS/install/motor_messages/share/motor_messages/environment/path.dsv
[1.428s] -- Up-to-date: /workspaces/ANUBIS/install/motor_messages/share/motor_messages/local_setup.bash
[1.428s] -- Up-to-date: /workspaces/ANUBIS/install/motor_messages/share/motor_messages/local_setup.sh
[1.428s] -- Up-to-date: /workspaces/ANUBIS/install/motor_messages/share/motor_messages/local_setup.zsh
[1.429s] -- Up-to-date: /workspaces/ANUBIS/install/motor_messages/share/motor_messages/local_setup.dsv
[1.429s] -- Installing: /workspaces/ANUBIS/install/motor_messages/share/motor_messages/package.dsv
[1.429s] -- Up-to-date: /workspaces/ANUBIS/install/motor_messages/share/ament_index/resource_index/packages/motor_messages
[1.429s] -- Up-to-date: /workspaces/ANUBIS/install/motor_messages/share/motor_messages/cmake/export_motor_messages__rosidl_generator_cExport.cmake
[1.429s] -- Up-to-date: /workspaces/ANUBIS/install/motor_messages/share/motor_messages/cmake/export_motor_messages__rosidl_generator_cExport-noconfig.cmake
[1.430s] -- Up-to-date: /workspaces/ANUBIS/install/motor_messages/share/motor_messages/cmake/export_motor_messages__rosidl_typesupport_fastrtps_cExport.cmake
[1.430s] -- Up-to-date: /workspaces/ANUBIS/install/motor_messages/share/motor_messages/cmake/export_motor_messages__rosidl_typesupport_fastrtps_cExport-noconfig.cmake
[1.430s] -- Up-to-date: /workspaces/ANUBIS/install/motor_messages/share/motor_messages/cmake/export_motor_messages__rosidl_generator_cppExport.cmake
[1.430s] -- Up-to-date: /workspaces/ANUBIS/install/motor_messages/share/motor_messages/cmake/export_motor_messages__rosidl_typesupport_fastrtps_cppExport.cmake
[1.431s] -- Up-to-date: /workspaces/ANUBIS/install/motor_messages/share/motor_messages/cmake/export_motor_messages__rosidl_typesupport_fastrtps_cppExport-noconfig.cmake
[1.431s] -- Up-to-date: /workspaces/ANUBIS/install/motor_messages/share/motor_messages/cmake/motor_messages__rosidl_typesupport_introspection_cExport.cmake
[1.431s] -- Up-to-date: /workspaces/ANUBIS/install/motor_messages/share/motor_messages/cmake/motor_messages__rosidl_typesupport_introspection_cExport-noconfig.cmake
[1.431s] -- Up-to-date: /workspaces/ANUBIS/install/motor_messages/share/motor_messages/cmake/motor_messages__rosidl_typesupport_cExport.cmake
[1.431s] -- Up-to-date: /workspaces/ANUBIS/install/motor_messages/share/motor_messages/cmake/motor_messages__rosidl_typesupport_cExport-noconfig.cmake
[1.431s] -- Up-to-date: /workspaces/ANUBIS/install/motor_messages/share/motor_messages/cmake/motor_messages__rosidl_typesupport_introspection_cppExport.cmake
[1.432s] -- Up-to-date: /workspaces/ANUBIS/install/motor_messages/share/motor_messages/cmake/motor_messages__rosidl_typesupport_introspection_cppExport-noconfig.cmake
[1.432s] -- Up-to-date: /workspaces/ANUBIS/install/motor_messages/share/motor_messages/cmake/motor_messages__rosidl_typesupport_cppExport.cmake
[1.432s] -- Up-to-date: /workspaces/ANUBIS/install/motor_messages/share/motor_messages/cmake/motor_messages__rosidl_typesupport_cppExport-noconfig.cmake
[1.432s] -- Up-to-date: /workspaces/ANUBIS/install/motor_messages/share/motor_messages/cmake/export_motor_messages__rosidl_generator_pyExport.cmake
[1.432s] -- Up-to-date: /workspaces/ANUBIS/install/motor_messages/share/motor_messages/cmake/export_motor_messages__rosidl_generator_pyExport-noconfig.cmake
[1.433s] -- Up-to-date: /workspaces/ANUBIS/install/motor_messages/share/motor_messages/cmake/rosidl_cmake-extras.cmake
[1.433s] -- Up-to-date: /workspaces/ANUBIS/install/motor_messages/share/motor_messages/cmake/ament_cmake_export_dependencies-extras.cmake
[1.433s] -- Up-to-date: /workspaces/ANUBIS/install/motor_messages/share/motor_messages/cmake/ament_cmake_export_include_directories-extras.cmake
[1.433s] -- Up-to-date: /workspaces/ANUBIS/install/motor_messages/share/motor_messages/cmake/ament_cmake_export_libraries-extras.cmake
[1.433s] -- Up-to-date: /workspaces/ANUBIS/install/motor_messages/share/motor_messages/cmake/ament_cmake_export_targets-extras.cmake
[1.433s] -- Up-to-date: /workspaces/ANUBIS/install/motor_messages/share/motor_messages/cmake/rosidl_cmake_export_typesupport_targets-extras.cmake
[1.433s] -- Up-to-date: /workspaces/ANUBIS/install/motor_messages/share/motor_messages/cmake/rosidl_cmake_export_typesupport_libraries-extras.cmake
[1.434s] -- Up-to-date: /workspaces/ANUBIS/install/motor_messages/share/motor_messages/cmake/motor_messagesConfig.cmake
[1.434s] -- Up-to-date: /workspaces/ANUBIS/install/motor_messages/share/motor_messages/cmake/motor_messagesConfig-version.cmake
[1.434s] -- Up-to-date: /workspaces/ANUBIS/install/motor_messages/share/motor_messages/package.xml
[1.438s] Invoked command in '/workspaces/ANUBIS/build/motor_messages' returned '0': CMAKE_PREFIX_PATH=${CMAKE_PREFIX_PATH}:/opt/ros/jazzy /usr/bin/cmake --install /workspaces/ANUBIS/build/motor_messages
