[0.018s] Invoking command in '/workspaces/ANUBIS/build/motor_messages': CMAKE_PREFIX_PATH=${CMAKE_PREFIX_PATH}:/opt/ros/jazzy /usr/bin/cmake --build /workspaces/ANUBIS/build/motor_messages -- -j4 -l4
[0.093s] [  1%] Built target motor_messages__rosidl_generator_type_description
[0.110s] [  1%] Built target ament_cmake_python_copy_motor_messages
[0.141s] [ 22%] Built target motor_messages__rosidl_generator_c
[0.142s] [ 24%] Built target motor_messages__cpp
[0.205s] [ 33%] Built target motor_messages__rosidl_typesupport_fastrtps_c
[0.206s] [ 42%] Built target motor_messages__rosidl_typesupport_c
[0.221s] [ 51%] Built target motor_messages__rosidl_typesupport_introspection_c
[0.278s] [ 61%] Built target motor_messages__rosidl_typesupport_introspection_cpp
[0.287s] [ 70%] Built target motor_messages__rosidl_typesupport_cpp
[0.290s] [ 79%] Built target motor_messages__rosidl_typesupport_fastrtps_cpp
[0.354s] [ 79%] Built target motor_messages
[0.419s] [ 81%] Built target motor_messages__py
[0.470s] [ 88%] Built target motor_messages__rosidl_generator_py
[0.537s] [ 92%] Built target motor_messages_s__rosidl_typesupport_fastrtps_c
[0.557s] [ 96%] Built target motor_messages_s__rosidl_typesupport_c
[0.563s] [100%] Built target motor_messages_s__rosidl_typesupport_introspection_c
[0.662s] running egg_info
[0.712s] writing motor_messages.egg-info/PKG-INFO
[0.712s] writing dependency_links to motor_messages.egg-info/dependency_links.txt
[0.712s] writing top-level names to motor_messages.egg-info/top_level.txt
[0.845s] reading manifest file 'motor_messages.egg-info/SOURCES.txt'
[0.847s] writing manifest file 'motor_messages.egg-info/SOURCES.txt'
[0.892s] [100%] Built target ament_cmake_python_build_motor_messages_egg
[0.910s] Invoked command in '/workspaces/ANUBIS/build/motor_messages' returned '0': CMAKE_PREFIX_PATH=${CMAKE_PREFIX_PATH}:/opt/ros/jazzy /usr/bin/cmake --build /workspaces/ANUBIS/build/motor_messages -- -j4 -l4
[0.926s] Invoking command in '/workspaces/ANUBIS/build/motor_messages': CMAKE_PREFIX_PATH=${CMAKE_PREFIX_PATH}:/opt/ros/jazzy /usr/bin/cmake --install /workspaces/ANUBIS/build/motor_messages
[0.944s] -- Install configuration: ""
[0.944s] -- Up-to-date: /workspaces/ANUBIS/install/motor_messages/share/ament_index/resource_index/rosidl_interfaces/motor_messages
[0.944s] -- Up-to-date: /workspaces/ANUBIS/install/motor_messages/share/motor_messages/msg/Command.json
[0.945s] -- Up-to-date: /workspaces/ANUBIS/install/motor_messages/share/motor_messages/msg/Feedback.json
[0.945s] -- Up-to-date: /workspaces/ANUBIS/install/motor_messages/share/motor_messages/msg/Health.json
[0.945s] -- Up-to-date: /workspaces/ANUBIS/install/motor_messages/include/motor_messages/motor_messages
[0.945s] -- Up-to-date: /workspaces/ANUBIS/install/motor_messages/include/motor_messages/motor_messages/msg
[0.946s] -- Up-to-date: /workspaces/ANUBIS/install/motor_messages/include/motor_messages/motor_messages/msg/feedback.h
[0.946s] -- Up-to-date: /workspaces/ANUBIS/install/motor_messages/include/motor_messages/motor_messages/msg/rosidl_generator_c__visibility_control.h
[0.946s] -- Up-to-date: /workspaces/ANUBIS/install/motor_messages/include/motor_messages/motor_messages/msg/health.h
[0.946s] -- Up-to-date: /workspaces/ANUBIS/install/motor_messages/include/motor_messages/motor_messages/msg/detail
[0.946s] -- Up-to-date: /workspaces/ANUBIS/install/motor_messages/include/motor_messages/motor_messages/msg/detail/command__struct.h
[0.947s] -- Up-to-date: /workspaces/ANUBIS/install/motor_messages/include/motor_messages/motor_messages/msg/detail/command__functions.h
[0.947s] -- Up-to-date: /workspaces/ANUBIS/install/motor_messages/include/motor_messages/motor_messages/msg/detail/health__description.c
[0.947s] -- Up-to-date: /workspaces/ANUBIS/install/motor_messages/include/motor_messages/motor_messages/msg/detail/health__functions.h
[0.947s] -- Up-to-date: /workspaces/ANUBIS/install/motor_messages/include/motor_messages/motor_messages/msg/detail/feedback__functions.c
[0.948s] -- Installing: /workspaces/ANUBIS/install/motor_messages/include/motor_messages/motor_messages/msg/detail/feedback__type_support.c
[0.948s] -- Up-to-date: /workspaces/ANUBIS/install/motor_messages/include/motor_messages/motor_messages/msg/detail/command__type_support.h
[0.948s] -- Up-to-date: /workspaces/ANUBIS/install/motor_messages/include/motor_messages/motor_messages/msg/detail/health__functions.c
[0.948s] -- Up-to-date: /workspaces/ANUBIS/install/motor_messages/include/motor_messages/motor_messages/msg/detail/feedback__type_support.h
[0.948s] -- Up-to-date: /workspaces/ANUBIS/install/motor_messages/include/motor_messages/motor_messages/msg/detail/feedback__struct.h
[0.949s] -- Up-to-date: /workspaces/ANUBIS/install/motor_messages/include/motor_messages/motor_messages/msg/detail/health__type_support.h
[0.949s] -- Installing: /workspaces/ANUBIS/install/motor_messages/include/motor_messages/motor_messages/msg/detail/command__type_support.c
[0.949s] -- Up-to-date: /workspaces/ANUBIS/install/motor_messages/include/motor_messages/motor_messages/msg/detail/command__description.c
[0.949s] -- Up-to-date: /workspaces/ANUBIS/install/motor_messages/include/motor_messages/motor_messages/msg/detail/feedback__functions.h
[0.949s] -- Up-to-date: /workspaces/ANUBIS/install/motor_messages/include/motor_messages/motor_messages/msg/detail/health__struct.h
[0.949s] -- Installing: /workspaces/ANUBIS/install/motor_messages/include/motor_messages/motor_messages/msg/detail/health__type_support.c
[0.950s] -- Up-to-date: /workspaces/ANUBIS/install/motor_messages/include/motor_messages/motor_messages/msg/detail/command__functions.c
[0.950s] -- Up-to-date: /workspaces/ANUBIS/install/motor_messages/include/motor_messages/motor_messages/msg/detail/feedback__description.c
[0.950s] -- Up-to-date: /workspaces/ANUBIS/install/motor_messages/include/motor_messages/motor_messages/msg/command.h
[0.950s] -- Up-to-date: /workspaces/ANUBIS/install/motor_messages/share/motor_messages/environment/library_path.sh
[0.951s] -- Up-to-date: /workspaces/ANUBIS/install/motor_messages/share/motor_messages/environment/library_path.dsv
[0.951s] -- Up-to-date: /workspaces/ANUBIS/install/motor_messages/lib/libmotor_messages__rosidl_generator_c.so
[0.951s] -- Up-to-date: /workspaces/ANUBIS/install/motor_messages/include/motor_messages/motor_messages
[0.951s] -- Up-to-date: /workspaces/ANUBIS/install/motor_messages/include/motor_messages/motor_messages/msg
[0.951s] -- Up-to-date: /workspaces/ANUBIS/install/motor_messages/include/motor_messages/motor_messages/msg/detail
[0.952s] -- Up-to-date: /workspaces/ANUBIS/install/motor_messages/include/motor_messages/motor_messages/msg/detail/health__rosidl_typesupport_fastrtps_c.h
[0.952s] -- Up-to-date: /workspaces/ANUBIS/install/motor_messages/include/motor_messages/motor_messages/msg/detail/feedback__rosidl_typesupport_fastrtps_c.h
[0.952s] -- Up-to-date: /workspaces/ANUBIS/install/motor_messages/include/motor_messages/motor_messages/msg/detail/command__rosidl_typesupport_fastrtps_c.h
[0.952s] -- Up-to-date: /workspaces/ANUBIS/install/motor_messages/include/motor_messages/motor_messages/msg/rosidl_typesupport_fastrtps_c__visibility_control.h
[0.952s] -- Up-to-date: /workspaces/ANUBIS/install/motor_messages/lib/libmotor_messages__rosidl_typesupport_fastrtps_c.so
[0.952s] -- Up-to-date: /workspaces/ANUBIS/install/motor_messages/include/motor_messages/motor_messages
[0.953s] -- Up-to-date: /workspaces/ANUBIS/install/motor_messages/include/motor_messages/motor_messages/msg
[0.953s] -- Up-to-date: /workspaces/ANUBIS/install/motor_messages/include/motor_messages/motor_messages/msg/command.hpp
[0.953s] -- Up-to-date: /workspaces/ANUBIS/install/motor_messages/include/motor_messages/motor_messages/msg/feedback.hpp
[0.953s] -- Up-to-date: /workspaces/ANUBIS/install/motor_messages/include/motor_messages/motor_messages/msg/detail
[0.953s] -- Up-to-date: /workspaces/ANUBIS/install/motor_messages/include/motor_messages/motor_messages/msg/detail/command__builder.hpp
[0.954s] -- Up-to-date: /workspaces/ANUBIS/install/motor_messages/include/motor_messages/motor_messages/msg/detail/health__traits.hpp
[0.954s] -- Up-to-date: /workspaces/ANUBIS/install/motor_messages/include/motor_messages/motor_messages/msg/detail/health__type_support.hpp
[0.954s] -- Up-to-date: /workspaces/ANUBIS/install/motor_messages/include/motor_messages/motor_messages/msg/detail/command__traits.hpp
[0.954s] -- Up-to-date: /workspaces/ANUBIS/install/motor_messages/include/motor_messages/motor_messages/msg/detail/feedback__traits.hpp
[0.955s] -- Up-to-date: /workspaces/ANUBIS/install/motor_messages/include/motor_messages/motor_messages/msg/detail/health__struct.hpp
[0.955s] -- Up-to-date: /workspaces/ANUBIS/install/motor_messages/include/motor_messages/motor_messages/msg/detail/command__type_support.hpp
[0.955s] -- Up-to-date: /workspaces/ANUBIS/install/motor_messages/include/motor_messages/motor_messages/msg/detail/feedback__type_support.hpp
[0.955s] -- Up-to-date: /workspaces/ANUBIS/install/motor_messages/include/motor_messages/motor_messages/msg/detail/health__builder.hpp
[0.956s] -- Up-to-date: /workspaces/ANUBIS/install/motor_messages/include/motor_messages/motor_messages/msg/detail/feedback__builder.hpp
[0.956s] -- Up-to-date: /workspaces/ANUBIS/install/motor_messages/include/motor_messages/motor_messages/msg/detail/feedback__struct.hpp
[0.956s] -- Up-to-date: /workspaces/ANUBIS/install/motor_messages/include/motor_messages/motor_messages/msg/detail/command__struct.hpp
[0.956s] -- Up-to-date: /workspaces/ANUBIS/install/motor_messages/include/motor_messages/motor_messages/msg/rosidl_generator_cpp__visibility_control.hpp
[0.957s] -- Up-to-date: /workspaces/ANUBIS/install/motor_messages/include/motor_messages/motor_messages/msg/health.hpp
[0.957s] -- Up-to-date: /workspaces/ANUBIS/install/motor_messages/include/motor_messages/motor_messages
[0.957s] -- Up-to-date: /workspaces/ANUBIS/install/motor_messages/include/motor_messages/motor_messages/msg
[0.957s] -- Up-to-date: /workspaces/ANUBIS/install/motor_messages/include/motor_messages/motor_messages/msg/detail
[0.957s] -- Up-to-date: /workspaces/ANUBIS/install/motor_messages/include/motor_messages/motor_messages/msg/detail/dds_fastrtps
[0.957s] -- Up-to-date: /workspaces/ANUBIS/install/motor_messages/include/motor_messages/motor_messages/msg/detail/command__rosidl_typesupport_fastrtps_cpp.hpp
[0.957s] -- Up-to-date: /workspaces/ANUBIS/install/motor_messages/include/motor_messages/motor_messages/msg/detail/feedback__rosidl_typesupport_fastrtps_cpp.hpp
[0.957s] -- Up-to-date: /workspaces/ANUBIS/install/motor_messages/include/motor_messages/motor_messages/msg/detail/health__rosidl_typesupport_fastrtps_cpp.hpp
[0.957s] -- Up-to-date: /workspaces/ANUBIS/install/motor_messages/include/motor_messages/motor_messages/msg/rosidl_typesupport_fastrtps_cpp__visibility_control.h
[0.958s] -- Up-to-date: /workspaces/ANUBIS/install/motor_messages/lib/libmotor_messages__rosidl_typesupport_fastrtps_cpp.so
[0.958s] -- Up-to-date: /workspaces/ANUBIS/install/motor_messages/include/motor_messages/motor_messages
[0.958s] -- Up-to-date: /workspaces/ANUBIS/install/motor_messages/include/motor_messages/motor_messages/msg
[0.958s] -- Up-to-date: /workspaces/ANUBIS/install/motor_messages/include/motor_messages/motor_messages/msg/rosidl_typesupport_introspection_c__visibility_control.h
[0.958s] -- Up-to-date: /workspaces/ANUBIS/install/motor_messages/include/motor_messages/motor_messages/msg/detail
[0.958s] -- Installing: /workspaces/ANUBIS/install/motor_messages/include/motor_messages/motor_messages/msg/detail/feedback__type_support.c
[0.958s] -- Up-to-date: /workspaces/ANUBIS/install/motor_messages/include/motor_messages/motor_messages/msg/detail/feedback__rosidl_typesupport_introspection_c.h
[0.958s] -- Up-to-date: /workspaces/ANUBIS/install/motor_messages/include/motor_messages/motor_messages/msg/detail/health__rosidl_typesupport_introspection_c.h
[0.958s] -- Up-to-date: /workspaces/ANUBIS/install/motor_messages/include/motor_messages/motor_messages/msg/detail/command__rosidl_typesupport_introspection_c.h
[0.958s] -- Installing: /workspaces/ANUBIS/install/motor_messages/include/motor_messages/motor_messages/msg/detail/command__type_support.c
[0.958s] -- Installing: /workspaces/ANUBIS/install/motor_messages/include/motor_messages/motor_messages/msg/detail/health__type_support.c
[0.959s] -- Up-to-date: /workspaces/ANUBIS/install/motor_messages/lib/libmotor_messages__rosidl_typesupport_introspection_c.so
[0.959s] -- Up-to-date: /workspaces/ANUBIS/install/motor_messages/lib/libmotor_messages__rosidl_typesupport_c.so
[0.959s] -- Up-to-date: /workspaces/ANUBIS/install/motor_messages/include/motor_messages/motor_messages
[0.959s] -- Up-to-date: /workspaces/ANUBIS/install/motor_messages/include/motor_messages/motor_messages/msg
[0.959s] -- Up-to-date: /workspaces/ANUBIS/install/motor_messages/include/motor_messages/motor_messages/msg/detail
[0.959s] -- Up-to-date: /workspaces/ANUBIS/install/motor_messages/include/motor_messages/motor_messages/msg/detail/feedback__rosidl_typesupport_introspection_cpp.hpp
[0.960s] -- Up-to-date: /workspaces/ANUBIS/install/motor_messages/include/motor_messages/motor_messages/msg/detail/feedback__type_support.cpp
[0.960s] -- Up-to-date: /workspaces/ANUBIS/install/motor_messages/include/motor_messages/motor_messages/msg/detail/command__type_support.cpp
[0.961s] -- Up-to-date: /workspaces/ANUBIS/install/motor_messages/include/motor_messages/motor_messages/msg/detail/command__rosidl_typesupport_introspection_cpp.hpp
[0.961s] -- Up-to-date: /workspaces/ANUBIS/install/motor_messages/include/motor_messages/motor_messages/msg/detail/health__rosidl_typesupport_introspection_cpp.hpp
[0.961s] -- Up-to-date: /workspaces/ANUBIS/install/motor_messages/include/motor_messages/motor_messages/msg/detail/health__type_support.cpp
[0.961s] -- Up-to-date: /workspaces/ANUBIS/install/motor_messages/lib/libmotor_messages__rosidl_typesupport_introspection_cpp.so
[0.961s] -- Up-to-date: /workspaces/ANUBIS/install/motor_messages/lib/libmotor_messages__rosidl_typesupport_cpp.so
[0.961s] -- Up-to-date: /workspaces/ANUBIS/install/motor_messages/share/motor_messages/environment/pythonpath.sh
[0.962s] -- Up-to-date: /workspaces/ANUBIS/install/motor_messages/share/motor_messages/environment/pythonpath.dsv
[0.962s] -- Up-to-date: /workspaces/ANUBIS/install/motor_messages/lib/python3.12/site-packages/motor_messages-0.0.0-py3.12.egg-info
[0.962s] -- Installing: /workspaces/ANUBIS/install/motor_messages/lib/python3.12/site-packages/motor_messages-0.0.0-py3.12.egg-info/top_level.txt
[0.962s] -- Installing: /workspaces/ANUBIS/install/motor_messages/lib/python3.12/site-packages/motor_messages-0.0.0-py3.12.egg-info/dependency_links.txt
[0.962s] -- Installing: /workspaces/ANUBIS/install/motor_messages/lib/python3.12/site-packages/motor_messages-0.0.0-py3.12.egg-info/SOURCES.txt
[0.962s] -- Installing: /workspaces/ANUBIS/install/motor_messages/lib/python3.12/site-packages/motor_messages-0.0.0-py3.12.egg-info/PKG-INFO
[0.962s] -- Up-to-date: /workspaces/ANUBIS/install/motor_messages/lib/python3.12/site-packages/motor_messages
[0.962s] -- Up-to-date: /workspaces/ANUBIS/install/motor_messages/lib/python3.12/site-packages/motor_messages/motor_messages_s__rosidl_typesupport_c.so
[0.962s] -- Up-to-date: /workspaces/ANUBIS/install/motor_messages/lib/python3.12/site-packages/motor_messages/__init__.py
[0.962s] -- Up-to-date: /workspaces/ANUBIS/install/motor_messages/lib/python3.12/site-packages/motor_messages/_motor_messages_s.ep.rosidl_typesupport_introspection_c.c
[0.963s] -- Up-to-date: /workspaces/ANUBIS/install/motor_messages/lib/python3.12/site-packages/motor_messages/_motor_messages_s.ep.rosidl_typesupport_fastrtps_c.c
[0.963s] -- Up-to-date: /workspaces/ANUBIS/install/motor_messages/lib/python3.12/site-packages/motor_messages/motor_messages_s__rosidl_typesupport_introspection_c.so
[0.963s] -- Up-to-date: /workspaces/ANUBIS/install/motor_messages/lib/python3.12/site-packages/motor_messages/msg
[0.963s] -- Up-to-date: /workspaces/ANUBIS/install/motor_messages/lib/python3.12/site-packages/motor_messages/msg/_command_s.c
[0.963s] -- Up-to-date: /workspaces/ANUBIS/install/motor_messages/lib/python3.12/site-packages/motor_messages/msg/__init__.py
[0.963s] -- Up-to-date: /workspaces/ANUBIS/install/motor_messages/lib/python3.12/site-packages/motor_messages/msg/_feedback_s.c
[0.964s] -- Up-to-date: /workspaces/ANUBIS/install/motor_messages/lib/python3.12/site-packages/motor_messages/msg/_command.py
[0.964s] -- Up-to-date: /workspaces/ANUBIS/install/motor_messages/lib/python3.12/site-packages/motor_messages/msg/_health.py
[0.964s] -- Up-to-date: /workspaces/ANUBIS/install/motor_messages/lib/python3.12/site-packages/motor_messages/msg/_health_s.c
[0.964s] -- Up-to-date: /workspaces/ANUBIS/install/motor_messages/lib/python3.12/site-packages/motor_messages/msg/_feedback.py
[0.964s] -- Up-to-date: /workspaces/ANUBIS/install/motor_messages/lib/python3.12/site-packages/motor_messages/motor_messages_s__rosidl_typesupport_fastrtps_c.so
[0.964s] -- Up-to-date: /workspaces/ANUBIS/install/motor_messages/lib/python3.12/site-packages/motor_messages/_motor_messages_s.ep.rosidl_typesupport_c.c
[1.016s] Listing '/workspaces/ANUBIS/install/motor_messages/lib/python3.12/site-packages/motor_messages'...
[1.016s] Listing '/workspaces/ANUBIS/install/motor_messages/lib/python3.12/site-packages/motor_messages/msg'...
[1.029s] -- Up-to-date: /workspaces/ANUBIS/install/motor_messages/lib/python3.12/site-packages/motor_messages/motor_messages_s__rosidl_typesupport_fastrtps_c.so
[1.029s] -- Up-to-date: /workspaces/ANUBIS/install/motor_messages/lib/python3.12/site-packages/motor_messages/motor_messages_s__rosidl_typesupport_introspection_c.so
[1.030s] -- Up-to-date: /workspaces/ANUBIS/install/motor_messages/lib/python3.12/site-packages/motor_messages/motor_messages_s__rosidl_typesupport_c.so
[1.030s] -- Up-to-date: /workspaces/ANUBIS/install/motor_messages/lib/libmotor_messages__rosidl_generator_py.so
[1.031s] -- Up-to-date: /workspaces/ANUBIS/install/motor_messages/share/motor_messages/msg/Command.idl
[1.031s] -- Up-to-date: /workspaces/ANUBIS/install/motor_messages/share/motor_messages/msg/Feedback.idl
[1.031s] -- Up-to-date: /workspaces/ANUBIS/install/motor_messages/share/motor_messages/msg/Health.idl
[1.031s] -- Up-to-date: /workspaces/ANUBIS/install/motor_messages/share/motor_messages/msg/Command.msg
[1.032s] -- Up-to-date: /workspaces/ANUBIS/install/motor_messages/share/motor_messages/msg/Feedback.msg
[1.034s] -- Up-to-date: /workspaces/ANUBIS/install/motor_messages/share/motor_messages/msg/Health.msg
[1.034s] -- Up-to-date: /workspaces/ANUBIS/install/motor_messages/share/ament_index/resource_index/package_run_dependencies/motor_messages
[1.034s] -- Up-to-date: /workspaces/ANUBIS/install/motor_messages/share/ament_index/resource_index/parent_prefix_path/motor_messages
[1.035s] -- Up-to-date: /workspaces/ANUBIS/install/motor_messages/share/motor_messages/environment/ament_prefix_path.sh
[1.036s] -- Up-to-date: /workspaces/ANUBIS/install/motor_messages/share/motor_messages/environment/ament_prefix_path.dsv
[1.036s] -- Up-to-date: /workspaces/ANUBIS/install/motor_messages/share/motor_messages/environment/path.sh
[1.036s] -- Up-to-date: /workspaces/ANUBIS/install/motor_messages/share/motor_messages/environment/path.dsv
[1.036s] -- Up-to-date: /workspaces/ANUBIS/install/motor_messages/share/motor_messages/local_setup.bash
[1.038s] -- Up-to-date: /workspaces/ANUBIS/install/motor_messages/share/motor_messages/local_setup.sh
[1.039s] -- Up-to-date: /workspaces/ANUBIS/install/motor_messages/share/motor_messages/local_setup.zsh
[1.039s] -- Up-to-date: /workspaces/ANUBIS/install/motor_messages/share/motor_messages/local_setup.dsv
[1.039s] -- Installing: /workspaces/ANUBIS/install/motor_messages/share/motor_messages/package.dsv
[1.039s] -- Up-to-date: /workspaces/ANUBIS/install/motor_messages/share/ament_index/resource_index/packages/motor_messages
[1.040s] -- Up-to-date: /workspaces/ANUBIS/install/motor_messages/share/motor_messages/cmake/export_motor_messages__rosidl_generator_cExport.cmake
[1.040s] -- Up-to-date: /workspaces/ANUBIS/install/motor_messages/share/motor_messages/cmake/export_motor_messages__rosidl_generator_cExport-noconfig.cmake
[1.040s] -- Up-to-date: /workspaces/ANUBIS/install/motor_messages/share/motor_messages/cmake/export_motor_messages__rosidl_typesupport_fastrtps_cExport.cmake
[1.041s] -- Up-to-date: /workspaces/ANUBIS/install/motor_messages/share/motor_messages/cmake/export_motor_messages__rosidl_typesupport_fastrtps_cExport-noconfig.cmake
[1.041s] -- Up-to-date: /workspaces/ANUBIS/install/motor_messages/share/motor_messages/cmake/export_motor_messages__rosidl_generator_cppExport.cmake
[1.041s] -- Up-to-date: /workspaces/ANUBIS/install/motor_messages/share/motor_messages/cmake/export_motor_messages__rosidl_typesupport_fastrtps_cppExport.cmake
[1.042s] -- Up-to-date: /workspaces/ANUBIS/install/motor_messages/share/motor_messages/cmake/export_motor_messages__rosidl_typesupport_fastrtps_cppExport-noconfig.cmake
[1.042s] -- Up-to-date: /workspaces/ANUBIS/install/motor_messages/share/motor_messages/cmake/motor_messages__rosidl_typesupport_introspection_cExport.cmake
[1.042s] -- Up-to-date: /workspaces/ANUBIS/install/motor_messages/share/motor_messages/cmake/motor_messages__rosidl_typesupport_introspection_cExport-noconfig.cmake
[1.042s] -- Up-to-date: /workspaces/ANUBIS/install/motor_messages/share/motor_messages/cmake/motor_messages__rosidl_typesupport_cExport.cmake
[1.042s] -- Up-to-date: /workspaces/ANUBIS/install/motor_messages/share/motor_messages/cmake/motor_messages__rosidl_typesupport_cExport-noconfig.cmake
[1.042s] -- Up-to-date: /workspaces/ANUBIS/install/motor_messages/share/motor_messages/cmake/motor_messages__rosidl_typesupport_introspection_cppExport.cmake
[1.043s] -- Up-to-date: /workspaces/ANUBIS/install/motor_messages/share/motor_messages/cmake/motor_messages__rosidl_typesupport_introspection_cppExport-noconfig.cmake
[1.043s] -- Up-to-date: /workspaces/ANUBIS/install/motor_messages/share/motor_messages/cmake/motor_messages__rosidl_typesupport_cppExport.cmake
[1.043s] -- Up-to-date: /workspaces/ANUBIS/install/motor_messages/share/motor_messages/cmake/motor_messages__rosidl_typesupport_cppExport-noconfig.cmake
[1.043s] -- Up-to-date: /workspaces/ANUBIS/install/motor_messages/share/motor_messages/cmake/export_motor_messages__rosidl_generator_pyExport.cmake
[1.043s] -- Up-to-date: /workspaces/ANUBIS/install/motor_messages/share/motor_messages/cmake/export_motor_messages__rosidl_generator_pyExport-noconfig.cmake
[1.043s] -- Up-to-date: /workspaces/ANUBIS/install/motor_messages/share/motor_messages/cmake/rosidl_cmake-extras.cmake
[1.044s] -- Up-to-date: /workspaces/ANUBIS/install/motor_messages/share/motor_messages/cmake/ament_cmake_export_dependencies-extras.cmake
[1.044s] -- Up-to-date: /workspaces/ANUBIS/install/motor_messages/share/motor_messages/cmake/ament_cmake_export_include_directories-extras.cmake
[1.044s] -- Up-to-date: /workspaces/ANUBIS/install/motor_messages/share/motor_messages/cmake/ament_cmake_export_libraries-extras.cmake
[1.044s] -- Up-to-date: /workspaces/ANUBIS/install/motor_messages/share/motor_messages/cmake/ament_cmake_export_targets-extras.cmake
[1.044s] -- Up-to-date: /workspaces/ANUBIS/install/motor_messages/share/motor_messages/cmake/rosidl_cmake_export_typesupport_targets-extras.cmake
[1.044s] -- Up-to-date: /workspaces/ANUBIS/install/motor_messages/share/motor_messages/cmake/rosidl_cmake_export_typesupport_libraries-extras.cmake
[1.045s] -- Up-to-date: /workspaces/ANUBIS/install/motor_messages/share/motor_messages/cmake/motor_messagesConfig.cmake
[1.045s] -- Up-to-date: /workspaces/ANUBIS/install/motor_messages/share/motor_messages/cmake/motor_messagesConfig-version.cmake
[1.045s] -- Up-to-date: /workspaces/ANUBIS/install/motor_messages/share/motor_messages/package.xml
[1.046s] Invoked command in '/workspaces/ANUBIS/build/motor_messages' returned '0': CMAKE_PREFIX_PATH=${CMAKE_PREFIX_PATH}:/opt/ros/jazzy /usr/bin/cmake --install /workspaces/ANUBIS/build/motor_messages
