/usr/bin/ld: CMakeFiles/sparkmax_control_node.dir/src/sparkmax_controller_executable.cpp.o: in function `std::__detail::_MakeUniq<SparkMax>::__single_object std::make_unique<SparkMax, std::__cxx11::basic_string<char, std::char_traits<char>, std::allocator<char> >&, unsigned char>(std::__cxx11::basic_string<char, std::char_traits<char>, std::allocator<char> >&, unsigned char&&)':
sparkmax_controller_executable.cpp:(.text._ZSt11make_uniqueI8SparkMaxJRNSt7__cxx1112basic_stringIcSt11char_traitsIcESaIcEEEhEENSt8__detail9_MakeUniqIT_E15__single_objectEDpOT0_[_ZSt11make_uniqueI8SparkMaxJRNSt7__cxx1112basic_stringIcSt11char_traitsIcESaIcEEEhEENSt8__detail9_MakeUniqIT_E15__single_objectEDpOT0_]+0x57): undefined reference to `SparkMax::SparkMax(std::__cxx11::basic_string<char, std::char_traits<char>, std::allocator<char> > const&, unsigned char)'
/usr/bin/ld: CMakeFiles/sparkmax_control_node.dir/src/sparkmax_controller.cpp.o: in function `SparkMaxController::control_callback(std::shared_ptr<motor_messages::msg::Command_<std::allocator<void> > >)':
sparkmax_controller.cpp:(.text+0x2b0): undefined reference to `SparkBase::SetDutyCycle(float)'
/usr/bin/ld: sparkmax_controller.cpp:(.text+0x6e4): undefined reference to `SparkBase::SetVelocity(float)'
/usr/bin/ld: sparkmax_controller.cpp:(.text+0xb1a): undefined reference to `SparkBase::SetPosition(float)'
/usr/bin/ld: sparkmax_controller.cpp:(.text+0xf50): undefined reference to `SparkBase::SetCurrent(float)'
/usr/bin/ld: sparkmax_controller.cpp:(.text+0x1323): undefined reference to `SparkBase::SetDutyCycle(float)'
/usr/bin/ld: CMakeFiles/sparkmax_control_node.dir/src/sparkmax_controller.cpp.o: in function `SparkMaxController::publish_status()':
sparkmax_controller.cpp:(.text+0x1992): undefined reference to `SparkBase::GetVelocity() const'
/usr/bin/ld: sparkmax_controller.cpp:(.text+0x19b9): undefined reference to `SparkBase::GetCurrent() const'
/usr/bin/ld: sparkmax_controller.cpp:(.text+0x19e0): undefined reference to `SparkBase::GetPosition() const'
/usr/bin/ld: CMakeFiles/sparkmax_control_node.dir/src/sparkmax_controller.cpp.o: in function `SparkMaxController::publish_health()':
sparkmax_controller.cpp:(.text+0x1d36): undefined reference to `SparkBase::GetCurrent() const'
/usr/bin/ld: sparkmax_controller.cpp:(.text+0x1d5d): undefined reference to `SparkBase::GetTemperature() const'
/usr/bin/ld: sparkmax_controller.cpp:(.text+0x1d84): undefined reference to `SparkBase::GetVoltage() const'
collect2: error: ld returned 1 exit status
gmake[2]: *** [CMakeFiles/sparkmax_control_node.dir/build.make:205: sparkmax_control_node] Error 1
gmake[1]: *** [CMakeFiles/Makefile2:165: CMakeFiles/sparkmax_control_node.dir/all] Error 2
gmake: *** [Makefile:146: all] Error 2
