-- The C compiler identification is GNU 13.3.0
-- The CXX compiler identification is GNU 13.3.0
-- Detecting C compiler ABI info
-- Detecting C compiler ABI info - done
-- Check for working C compiler: /usr/bin/cc - skipped
-- Detecting C compile features
-- Detecting C compile features - done
-- Detecting CXX compiler ABI info
-- Detecting CXX compiler ABI info - done
-- Check for working CXX compiler: /usr/bin/c++ - skipped
-- Detecting CXX compile features
-- Detecting CXX compile features - done
-- Found ament_cmake: 2.5.4 (/opt/ros/jazzy/share/ament_cmake/cmake)
-- Found Python3: /usr/bin/python3 (found version "3.12.3") found components: Interpreter 
-- Found std_msgs: 5.3.6 (/opt/ros/jazzy/share/std_msgs/cmake)
-- Found rosidl_generator_c: 4.6.6 (/opt/ros/jazzy/share/rosidl_generator_c/cmake)
-- Found rosidl_generator_cpp: 4.6.6 (/opt/ros/jazzy/share/rosidl_generator_cpp/cmake)
-- Using all available rosidl_typesupport_c: rosidl_typesupport_fastrtps_c;rosidl_typesupport_introspection_c
-- Using all available rosidl_typesupport_cpp: rosidl_typesupport_fastrtps_cpp;rosidl_typesupport_introspection_cpp
-- Found rosidl_default_generators: 1.6.0 (/opt/ros/jazzy/share/rosidl_default_generators/cmake)
-- Found rosidl_adapter: 4.6.6 (/opt/ros/jazzy/share/rosidl_adapter/cmake)
-- Found ament_cmake_ros: 0.12.0 (/opt/ros/jazzy/share/ament_cmake_ros/cmake)
-- Using all available rosidl_typesupport_c: rosidl_typesupport_fastrtps_c;rosidl_typesupport_introspection_c
-- Using all available rosidl_typesupport_cpp: rosidl_typesupport_fastrtps_cpp;rosidl_typesupport_introspection_cpp
-- Found python_cmake_module: 0.11.1 (/opt/ros/jazzy/share/python_cmake_module/cmake)
-- Found PythonExtra: /usr/bin/python3  
-- Found Python3: /usr/bin/python3 (found version "3.12.3") found components: Interpreter Development NumPy Development.Module Development.Embed 
-- Found ament_lint_auto: 0.17.3 (/opt/ros/jazzy/share/ament_lint_auto/cmake)
-- Added test 'lint_cmake' to check CMake code style
-- Added test 'xmllint' to check XML markup files
-- Configuring done (4.8s)
-- Generating done (0.1s)
-- Build files have been written to: /workspaces/ANUBIS/build/motor_messages
[  1%] [34m[1mGenerating type hashes for ROS interfaces[0m
[  1%] Built target ament_cmake_python_copy_motor_messages
running egg_info
creating motor_messages.egg-info
writing motor_messages.egg-info/PKG-INFO
writing dependency_links to motor_messages.egg-info/dependency_links.txt
writing top-level names to motor_messages.egg-info/top_level.txt
writing manifest file 'motor_messages.egg-info/SOURCES.txt'
[  1%] Built target motor_messages__rosidl_generator_type_description
[  3%] [34m[1mGenerating C code for ROS interfaces[0m
[  5%] [34m[1mGenerating C++ code for ROS interfaces[0m
reading manifest file 'motor_messages.egg-info/SOURCES.txt'
writing manifest file 'motor_messages.egg-info/SOURCES.txt'
[  5%] Built target ament_cmake_python_build_motor_messages_egg
[  5%] Built target motor_messages__cpp
[ 11%] [32mBuilding C object CMakeFiles/motor_messages__rosidl_generator_c.dir/rosidl_generator_c/motor_messages/msg/detail/command__functions.c.o[0m
[ 11%] [32mBuilding C object CMakeFiles/motor_messages__rosidl_generator_c.dir/rosidl_generator_c/motor_messages/msg/detail/command__type_support.c.o[0m
[ 12%] [32mBuilding C object CMakeFiles/motor_messages__rosidl_generator_c.dir/rosidl_generator_c/motor_messages/msg/detail/feedback__description.c.o[0m
[ 12%] [32mBuilding C object CMakeFiles/motor_messages__rosidl_generator_c.dir/rosidl_generator_c/motor_messages/msg/detail/command__description.c.o[0m
[ 14%] [32mBuilding C object CMakeFiles/motor_messages__rosidl_generator_c.dir/rosidl_generator_c/motor_messages/msg/detail/feedback__functions.c.o[0m
[ 16%] [32mBuilding C object CMakeFiles/motor_messages__rosidl_generator_c.dir/rosidl_generator_c/motor_messages/msg/detail/feedback__type_support.c.o[0m
[ 18%] [32mBuilding C object CMakeFiles/motor_messages__rosidl_generator_c.dir/rosidl_generator_c/motor_messages/msg/detail/health__description.c.o[0m
[ 20%] [32mBuilding C object CMakeFiles/motor_messages__rosidl_generator_c.dir/rosidl_generator_c/motor_messages/msg/detail/health__functions.c.o[0m
[ 22%] [32mBuilding C object CMakeFiles/motor_messages__rosidl_generator_c.dir/rosidl_generator_c/motor_messages/msg/detail/health__type_support.c.o[0m
[ 24%] [32m[1mLinking C shared library libmotor_messages__rosidl_generator_c.so[0m
[ 24%] Built target motor_messages__rosidl_generator_c
[ 25%] [34m[1mGenerating C type support for eProsima Fast-RTPS[0m
[ 27%] [34m[1mGenerating C++ type support for eProsima Fast-RTPS[0m
[ 29%] [34m[1mGenerating C introspection for ROS interfaces[0m
[ 31%] [34m[1mGenerating C type support dispatch for ROS interfaces[0m
[ 33%] [32mBuilding CXX object CMakeFiles/motor_messages__rosidl_typesupport_c.dir/rosidl_typesupport_c/motor_messages/msg/command__type_support.cpp.o[0m
[ 35%] [32mBuilding CXX object CMakeFiles/motor_messages__rosidl_typesupport_c.dir/rosidl_typesupport_c/motor_messages/msg/feedback__type_support.cpp.o[0m
[ 37%] [32mBuilding CXX object CMakeFiles/motor_messages__rosidl_typesupport_c.dir/rosidl_typesupport_c/motor_messages/msg/health__type_support.cpp.o[0m
[ 38%] [32mBuilding C object CMakeFiles/motor_messages__rosidl_typesupport_introspection_c.dir/rosidl_typesupport_introspection_c/motor_messages/msg/detail/command__type_support.c.o[0m
[ 40%] [32mBuilding CXX object CMakeFiles/motor_messages__rosidl_typesupport_fastrtps_cpp.dir/rosidl_typesupport_fastrtps_cpp/motor_messages/msg/detail/dds_fastrtps/command__type_support.cpp.o[0m
[ 42%] [32mBuilding C object CMakeFiles/motor_messages__rosidl_typesupport_introspection_c.dir/rosidl_typesupport_introspection_c/motor_messages/msg/detail/feedback__type_support.c.o[0m
[ 44%] [32m[1mLinking CXX shared library libmotor_messages__rosidl_typesupport_c.so[0m
[ 46%] [32mBuilding C object CMakeFiles/motor_messages__rosidl_typesupport_introspection_c.dir/rosidl_typesupport_introspection_c/motor_messages/msg/detail/health__type_support.c.o[0m
[ 46%] Built target motor_messages__rosidl_typesupport_c
[ 48%] [34m[1mGenerating C++ introspection for ROS interfaces[0m
[ 50%] [32mBuilding CXX object CMakeFiles/motor_messages__rosidl_typesupport_fastrtps_c.dir/rosidl_typesupport_fastrtps_c/motor_messages/msg/detail/command__type_support_c.cpp.o[0m
[ 51%] [32m[1mLinking C shared library libmotor_messages__rosidl_typesupport_introspection_c.so[0m
[ 51%] Built target motor_messages__rosidl_typesupport_introspection_c
[ 53%] [32mBuilding CXX object CMakeFiles/motor_messages__rosidl_typesupport_fastrtps_cpp.dir/rosidl_typesupport_fastrtps_cpp/motor_messages/msg/detail/dds_fastrtps/feedback__type_support.cpp.o[0m
[ 55%] [32mBuilding CXX object CMakeFiles/motor_messages__rosidl_typesupport_introspection_cpp.dir/rosidl_typesupport_introspection_cpp/motor_messages/msg/detail/command__type_support.cpp.o[0m
[ 57%] [32mBuilding CXX object CMakeFiles/motor_messages__rosidl_typesupport_fastrtps_c.dir/rosidl_typesupport_fastrtps_c/motor_messages/msg/detail/feedback__type_support_c.cpp.o[0m
[ 59%] [32mBuilding CXX object CMakeFiles/motor_messages__rosidl_typesupport_fastrtps_c.dir/rosidl_typesupport_fastrtps_c/motor_messages/msg/detail/health__type_support_c.cpp.o[0m
[ 61%] [32mBuilding CXX object CMakeFiles/motor_messages__rosidl_typesupport_fastrtps_cpp.dir/rosidl_typesupport_fastrtps_cpp/motor_messages/msg/detail/dds_fastrtps/health__type_support.cpp.o[0m
[ 62%] [32mBuilding CXX object CMakeFiles/motor_messages__rosidl_typesupport_introspection_cpp.dir/rosidl_typesupport_introspection_cpp/motor_messages/msg/detail/feedback__type_support.cpp.o[0m
[ 64%] [34m[1mGenerating C++ type support dispatch for ROS interfaces[0m
[ 66%] [32m[1mLinking CXX shared library libmotor_messages__rosidl_typesupport_fastrtps_c.so[0m
[ 68%] [32mBuilding CXX object CMakeFiles/motor_messages__rosidl_typesupport_introspection_cpp.dir/rosidl_typesupport_introspection_cpp/motor_messages/msg/detail/health__type_support.cpp.o[0m
[ 68%] Built target motor_messages__rosidl_typesupport_fastrtps_c
[ 70%] [32m[1mLinking CXX shared library libmotor_messages__rosidl_typesupport_fastrtps_cpp.so[0m
[ 72%] [32mBuilding CXX object CMakeFiles/motor_messages__rosidl_typesupport_cpp.dir/rosidl_typesupport_cpp/motor_messages/msg/command__type_support.cpp.o[0m
[ 74%] [32mBuilding CXX object CMakeFiles/motor_messages__rosidl_typesupport_cpp.dir/rosidl_typesupport_cpp/motor_messages/msg/feedback__type_support.cpp.o[0m
[ 74%] Built target motor_messages__rosidl_typesupport_fastrtps_cpp
[ 75%] [32mBuilding CXX object CMakeFiles/motor_messages__rosidl_typesupport_cpp.dir/rosidl_typesupport_cpp/motor_messages/msg/health__type_support.cpp.o[0m
[ 77%] [32m[1mLinking CXX shared library libmotor_messages__rosidl_typesupport_introspection_cpp.so[0m
[ 77%] Built target motor_messages__rosidl_typesupport_introspection_cpp
[ 79%] [32m[1mLinking CXX shared library libmotor_messages__rosidl_typesupport_cpp.so[0m
[ 79%] Built target motor_messages__rosidl_typesupport_cpp
[ 79%] Built target motor_messages
[ 81%] [34m[1mGenerating Python code for ROS interfaces[0m
[ 81%] Built target motor_messages__py
[ 83%] [32mBuilding C object CMakeFiles/motor_messages__rosidl_generator_py.dir/rosidl_generator_py/motor_messages/msg/_command_s.c.o[0m
[ 85%] [32mBuilding C object CMakeFiles/motor_messages__rosidl_generator_py.dir/rosidl_generator_py/motor_messages/msg/_health_s.c.o[0m
[ 87%] [32mBuilding C object CMakeFiles/motor_messages__rosidl_generator_py.dir/rosidl_generator_py/motor_messages/msg/_feedback_s.c.o[0m
[ 88%] [32m[1mLinking C shared library libmotor_messages__rosidl_generator_py.so[0m
[ 88%] Built target motor_messages__rosidl_generator_py
[ 90%] [32mBuilding C object CMakeFiles/motor_messages_s__rosidl_typesupport_c.dir/rosidl_generator_py/motor_messages/_motor_messages_s.ep.rosidl_typesupport_c.c.o[0m
[ 92%] [32mBuilding C object CMakeFiles/motor_messages_s__rosidl_typesupport_fastrtps_c.dir/rosidl_generator_py/motor_messages/_motor_messages_s.ep.rosidl_typesupport_fastrtps_c.c.o[0m
[ 94%] [32mBuilding C object CMakeFiles/motor_messages_s__rosidl_typesupport_introspection_c.dir/rosidl_generator_py/motor_messages/_motor_messages_s.ep.rosidl_typesupport_introspection_c.c.o[0m
[ 96%] [32m[1mLinking C shared module rosidl_generator_py/motor_messages/motor_messages_s__rosidl_typesupport_fastrtps_c.so[0m
[ 98%] [32m[1mLinking C shared module rosidl_generator_py/motor_messages/motor_messages_s__rosidl_typesupport_introspection_c.so[0m
[100%] [32m[1mLinking C shared module rosidl_generator_py/motor_messages/motor_messages_s__rosidl_typesupport_c.so[0m
[100%] Built target motor_messages_s__rosidl_typesupport_fastrtps_c
[100%] Built target motor_messages_s__rosidl_typesupport_introspection_c
[100%] Built target motor_messages_s__rosidl_typesupport_c
-- Install configuration: ""
-- Installing: /workspaces/ANUBIS/install/motor_messages/share/ament_index/resource_index/rosidl_interfaces/motor_messages
-- Installing: /workspaces/ANUBIS/install/motor_messages/share/motor_messages/msg/Command.json
-- Installing: /workspaces/ANUBIS/install/motor_messages/share/motor_messages/msg/Feedback.json
-- Installing: /workspaces/ANUBIS/install/motor_messages/share/motor_messages/msg/Health.json
-- Up-to-date: /workspaces/ANUBIS/install/motor_messages/include/motor_messages/motor_messages
-- Up-to-date: /workspaces/ANUBIS/install/motor_messages/include/motor_messages/motor_messages/msg
-- Installing: /workspaces/ANUBIS/install/motor_messages/include/motor_messages/motor_messages/msg/feedback.h
-- Installing: /workspaces/ANUBIS/install/motor_messages/include/motor_messages/motor_messages/msg/rosidl_generator_c__visibility_control.h
-- Installing: /workspaces/ANUBIS/install/motor_messages/include/motor_messages/motor_messages/msg/health.h
-- Up-to-date: /workspaces/ANUBIS/install/motor_messages/include/motor_messages/motor_messages/msg/detail
-- Installing: /workspaces/ANUBIS/install/motor_messages/include/motor_messages/motor_messages/msg/detail/command__struct.h
-- Installing: /workspaces/ANUBIS/install/motor_messages/include/motor_messages/motor_messages/msg/detail/command__functions.h
-- Installing: /workspaces/ANUBIS/install/motor_messages/include/motor_messages/motor_messages/msg/detail/health__description.c
-- Installing: /workspaces/ANUBIS/install/motor_messages/include/motor_messages/motor_messages/msg/detail/health__functions.h
-- Installing: /workspaces/ANUBIS/install/motor_messages/include/motor_messages/motor_messages/msg/detail/feedback__functions.c
-- Installing: /workspaces/ANUBIS/install/motor_messages/include/motor_messages/motor_messages/msg/detail/feedback__type_support.c
-- Installing: /workspaces/ANUBIS/install/motor_messages/include/motor_messages/motor_messages/msg/detail/command__type_support.h
-- Installing: /workspaces/ANUBIS/install/motor_messages/include/motor_messages/motor_messages/msg/detail/health__functions.c
-- Installing: /workspaces/ANUBIS/install/motor_messages/include/motor_messages/motor_messages/msg/detail/feedback__type_support.h
-- Installing: /workspaces/ANUBIS/install/motor_messages/include/motor_messages/motor_messages/msg/detail/feedback__struct.h
-- Installing: /workspaces/ANUBIS/install/motor_messages/include/motor_messages/motor_messages/msg/detail/health__type_support.h
-- Installing: /workspaces/ANUBIS/install/motor_messages/include/motor_messages/motor_messages/msg/detail/command__type_support.c
-- Installing: /workspaces/ANUBIS/install/motor_messages/include/motor_messages/motor_messages/msg/detail/command__description.c
-- Installing: /workspaces/ANUBIS/install/motor_messages/include/motor_messages/motor_messages/msg/detail/feedback__functions.h
-- Installing: /workspaces/ANUBIS/install/motor_messages/include/motor_messages/motor_messages/msg/detail/health__struct.h
-- Installing: /workspaces/ANUBIS/install/motor_messages/include/motor_messages/motor_messages/msg/detail/health__type_support.c
-- Installing: /workspaces/ANUBIS/install/motor_messages/include/motor_messages/motor_messages/msg/detail/command__functions.c
-- Installing: /workspaces/ANUBIS/install/motor_messages/include/motor_messages/motor_messages/msg/detail/feedback__description.c
-- Installing: /workspaces/ANUBIS/install/motor_messages/include/motor_messages/motor_messages/msg/command.h
-- Up-to-date: /workspaces/ANUBIS/install/motor_messages/share/motor_messages/environment/library_path.sh
-- Installing: /workspaces/ANUBIS/install/motor_messages/share/motor_messages/environment/library_path.dsv
-- Installing: /workspaces/ANUBIS/install/motor_messages/lib/libmotor_messages__rosidl_generator_c.so
-- Set non-toolchain portion of runtime path of "/workspaces/ANUBIS/install/motor_messages/lib/libmotor_messages__rosidl_generator_c.so" to ""
-- Up-to-date: /workspaces/ANUBIS/install/motor_messages/include/motor_messages/motor_messages
-- Up-to-date: /workspaces/ANUBIS/install/motor_messages/include/motor_messages/motor_messages/msg
-- Up-to-date: /workspaces/ANUBIS/install/motor_messages/include/motor_messages/motor_messages/msg/detail
-- Installing: /workspaces/ANUBIS/install/motor_messages/include/motor_messages/motor_messages/msg/detail/health__rosidl_typesupport_fastrtps_c.h
-- Installing: /workspaces/ANUBIS/install/motor_messages/include/motor_messages/motor_messages/msg/detail/feedback__rosidl_typesupport_fastrtps_c.h
-- Installing: /workspaces/ANUBIS/install/motor_messages/include/motor_messages/motor_messages/msg/detail/command__rosidl_typesupport_fastrtps_c.h
-- Installing: /workspaces/ANUBIS/install/motor_messages/include/motor_messages/motor_messages/msg/rosidl_typesupport_fastrtps_c__visibility_control.h
-- Installing: /workspaces/ANUBIS/install/motor_messages/lib/libmotor_messages__rosidl_typesupport_fastrtps_c.so
-- Set non-toolchain portion of runtime path of "/workspaces/ANUBIS/install/motor_messages/lib/libmotor_messages__rosidl_typesupport_fastrtps_c.so" to ""
-- Up-to-date: /workspaces/ANUBIS/install/motor_messages/include/motor_messages/motor_messages
-- Up-to-date: /workspaces/ANUBIS/install/motor_messages/include/motor_messages/motor_messages/msg
-- Installing: /workspaces/ANUBIS/install/motor_messages/include/motor_messages/motor_messages/msg/command.hpp
-- Installing: /workspaces/ANUBIS/install/motor_messages/include/motor_messages/motor_messages/msg/feedback.hpp
-- Up-to-date: /workspaces/ANUBIS/install/motor_messages/include/motor_messages/motor_messages/msg/detail
-- Installing: /workspaces/ANUBIS/install/motor_messages/include/motor_messages/motor_messages/msg/detail/command__builder.hpp
-- Installing: /workspaces/ANUBIS/install/motor_messages/include/motor_messages/motor_messages/msg/detail/health__traits.hpp
-- Installing: /workspaces/ANUBIS/install/motor_messages/include/motor_messages/motor_messages/msg/detail/health__type_support.hpp
-- Installing: /workspaces/ANUBIS/install/motor_messages/include/motor_messages/motor_messages/msg/detail/command__traits.hpp
-- Installing: /workspaces/ANUBIS/install/motor_messages/include/motor_messages/motor_messages/msg/detail/feedback__traits.hpp
-- Installing: /workspaces/ANUBIS/install/motor_messages/include/motor_messages/motor_messages/msg/detail/health__struct.hpp
-- Installing: /workspaces/ANUBIS/install/motor_messages/include/motor_messages/motor_messages/msg/detail/command__type_support.hpp
-- Installing: /workspaces/ANUBIS/install/motor_messages/include/motor_messages/motor_messages/msg/detail/feedback__type_support.hpp
-- Installing: /workspaces/ANUBIS/install/motor_messages/include/motor_messages/motor_messages/msg/detail/health__builder.hpp
-- Installing: /workspaces/ANUBIS/install/motor_messages/include/motor_messages/motor_messages/msg/detail/feedback__builder.hpp
-- Installing: /workspaces/ANUBIS/install/motor_messages/include/motor_messages/motor_messages/msg/detail/feedback__struct.hpp
-- Installing: /workspaces/ANUBIS/install/motor_messages/include/motor_messages/motor_messages/msg/detail/command__struct.hpp
-- Installing: /workspaces/ANUBIS/install/motor_messages/include/motor_messages/motor_messages/msg/rosidl_generator_cpp__visibility_control.hpp
-- Installing: /workspaces/ANUBIS/install/motor_messages/include/motor_messages/motor_messages/msg/health.hpp
-- Up-to-date: /workspaces/ANUBIS/install/motor_messages/include/motor_messages/motor_messages
-- Up-to-date: /workspaces/ANUBIS/install/motor_messages/include/motor_messages/motor_messages/msg
-- Up-to-date: /workspaces/ANUBIS/install/motor_messages/include/motor_messages/motor_messages/msg/detail
-- Up-to-date: /workspaces/ANUBIS/install/motor_messages/include/motor_messages/motor_messages/msg/detail/dds_fastrtps
-- Installing: /workspaces/ANUBIS/install/motor_messages/include/motor_messages/motor_messages/msg/detail/command__rosidl_typesupport_fastrtps_cpp.hpp
-- Installing: /workspaces/ANUBIS/install/motor_messages/include/motor_messages/motor_messages/msg/detail/feedback__rosidl_typesupport_fastrtps_cpp.hpp
-- Installing: /workspaces/ANUBIS/install/motor_messages/include/motor_messages/motor_messages/msg/detail/health__rosidl_typesupport_fastrtps_cpp.hpp
-- Installing: /workspaces/ANUBIS/install/motor_messages/include/motor_messages/motor_messages/msg/rosidl_typesupport_fastrtps_cpp__visibility_control.h
-- Installing: /workspaces/ANUBIS/install/motor_messages/lib/libmotor_messages__rosidl_typesupport_fastrtps_cpp.so
-- Set non-toolchain portion of runtime path of "/workspaces/ANUBIS/install/motor_messages/lib/libmotor_messages__rosidl_typesupport_fastrtps_cpp.so" to ""
-- Up-to-date: /workspaces/ANUBIS/install/motor_messages/include/motor_messages/motor_messages
-- Up-to-date: /workspaces/ANUBIS/install/motor_messages/include/motor_messages/motor_messages/msg
-- Installing: /workspaces/ANUBIS/install/motor_messages/include/motor_messages/motor_messages/msg/rosidl_typesupport_introspection_c__visibility_control.h
-- Up-to-date: /workspaces/ANUBIS/install/motor_messages/include/motor_messages/motor_messages/msg/detail
-- Installing: /workspaces/ANUBIS/install/motor_messages/include/motor_messages/motor_messages/msg/detail/feedback__type_support.c
-- Installing: /workspaces/ANUBIS/install/motor_messages/include/motor_messages/motor_messages/msg/detail/feedback__rosidl_typesupport_introspection_c.h
-- Installing: /workspaces/ANUBIS/install/motor_messages/include/motor_messages/motor_messages/msg/detail/health__rosidl_typesupport_introspection_c.h
-- Installing: /workspaces/ANUBIS/install/motor_messages/include/motor_messages/motor_messages/msg/detail/command__rosidl_typesupport_introspection_c.h
-- Installing: /workspaces/ANUBIS/install/motor_messages/include/motor_messages/motor_messages/msg/detail/command__type_support.c
-- Installing: /workspaces/ANUBIS/install/motor_messages/include/motor_messages/motor_messages/msg/detail/health__type_support.c
-- Installing: /workspaces/ANUBIS/install/motor_messages/lib/libmotor_messages__rosidl_typesupport_introspection_c.so
-- Set non-toolchain portion of runtime path of "/workspaces/ANUBIS/install/motor_messages/lib/libmotor_messages__rosidl_typesupport_introspection_c.so" to ""
-- Installing: /workspaces/ANUBIS/install/motor_messages/lib/libmotor_messages__rosidl_typesupport_c.so
-- Set non-toolchain portion of runtime path of "/workspaces/ANUBIS/install/motor_messages/lib/libmotor_messages__rosidl_typesupport_c.so" to ""
-- Up-to-date: /workspaces/ANUBIS/install/motor_messages/include/motor_messages/motor_messages
-- Up-to-date: /workspaces/ANUBIS/install/motor_messages/include/motor_messages/motor_messages/msg
-- Up-to-date: /workspaces/ANUBIS/install/motor_messages/include/motor_messages/motor_messages/msg/detail
-- Installing: /workspaces/ANUBIS/install/motor_messages/include/motor_messages/motor_messages/msg/detail/feedback__rosidl_typesupport_introspection_cpp.hpp
-- Installing: /workspaces/ANUBIS/install/motor_messages/include/motor_messages/motor_messages/msg/detail/feedback__type_support.cpp
-- Installing: /workspaces/ANUBIS/install/motor_messages/include/motor_messages/motor_messages/msg/detail/command__type_support.cpp
-- Installing: /workspaces/ANUBIS/install/motor_messages/include/motor_messages/motor_messages/msg/detail/command__rosidl_typesupport_introspection_cpp.hpp
-- Installing: /workspaces/ANUBIS/install/motor_messages/include/motor_messages/motor_messages/msg/detail/health__rosidl_typesupport_introspection_cpp.hpp
-- Installing: /workspaces/ANUBIS/install/motor_messages/include/motor_messages/motor_messages/msg/detail/health__type_support.cpp
-- Installing: /workspaces/ANUBIS/install/motor_messages/lib/libmotor_messages__rosidl_typesupport_introspection_cpp.so
-- Set non-toolchain portion of runtime path of "/workspaces/ANUBIS/install/motor_messages/lib/libmotor_messages__rosidl_typesupport_introspection_cpp.so" to ""
-- Installing: /workspaces/ANUBIS/install/motor_messages/lib/libmotor_messages__rosidl_typesupport_cpp.so
-- Set non-toolchain portion of runtime path of "/workspaces/ANUBIS/install/motor_messages/lib/libmotor_messages__rosidl_typesupport_cpp.so" to ""
-- Installing: /workspaces/ANUBIS/install/motor_messages/share/motor_messages/environment/pythonpath.sh
-- Installing: /workspaces/ANUBIS/install/motor_messages/share/motor_messages/environment/pythonpath.dsv
-- Up-to-date: /workspaces/ANUBIS/install/motor_messages/lib/python3.12/site-packages/motor_messages-0.0.0-py3.12.egg-info
-- Installing: /workspaces/ANUBIS/install/motor_messages/lib/python3.12/site-packages/motor_messages-0.0.0-py3.12.egg-info/top_level.txt
-- Installing: /workspaces/ANUBIS/install/motor_messages/lib/python3.12/site-packages/motor_messages-0.0.0-py3.12.egg-info/dependency_links.txt
-- Installing: /workspaces/ANUBIS/install/motor_messages/lib/python3.12/site-packages/motor_messages-0.0.0-py3.12.egg-info/SOURCES.txt
-- Installing: /workspaces/ANUBIS/install/motor_messages/lib/python3.12/site-packages/motor_messages-0.0.0-py3.12.egg-info/PKG-INFO
-- Up-to-date: /workspaces/ANUBIS/install/motor_messages/lib/python3.12/site-packages/motor_messages
-- Installing: /workspaces/ANUBIS/install/motor_messages/lib/python3.12/site-packages/motor_messages/motor_messages_s__rosidl_typesupport_c.so
-- Installing: /workspaces/ANUBIS/install/motor_messages/lib/python3.12/site-packages/motor_messages/__init__.py
-- Installing: /workspaces/ANUBIS/install/motor_messages/lib/python3.12/site-packages/motor_messages/_motor_messages_s.ep.rosidl_typesupport_introspection_c.c
-- Installing: /workspaces/ANUBIS/install/motor_messages/lib/python3.12/site-packages/motor_messages/_motor_messages_s.ep.rosidl_typesupport_fastrtps_c.c
-- Installing: /workspaces/ANUBIS/install/motor_messages/lib/python3.12/site-packages/motor_messages/motor_messages_s__rosidl_typesupport_introspection_c.so
-- Up-to-date: /workspaces/ANUBIS/install/motor_messages/lib/python3.12/site-packages/motor_messages/msg
-- Installing: /workspaces/ANUBIS/install/motor_messages/lib/python3.12/site-packages/motor_messages/msg/_command_s.c
-- Installing: /workspaces/ANUBIS/install/motor_messages/lib/python3.12/site-packages/motor_messages/msg/__init__.py
-- Installing: /workspaces/ANUBIS/install/motor_messages/lib/python3.12/site-packages/motor_messages/msg/_feedback_s.c
-- Installing: /workspaces/ANUBIS/install/motor_messages/lib/python3.12/site-packages/motor_messages/msg/_command.py
-- Installing: /workspaces/ANUBIS/install/motor_messages/lib/python3.12/site-packages/motor_messages/msg/_health.py
-- Installing: /workspaces/ANUBIS/install/motor_messages/lib/python3.12/site-packages/motor_messages/msg/_health_s.c
-- Installing: /workspaces/ANUBIS/install/motor_messages/lib/python3.12/site-packages/motor_messages/msg/_feedback.py
-- Installing: /workspaces/ANUBIS/install/motor_messages/lib/python3.12/site-packages/motor_messages/motor_messages_s__rosidl_typesupport_fastrtps_c.so
-- Installing: /workspaces/ANUBIS/install/motor_messages/lib/python3.12/site-packages/motor_messages/_motor_messages_s.ep.rosidl_typesupport_c.c
Listing '/workspaces/ANUBIS/install/motor_messages/lib/python3.12/site-packages/motor_messages'...
Compiling '/workspaces/ANUBIS/install/motor_messages/lib/python3.12/site-packages/motor_messages/__init__.py'...
Listing '/workspaces/ANUBIS/install/motor_messages/lib/python3.12/site-packages/motor_messages/msg'...
Compiling '/workspaces/ANUBIS/install/motor_messages/lib/python3.12/site-packages/motor_messages/msg/__init__.py'...
Compiling '/workspaces/ANUBIS/install/motor_messages/lib/python3.12/site-packages/motor_messages/msg/_command.py'...
Compiling '/workspaces/ANUBIS/install/motor_messages/lib/python3.12/site-packages/motor_messages/msg/_feedback.py'...
Compiling '/workspaces/ANUBIS/install/motor_messages/lib/python3.12/site-packages/motor_messages/msg/_health.py'...
-- Installing: /workspaces/ANUBIS/install/motor_messages/lib/python3.12/site-packages/motor_messages/motor_messages_s__rosidl_typesupport_fastrtps_c.so
-- Set non-toolchain portion of runtime path of "/workspaces/ANUBIS/install/motor_messages/lib/python3.12/site-packages/motor_messages/motor_messages_s__rosidl_typesupport_fastrtps_c.so" to ""
-- Installing: /workspaces/ANUBIS/install/motor_messages/lib/python3.12/site-packages/motor_messages/motor_messages_s__rosidl_typesupport_introspection_c.so
-- Set non-toolchain portion of runtime path of "/workspaces/ANUBIS/install/motor_messages/lib/python3.12/site-packages/motor_messages/motor_messages_s__rosidl_typesupport_introspection_c.so" to ""
-- Installing: /workspaces/ANUBIS/install/motor_messages/lib/python3.12/site-packages/motor_messages/motor_messages_s__rosidl_typesupport_c.so
-- Set non-toolchain portion of runtime path of "/workspaces/ANUBIS/install/motor_messages/lib/python3.12/site-packages/motor_messages/motor_messages_s__rosidl_typesupport_c.so" to ""
-- Installing: /workspaces/ANUBIS/install/motor_messages/lib/libmotor_messages__rosidl_generator_py.so
-- Set non-toolchain portion of runtime path of "/workspaces/ANUBIS/install/motor_messages/lib/libmotor_messages__rosidl_generator_py.so" to ""
-- Installing: /workspaces/ANUBIS/install/motor_messages/share/motor_messages/msg/Command.idl
-- Installing: /workspaces/ANUBIS/install/motor_messages/share/motor_messages/msg/Feedback.idl
-- Installing: /workspaces/ANUBIS/install/motor_messages/share/motor_messages/msg/Health.idl
-- Up-to-date: /workspaces/ANUBIS/install/motor_messages/share/motor_messages/msg/Command.msg
-- Up-to-date: /workspaces/ANUBIS/install/motor_messages/share/motor_messages/msg/Feedback.msg
-- Up-to-date: /workspaces/ANUBIS/install/motor_messages/share/motor_messages/msg/Health.msg
-- Installing: /workspaces/ANUBIS/install/motor_messages/share/ament_index/resource_index/package_run_dependencies/motor_messages
-- Installing: /workspaces/ANUBIS/install/motor_messages/share/ament_index/resource_index/parent_prefix_path/motor_messages
-- Up-to-date: /workspaces/ANUBIS/install/motor_messages/share/motor_messages/environment/ament_prefix_path.sh
-- Installing: /workspaces/ANUBIS/install/motor_messages/share/motor_messages/environment/ament_prefix_path.dsv
-- Up-to-date: /workspaces/ANUBIS/install/motor_messages/share/motor_messages/environment/path.sh
-- Installing: /workspaces/ANUBIS/install/motor_messages/share/motor_messages/environment/path.dsv
-- Installing: /workspaces/ANUBIS/install/motor_messages/share/motor_messages/local_setup.bash
-- Installing: /workspaces/ANUBIS/install/motor_messages/share/motor_messages/local_setup.sh
-- Installing: /workspaces/ANUBIS/install/motor_messages/share/motor_messages/local_setup.zsh
-- Installing: /workspaces/ANUBIS/install/motor_messages/share/motor_messages/local_setup.dsv
-- Installing: /workspaces/ANUBIS/install/motor_messages/share/motor_messages/package.dsv
-- Installing: /workspaces/ANUBIS/install/motor_messages/share/ament_index/resource_index/packages/motor_messages
-- Installing: /workspaces/ANUBIS/install/motor_messages/share/motor_messages/cmake/export_motor_messages__rosidl_generator_cExport.cmake
-- Installing: /workspaces/ANUBIS/install/motor_messages/share/motor_messages/cmake/export_motor_messages__rosidl_generator_cExport-noconfig.cmake
-- Installing: /workspaces/ANUBIS/install/motor_messages/share/motor_messages/cmake/export_motor_messages__rosidl_typesupport_fastrtps_cExport.cmake
-- Installing: /workspaces/ANUBIS/install/motor_messages/share/motor_messages/cmake/export_motor_messages__rosidl_typesupport_fastrtps_cExport-noconfig.cmake
-- Installing: /workspaces/ANUBIS/install/motor_messages/share/motor_messages/cmake/export_motor_messages__rosidl_generator_cppExport.cmake
-- Installing: /workspaces/ANUBIS/install/motor_messages/share/motor_messages/cmake/export_motor_messages__rosidl_typesupport_fastrtps_cppExport.cmake
-- Installing: /workspaces/ANUBIS/install/motor_messages/share/motor_messages/cmake/export_motor_messages__rosidl_typesupport_fastrtps_cppExport-noconfig.cmake
-- Installing: /workspaces/ANUBIS/install/motor_messages/share/motor_messages/cmake/motor_messages__rosidl_typesupport_introspection_cExport.cmake
-- Installing: /workspaces/ANUBIS/install/motor_messages/share/motor_messages/cmake/motor_messages__rosidl_typesupport_introspection_cExport-noconfig.cmake
-- Installing: /workspaces/ANUBIS/install/motor_messages/share/motor_messages/cmake/motor_messages__rosidl_typesupport_cExport.cmake
-- Installing: /workspaces/ANUBIS/install/motor_messages/share/motor_messages/cmake/motor_messages__rosidl_typesupport_cExport-noconfig.cmake
-- Installing: /workspaces/ANUBIS/install/motor_messages/share/motor_messages/cmake/motor_messages__rosidl_typesupport_introspection_cppExport.cmake
-- Installing: /workspaces/ANUBIS/install/motor_messages/share/motor_messages/cmake/motor_messages__rosidl_typesupport_introspection_cppExport-noconfig.cmake
-- Installing: /workspaces/ANUBIS/install/motor_messages/share/motor_messages/cmake/motor_messages__rosidl_typesupport_cppExport.cmake
-- Installing: /workspaces/ANUBIS/install/motor_messages/share/motor_messages/cmake/motor_messages__rosidl_typesupport_cppExport-noconfig.cmake
-- Installing: /workspaces/ANUBIS/install/motor_messages/share/motor_messages/cmake/export_motor_messages__rosidl_generator_pyExport.cmake
-- Installing: /workspaces/ANUBIS/install/motor_messages/share/motor_messages/cmake/export_motor_messages__rosidl_generator_pyExport-noconfig.cmake
-- Installing: /workspaces/ANUBIS/install/motor_messages/share/motor_messages/cmake/rosidl_cmake-extras.cmake
-- Installing: /workspaces/ANUBIS/install/motor_messages/share/motor_messages/cmake/ament_cmake_export_dependencies-extras.cmake
-- Installing: /workspaces/ANUBIS/install/motor_messages/share/motor_messages/cmake/ament_cmake_export_include_directories-extras.cmake
-- Installing: /workspaces/ANUBIS/install/motor_messages/share/motor_messages/cmake/ament_cmake_export_libraries-extras.cmake
-- Installing: /workspaces/ANUBIS/install/motor_messages/share/motor_messages/cmake/ament_cmake_export_targets-extras.cmake
-- Installing: /workspaces/ANUBIS/install/motor_messages/share/motor_messages/cmake/rosidl_cmake_export_typesupport_targets-extras.cmake
-- Installing: /workspaces/ANUBIS/install/motor_messages/share/motor_messages/cmake/rosidl_cmake_export_typesupport_libraries-extras.cmake
-- Installing: /workspaces/ANUBIS/install/motor_messages/share/motor_messages/cmake/motor_messagesConfig.cmake
-- Installing: /workspaces/ANUBIS/install/motor_messages/share/motor_messages/cmake/motor_messagesConfig-version.cmake
-- Up-to-date: /workspaces/ANUBIS/install/motor_messages/share/motor_messages/package.xml
