[0.020s] Invoking command in '/workspaces/ANUBIS/build/motor_messages': CMAKE_PREFIX_PATH=${CMAKE_PREFIX_PATH}:/opt/ros/jazzy /usr/bin/cmake /workspaces/ANUBIS/anubis_ws/src/motor_messages -DCMAKE_INSTALL_PREFIX=/workspaces/ANUBIS/install/motor_messages
[0.260s] -- The C compiler identification is GNU 13.3.0
[0.426s] -- The CXX compiler identification is GNU 13.3.0
[0.463s] -- Detecting C compiler ABI info
[0.611s] -- Detecting C compiler ABI info - done
[0.623s] -- Check for working C compiler: /usr/bin/cc - skipped
[0.626s] -- Detecting C compile features
[0.627s] -- Detecting C compile features - done
[0.648s] -- Detecting CXX compiler ABI info
[0.784s] -- Detecting CXX compiler ABI info - done
[0.799s] -- Check for working CXX compiler: /usr/bin/c++ - skipped
[0.799s] -- Detecting CXX compile features
[0.800s] -- Detecting CXX compile features - done
[0.823s] -- Found ament_cmake: 2.5.4 (/opt/ros/jazzy/share/ament_cmake/cmake)
[1.063s] -- Found Python3: /usr/bin/python3 (found version "3.12.3") found components: Interpreter 
[1.397s] -- Found std_msgs: 5.3.6 (/opt/ros/jazzy/share/std_msgs/cmake)
[1.509s] -- Found rosidl_generator_c: 4.6.6 (/opt/ros/jazzy/share/rosidl_generator_c/cmake)
[1.550s] -- Found rosidl_generator_cpp: 4.6.6 (/opt/ros/jazzy/share/rosidl_generator_cpp/cmake)
[1.590s] -- Using all available rosidl_typesupport_c: rosidl_typesupport_fastrtps_c;rosidl_typesupport_introspection_c
[1.638s] -- Using all available rosidl_typesupport_cpp: rosidl_typesupport_fastrtps_cpp;rosidl_typesupport_introspection_cpp
[1.704s] -- Found rosidl_default_generators: 1.6.0 (/opt/ros/jazzy/share/rosidl_default_generators/cmake)
[1.750s] -- Found rosidl_adapter: 4.6.6 (/opt/ros/jazzy/share/rosidl_adapter/cmake)
[2.638s] -- Found ament_cmake_ros: 0.12.0 (/opt/ros/jazzy/share/ament_cmake_ros/cmake)
[3.778s] -- Using all available rosidl_typesupport_c: rosidl_typesupport_fastrtps_c;rosidl_typesupport_introspection_c
[4.227s] -- Using all available rosidl_typesupport_cpp: rosidl_typesupport_fastrtps_cpp;rosidl_typesupport_introspection_cpp
[4.237s] -- Found python_cmake_module: 0.11.1 (/opt/ros/jazzy/share/python_cmake_module/cmake)
[4.418s] -- Found PythonExtra: /usr/bin/python3  
[5.145s] -- Found Python3: /usr/bin/python3 (found version "3.12.3") found components: Interpreter Development NumPy Development.Module Development.Embed 
[5.247s] -- Found ament_lint_auto: 0.17.3 (/opt/ros/jazzy/share/ament_lint_auto/cmake)
[5.334s] -- Added test 'lint_cmake' to check CMake code style
[5.340s] -- Added test 'xmllint' to check XML markup files
[5.348s] -- Configuring done (5.3s)
[5.412s] -- Generating done (0.0s)
[5.434s] -- Build files have been written to: /workspaces/ANUBIS/build/motor_messages
[5.451s] Invoked command in '/workspaces/ANUBIS/build/motor_messages' returned '0': CMAKE_PREFIX_PATH=${CMAKE_PREFIX_PATH}:/opt/ros/jazzy /usr/bin/cmake /workspaces/ANUBIS/anubis_ws/src/motor_messages -DCMAKE_INSTALL_PREFIX=/workspaces/ANUBIS/install/motor_messages
[5.453s] Invoking command in '/workspaces/ANUBIS/build/motor_messages': CMAKE_PREFIX_PATH=${CMAKE_PREFIX_PATH}:/opt/ros/jazzy /usr/bin/cmake --build /workspaces/ANUBIS/build/motor_messages -- -j4 -l4
[5.533s] [  1%] [34m[1mGenerating type hashes for ROS interfaces[0m
[5.554s] [  1%] Built target ament_cmake_python_copy_motor_messages
[5.906s] running egg_info
[5.908s] creating motor_messages.egg-info
[5.946s] [  1%] Built target motor_messages__rosidl_generator_type_description
[5.950s] writing motor_messages.egg-info/PKG-INFO
[5.950s] writing dependency_links to motor_messages.egg-info/dependency_links.txt
[5.951s] writing top-level names to motor_messages.egg-info/top_level.txt
[5.951s] writing manifest file 'motor_messages.egg-info/SOURCES.txt'
[5.966s] [  3%] [34m[1mGenerating C code for ROS interfaces[0m
[5.997s] [  5%] [34m[1mGenerating C++ code for ROS interfaces[0m
[6.063s] reading manifest file 'motor_messages.egg-info/SOURCES.txt'
[6.064s] writing manifest file 'motor_messages.egg-info/SOURCES.txt'
[6.114s] [  5%] Built target ament_cmake_python_build_motor_messages_egg
[6.680s] [  5%] Built target motor_messages__cpp
[6.794s] [  7%] [32mBuilding C object CMakeFiles/motor_messages__rosidl_generator_c.dir/rosidl_generator_c/motor_messages/msg/detail/command__functions.c.o[0m
[6.798s] [ 11%] [32mBuilding C object CMakeFiles/motor_messages__rosidl_generator_c.dir/rosidl_generator_c/motor_messages/msg/detail/command__description.c.o[0m
[6.799s] [ 11%] [32mBuilding C object CMakeFiles/motor_messages__rosidl_generator_c.dir/rosidl_generator_c/motor_messages/msg/detail/command__type_support.c.o[0m
[6.878s] [ 12%] [32mBuilding C object CMakeFiles/motor_messages__rosidl_generator_c.dir/rosidl_generator_c/motor_messages/msg/detail/feedback__description.c.o[0m
[6.892s] [ 14%] [32mBuilding C object CMakeFiles/motor_messages__rosidl_generator_c.dir/rosidl_generator_c/motor_messages/msg/detail/feedback__functions.c.o[0m
[6.917s] [ 16%] [32mBuilding C object CMakeFiles/motor_messages__rosidl_generator_c.dir/rosidl_generator_c/motor_messages/msg/detail/feedback__type_support.c.o[0m
[6.975s] [ 18%] [32mBuilding C object CMakeFiles/motor_messages__rosidl_generator_c.dir/rosidl_generator_c/motor_messages/msg/detail/health__description.c.o[0m
[6.986s] [ 20%] [32mBuilding C object CMakeFiles/motor_messages__rosidl_generator_c.dir/rosidl_generator_c/motor_messages/msg/detail/health__functions.c.o[0m
[7.005s] [ 22%] [32mBuilding C object CMakeFiles/motor_messages__rosidl_generator_c.dir/rosidl_generator_c/motor_messages/msg/detail/health__type_support.c.o[0m
[7.113s] [ 24%] [32m[1mLinking C shared library libmotor_messages__rosidl_generator_c.so[0m
[7.196s] [ 24%] Built target motor_messages__rosidl_generator_c
[7.220s] [ 25%] [34m[1mGenerating C++ type support dispatch for ROS interfaces[0m
[7.222s] [ 27%] [34m[1mGenerating C type support for eProsima Fast-RTPS[0m
[7.684s] [ 29%] [32mBuilding CXX object CMakeFiles/motor_messages__rosidl_typesupport_cpp.dir/rosidl_typesupport_cpp/motor_messages/msg/command__type_support.cpp.o[0m
[7.688s] [ 31%] [34m[1mGenerating C introspection for ROS interfaces[0m
[7.929s] [ 33%] [32mBuilding CXX object CMakeFiles/motor_messages__rosidl_typesupport_fastrtps_c.dir/rosidl_typesupport_fastrtps_c/motor_messages/msg/detail/command__type_support_c.cpp.o[0m
[8.303s] [ 35%] [32mBuilding C object CMakeFiles/motor_messages__rosidl_typesupport_introspection_c.dir/rosidl_typesupport_introspection_c/motor_messages/msg/detail/command__type_support.c.o[0m
[8.372s] [ 37%] [32mBuilding C object CMakeFiles/motor_messages__rosidl_typesupport_introspection_c.dir/rosidl_typesupport_introspection_c/motor_messages/msg/detail/feedback__type_support.c.o[0m
[8.427s] [ 38%] [32mBuilding CXX object CMakeFiles/motor_messages__rosidl_typesupport_cpp.dir/rosidl_typesupport_cpp/motor_messages/msg/feedback__type_support.cpp.o[0m
[8.441s] [ 40%] [32mBuilding C object CMakeFiles/motor_messages__rosidl_typesupport_introspection_c.dir/rosidl_typesupport_introspection_c/motor_messages/msg/detail/health__type_support.c.o[0m
[8.523s] [ 42%] [32m[1mLinking C shared library libmotor_messages__rosidl_typesupport_introspection_c.so[0m
[8.606s] [ 42%] Built target motor_messages__rosidl_typesupport_introspection_c
[8.910s] [ 44%] [32mBuilding CXX object CMakeFiles/motor_messages__rosidl_typesupport_fastrtps_c.dir/rosidl_typesupport_fastrtps_c/motor_messages/msg/detail/feedback__type_support_c.cpp.o[0m
[8.962s] [ 46%] [32mBuilding CXX object CMakeFiles/motor_messages__rosidl_typesupport_cpp.dir/rosidl_typesupport_cpp/motor_messages/msg/health__type_support.cpp.o[0m
[9.440s] [ 48%] [32m[1mLinking CXX shared library libmotor_messages__rosidl_typesupport_cpp.so[0m
[9.506s] [ 48%] Built target motor_messages__rosidl_typesupport_cpp
[9.606s] [ 50%] [32mBuilding CXX object CMakeFiles/motor_messages__rosidl_typesupport_fastrtps_c.dir/rosidl_typesupport_fastrtps_c/motor_messages/msg/detail/health__type_support_c.cpp.o[0m
[10.230s] [ 51%] [32m[1mLinking CXX shared library libmotor_messages__rosidl_typesupport_fastrtps_c.so[0m
[10.304s] [ 51%] Built target motor_messages__rosidl_typesupport_fastrtps_c
[10.320s] [ 53%] [34m[1mGenerating C++ introspection for ROS interfaces[0m
[10.786s] [ 55%] [32mBuilding CXX object CMakeFiles/motor_messages__rosidl_typesupport_introspection_cpp.dir/rosidl_typesupport_introspection_cpp/motor_messages/msg/detail/command__type_support.cpp.o[0m
[11.227s] [ 57%] [32mBuilding CXX object CMakeFiles/motor_messages__rosidl_typesupport_introspection_cpp.dir/rosidl_typesupport_introspection_cpp/motor_messages/msg/detail/feedback__type_support.cpp.o[0m
[11.673s] [ 59%] [32mBuilding CXX object CMakeFiles/motor_messages__rosidl_typesupport_introspection_cpp.dir/rosidl_typesupport_introspection_cpp/motor_messages/msg/detail/health__type_support.cpp.o[0m
[12.112s] [ 61%] [32m[1mLinking CXX shared library libmotor_messages__rosidl_typesupport_introspection_cpp.so[0m
[12.232s] [ 61%] Built target motor_messages__rosidl_typesupport_introspection_cpp
[12.248s] [ 62%] [34m[1mGenerating C type support dispatch for ROS interfaces[0m
[12.669s] [ 64%] [32mBuilding CXX object CMakeFiles/motor_messages__rosidl_typesupport_c.dir/rosidl_typesupport_c/motor_messages/msg/command__type_support.cpp.o[0m
[12.729s] [ 66%] [32mBuilding CXX object CMakeFiles/motor_messages__rosidl_typesupport_c.dir/rosidl_typesupport_c/motor_messages/msg/health__type_support.cpp.o[0m
[12.794s] [ 68%] [32mBuilding CXX object CMakeFiles/motor_messages__rosidl_typesupport_c.dir/rosidl_typesupport_c/motor_messages/msg/feedback__type_support.cpp.o[0m
[12.864s] [ 70%] [32m[1mLinking CXX shared library libmotor_messages__rosidl_typesupport_c.so[0m
[12.919s] [ 70%] Built target motor_messages__rosidl_typesupport_c
[12.934s] [ 72%] [34m[1mGenerating C++ type support for eProsima Fast-RTPS[0m
[13.471s] [ 74%] [32mBuilding CXX object CMakeFiles/motor_messages__rosidl_typesupport_fastrtps_cpp.dir/rosidl_typesupport_fastrtps_cpp/motor_messages/msg/detail/dds_fastrtps/command__type_support.cpp.o[0m
[14.116s] [ 75%] [32mBuilding CXX object CMakeFiles/motor_messages__rosidl_typesupport_fastrtps_cpp.dir/rosidl_typesupport_fastrtps_cpp/motor_messages/msg/detail/dds_fastrtps/health__type_support.cpp.o[0m
[14.750s] [ 77%] [32mBuilding CXX object CMakeFiles/motor_messages__rosidl_typesupport_fastrtps_cpp.dir/rosidl_typesupport_fastrtps_cpp/motor_messages/msg/detail/dds_fastrtps/feedback__type_support.cpp.o[0m
[15.409s] [ 79%] [32m[1mLinking CXX shared library libmotor_messages__rosidl_typesupport_fastrtps_cpp.so[0m
[15.499s] [ 79%] Built target motor_messages__rosidl_typesupport_fastrtps_cpp
[15.530s] [ 79%] Built target motor_messages
[15.562s] [ 81%] [34m[1mGenerating Python code for ROS interfaces[0m
[16.356s] [ 81%] Built target motor_messages__py
[16.391s] [ 83%] [32mBuilding C object CMakeFiles/motor_messages__rosidl_generator_py.dir/rosidl_generator_py/motor_messages/msg/_command_s.c.o[0m
[16.617s] [ 85%] [32mBuilding C object CMakeFiles/motor_messages__rosidl_generator_py.dir/rosidl_generator_py/motor_messages/msg/_health_s.c.o[0m
[16.810s] [ 87%] [32mBuilding C object CMakeFiles/motor_messages__rosidl_generator_py.dir/rosidl_generator_py/motor_messages/msg/_feedback_s.c.o[0m
[17.008s] [ 88%] [32m[1mLinking C shared library libmotor_messages__rosidl_generator_py.so[0m
[17.071s] [ 88%] Built target motor_messages__rosidl_generator_py
[17.102s] [ 90%] [32mBuilding C object CMakeFiles/motor_messages_s__rosidl_typesupport_fastrtps_c.dir/rosidl_generator_py/motor_messages/_motor_messages_s.ep.rosidl_typesupport_fastrtps_c.c.o[0m
[17.277s] [ 92%] [32m[1mLinking C shared module rosidl_generator_py/motor_messages/motor_messages_s__rosidl_typesupport_fastrtps_c.so[0m
[17.324s] [ 92%] Built target motor_messages_s__rosidl_typesupport_fastrtps_c
[17.351s] [ 94%] [32mBuilding C object CMakeFiles/motor_messages_s__rosidl_typesupport_c.dir/rosidl_generator_py/motor_messages/_motor_messages_s.ep.rosidl_typesupport_c.c.o[0m
[17.510s] [ 96%] [32m[1mLinking C shared module rosidl_generator_py/motor_messages/motor_messages_s__rosidl_typesupport_c.so[0m
[17.554s] [ 96%] Built target motor_messages_s__rosidl_typesupport_c
[17.591s] [ 98%] [32mBuilding C object CMakeFiles/motor_messages_s__rosidl_typesupport_introspection_c.dir/rosidl_generator_py/motor_messages/_motor_messages_s.ep.rosidl_typesupport_introspection_c.c.o[0m
[17.750s] [100%] [32m[1mLinking C shared module rosidl_generator_py/motor_messages/motor_messages_s__rosidl_typesupport_introspection_c.so[0m
[17.804s] [100%] Built target motor_messages_s__rosidl_typesupport_introspection_c
[17.822s] Invoked command in '/workspaces/ANUBIS/build/motor_messages' returned '0': CMAKE_PREFIX_PATH=${CMAKE_PREFIX_PATH}:/opt/ros/jazzy /usr/bin/cmake --build /workspaces/ANUBIS/build/motor_messages -- -j4 -l4
[17.837s] Invoking command in '/workspaces/ANUBIS/build/motor_messages': CMAKE_PREFIX_PATH=${CMAKE_PREFIX_PATH}:/opt/ros/jazzy /usr/bin/cmake --install /workspaces/ANUBIS/build/motor_messages
[17.852s] -- Install configuration: ""
[17.852s] -- Installing: /workspaces/ANUBIS/install/motor_messages/share/ament_index/resource_index/rosidl_interfaces/motor_messages
[17.852s] -- Installing: /workspaces/ANUBIS/install/motor_messages/share/motor_messages/msg/Command.json
[17.853s] -- Installing: /workspaces/ANUBIS/install/motor_messages/share/motor_messages/msg/Feedback.json
[17.853s] -- Installing: /workspaces/ANUBIS/install/motor_messages/share/motor_messages/msg/Health.json
[17.853s] -- Installing: /workspaces/ANUBIS/install/motor_messages/include/motor_messages/motor_messages
[17.853s] -- Installing: /workspaces/ANUBIS/install/motor_messages/include/motor_messages/motor_messages/msg
[17.853s] -- Installing: /workspaces/ANUBIS/install/motor_messages/include/motor_messages/motor_messages/msg/feedback.h
[17.854s] -- Installing: /workspaces/ANUBIS/install/motor_messages/include/motor_messages/motor_messages/msg/rosidl_generator_c__visibility_control.h
[17.854s] -- Installing: /workspaces/ANUBIS/install/motor_messages/include/motor_messages/motor_messages/msg/health.h
[17.854s] -- Installing: /workspaces/ANUBIS/install/motor_messages/include/motor_messages/motor_messages/msg/detail
[17.854s] -- Installing: /workspaces/ANUBIS/install/motor_messages/include/motor_messages/motor_messages/msg/detail/command__struct.h
[17.855s] -- Installing: /workspaces/ANUBIS/install/motor_messages/include/motor_messages/motor_messages/msg/detail/command__functions.h
[17.855s] -- Installing: /workspaces/ANUBIS/install/motor_messages/include/motor_messages/motor_messages/msg/detail/health__description.c
[17.855s] -- Installing: /workspaces/ANUBIS/install/motor_messages/include/motor_messages/motor_messages/msg/detail/health__functions.h
[17.855s] -- Installing: /workspaces/ANUBIS/install/motor_messages/include/motor_messages/motor_messages/msg/detail/feedback__functions.c
[17.855s] -- Installing: /workspaces/ANUBIS/install/motor_messages/include/motor_messages/motor_messages/msg/detail/feedback__type_support.c
[17.856s] -- Installing: /workspaces/ANUBIS/install/motor_messages/include/motor_messages/motor_messages/msg/detail/command__type_support.h
[17.856s] -- Installing: /workspaces/ANUBIS/install/motor_messages/include/motor_messages/motor_messages/msg/detail/health__functions.c
[17.856s] -- Installing: /workspaces/ANUBIS/install/motor_messages/include/motor_messages/motor_messages/msg/detail/feedback__type_support.h
[17.856s] -- Installing: /workspaces/ANUBIS/install/motor_messages/include/motor_messages/motor_messages/msg/detail/feedback__struct.h
[17.857s] -- Installing: /workspaces/ANUBIS/install/motor_messages/include/motor_messages/motor_messages/msg/detail/health__type_support.h
[17.857s] -- Installing: /workspaces/ANUBIS/install/motor_messages/include/motor_messages/motor_messages/msg/detail/command__type_support.c
[17.857s] -- Installing: /workspaces/ANUBIS/install/motor_messages/include/motor_messages/motor_messages/msg/detail/command__description.c
[17.857s] -- Installing: /workspaces/ANUBIS/install/motor_messages/include/motor_messages/motor_messages/msg/detail/feedback__functions.h
[17.857s] -- Installing: /workspaces/ANUBIS/install/motor_messages/include/motor_messages/motor_messages/msg/detail/health__struct.h
[17.858s] -- Installing: /workspaces/ANUBIS/install/motor_messages/include/motor_messages/motor_messages/msg/detail/health__type_support.c
[17.858s] -- Installing: /workspaces/ANUBIS/install/motor_messages/include/motor_messages/motor_messages/msg/detail/command__functions.c
[17.858s] -- Installing: /workspaces/ANUBIS/install/motor_messages/include/motor_messages/motor_messages/msg/detail/feedback__description.c
[17.858s] -- Installing: /workspaces/ANUBIS/install/motor_messages/include/motor_messages/motor_messages/msg/command.h
[17.858s] -- Installing: /workspaces/ANUBIS/install/motor_messages/share/motor_messages/environment/library_path.sh
[17.859s] -- Installing: /workspaces/ANUBIS/install/motor_messages/share/motor_messages/environment/library_path.dsv
[17.859s] -- Installing: /workspaces/ANUBIS/install/motor_messages/lib/libmotor_messages__rosidl_generator_c.so
[17.859s] -- Set non-toolchain portion of runtime path of "/workspaces/ANUBIS/install/motor_messages/lib/libmotor_messages__rosidl_generator_c.so" to ""
[17.860s] -- Up-to-date: /workspaces/ANUBIS/install/motor_messages/include/motor_messages/motor_messages
[17.860s] -- Up-to-date: /workspaces/ANUBIS/install/motor_messages/include/motor_messages/motor_messages/msg
[17.860s] -- Up-to-date: /workspaces/ANUBIS/install/motor_messages/include/motor_messages/motor_messages/msg/detail
[17.860s] -- Installing: /workspaces/ANUBIS/install/motor_messages/include/motor_messages/motor_messages/msg/detail/health__rosidl_typesupport_fastrtps_c.h
[17.860s] -- Installing: /workspaces/ANUBIS/install/motor_messages/include/motor_messages/motor_messages/msg/detail/feedback__rosidl_typesupport_fastrtps_c.h
[17.861s] -- Installing: /workspaces/ANUBIS/install/motor_messages/include/motor_messages/motor_messages/msg/detail/command__rosidl_typesupport_fastrtps_c.h
[17.861s] -- Installing: /workspaces/ANUBIS/install/motor_messages/include/motor_messages/motor_messages/msg/rosidl_typesupport_fastrtps_c__visibility_control.h
[17.861s] -- Installing: /workspaces/ANUBIS/install/motor_messages/lib/libmotor_messages__rosidl_typesupport_fastrtps_c.so
[17.862s] -- Set non-toolchain portion of runtime path of "/workspaces/ANUBIS/install/motor_messages/lib/libmotor_messages__rosidl_typesupport_fastrtps_c.so" to ""
[17.862s] -- Up-to-date: /workspaces/ANUBIS/install/motor_messages/include/motor_messages/motor_messages
[17.862s] -- Up-to-date: /workspaces/ANUBIS/install/motor_messages/include/motor_messages/motor_messages/msg
[17.862s] -- Installing: /workspaces/ANUBIS/install/motor_messages/include/motor_messages/motor_messages/msg/command.hpp
[17.863s] -- Installing: /workspaces/ANUBIS/install/motor_messages/include/motor_messages/motor_messages/msg/feedback.hpp
[17.863s] -- Up-to-date: /workspaces/ANUBIS/install/motor_messages/include/motor_messages/motor_messages/msg/detail
[17.863s] -- Installing: /workspaces/ANUBIS/install/motor_messages/include/motor_messages/motor_messages/msg/detail/command__builder.hpp
[17.863s] -- Installing: /workspaces/ANUBIS/install/motor_messages/include/motor_messages/motor_messages/msg/detail/health__traits.hpp
[17.863s] -- Installing: /workspaces/ANUBIS/install/motor_messages/include/motor_messages/motor_messages/msg/detail/health__type_support.hpp
[17.863s] -- Installing: /workspaces/ANUBIS/install/motor_messages/include/motor_messages/motor_messages/msg/detail/command__traits.hpp
[17.866s] -- Installing: /workspaces/ANUBIS/install/motor_messages/include/motor_messages/motor_messages/msg/detail/feedback__traits.hpp
[17.867s] -- Installing: /workspaces/ANUBIS/install/motor_messages/include/motor_messages/motor_messages/msg/detail/health__struct.hpp
[17.867s] -- Installing: /workspaces/ANUBIS/install/motor_messages/include/motor_messages/motor_messages/msg/detail/command__type_support.hpp
[17.867s] -- Installing: /workspaces/ANUBIS/install/motor_messages/include/motor_messages/motor_messages/msg/detail/feedback__type_support.hpp
[17.867s] -- Installing: /workspaces/ANUBIS/install/motor_messages/include/motor_messages/motor_messages/msg/detail/health__builder.hpp
[17.868s] -- Installing: /workspaces/ANUBIS/install/motor_messages/include/motor_messages/motor_messages/msg/detail/feedback__builder.hpp
[17.868s] -- Installing: /workspaces/ANUBIS/install/motor_messages/include/motor_messages/motor_messages/msg/detail/feedback__struct.hpp
[17.868s] -- Installing: /workspaces/ANUBIS/install/motor_messages/include/motor_messages/motor_messages/msg/detail/command__struct.hpp
[17.868s] -- Installing: /workspaces/ANUBIS/install/motor_messages/include/motor_messages/motor_messages/msg/rosidl_generator_cpp__visibility_control.hpp
[17.868s] -- Installing: /workspaces/ANUBIS/install/motor_messages/include/motor_messages/motor_messages/msg/health.hpp
[17.869s] -- Up-to-date: /workspaces/ANUBIS/install/motor_messages/include/motor_messages/motor_messages
[17.870s] -- Up-to-date: /workspaces/ANUBIS/install/motor_messages/include/motor_messages/motor_messages/msg
[17.871s] -- Up-to-date: /workspaces/ANUBIS/install/motor_messages/include/motor_messages/motor_messages/msg/detail
[17.871s] -- Installing: /workspaces/ANUBIS/install/motor_messages/include/motor_messages/motor_messages/msg/detail/dds_fastrtps
[17.872s] -- Installing: /workspaces/ANUBIS/install/motor_messages/include/motor_messages/motor_messages/msg/detail/command__rosidl_typesupport_fastrtps_cpp.hpp
[17.872s] -- Installing: /workspaces/ANUBIS/install/motor_messages/include/motor_messages/motor_messages/msg/detail/feedback__rosidl_typesupport_fastrtps_cpp.hpp
[17.873s] -- Installing: /workspaces/ANUBIS/install/motor_messages/include/motor_messages/motor_messages/msg/detail/health__rosidl_typesupport_fastrtps_cpp.hpp
[17.873s] -- Installing: /workspaces/ANUBIS/install/motor_messages/include/motor_messages/motor_messages/msg/rosidl_typesupport_fastrtps_cpp__visibility_control.h
[17.873s] -- Installing: /workspaces/ANUBIS/install/motor_messages/lib/libmotor_messages__rosidl_typesupport_fastrtps_cpp.so
[17.873s] -- Set non-toolchain portion of runtime path of "/workspaces/ANUBIS/install/motor_messages/lib/libmotor_messages__rosidl_typesupport_fastrtps_cpp.so" to ""
[17.873s] -- Up-to-date: /workspaces/ANUBIS/install/motor_messages/include/motor_messages/motor_messages
[17.873s] -- Up-to-date: /workspaces/ANUBIS/install/motor_messages/include/motor_messages/motor_messages/msg
[17.874s] -- Installing: /workspaces/ANUBIS/install/motor_messages/include/motor_messages/motor_messages/msg/rosidl_typesupport_introspection_c__visibility_control.h
[17.874s] -- Up-to-date: /workspaces/ANUBIS/install/motor_messages/include/motor_messages/motor_messages/msg/detail
[17.874s] -- Installing: /workspaces/ANUBIS/install/motor_messages/include/motor_messages/motor_messages/msg/detail/feedback__type_support.c
[17.874s] -- Installing: /workspaces/ANUBIS/install/motor_messages/include/motor_messages/motor_messages/msg/detail/feedback__rosidl_typesupport_introspection_c.h
[17.876s] -- Installing: /workspaces/ANUBIS/install/motor_messages/include/motor_messages/motor_messages/msg/detail/health__rosidl_typesupport_introspection_c.h
[17.876s] -- Installing: /workspaces/ANUBIS/install/motor_messages/include/motor_messages/motor_messages/msg/detail/command__rosidl_typesupport_introspection_c.h
[17.877s] -- Installing: /workspaces/ANUBIS/install/motor_messages/include/motor_messages/motor_messages/msg/detail/command__type_support.c
[17.877s] -- Installing: /workspaces/ANUBIS/install/motor_messages/include/motor_messages/motor_messages/msg/detail/health__type_support.c
[17.878s] -- Installing: /workspaces/ANUBIS/install/motor_messages/lib/libmotor_messages__rosidl_typesupport_introspection_c.so
[17.878s] -- Set non-toolchain portion of runtime path of "/workspaces/ANUBIS/install/motor_messages/lib/libmotor_messages__rosidl_typesupport_introspection_c.so" to ""
[17.878s] -- Installing: /workspaces/ANUBIS/install/motor_messages/lib/libmotor_messages__rosidl_typesupport_c.so
[17.878s] -- Set non-toolchain portion of runtime path of "/workspaces/ANUBIS/install/motor_messages/lib/libmotor_messages__rosidl_typesupport_c.so" to ""
[17.879s] -- Up-to-date: /workspaces/ANUBIS/install/motor_messages/include/motor_messages/motor_messages
[17.879s] -- Up-to-date: /workspaces/ANUBIS/install/motor_messages/include/motor_messages/motor_messages/msg
[17.879s] -- Up-to-date: /workspaces/ANUBIS/install/motor_messages/include/motor_messages/motor_messages/msg/detail
[17.879s] -- Installing: /workspaces/ANUBIS/install/motor_messages/include/motor_messages/motor_messages/msg/detail/feedback__rosidl_typesupport_introspection_cpp.hpp
[17.879s] -- Installing: /workspaces/ANUBIS/install/motor_messages/include/motor_messages/motor_messages/msg/detail/feedback__type_support.cpp
[17.880s] -- Installing: /workspaces/ANUBIS/install/motor_messages/include/motor_messages/motor_messages/msg/detail/command__type_support.cpp
[17.880s] -- Installing: /workspaces/ANUBIS/install/motor_messages/include/motor_messages/motor_messages/msg/detail/command__rosidl_typesupport_introspection_cpp.hpp
[17.880s] -- Installing: /workspaces/ANUBIS/install/motor_messages/include/motor_messages/motor_messages/msg/detail/health__rosidl_typesupport_introspection_cpp.hpp
[17.881s] -- Installing: /workspaces/ANUBIS/install/motor_messages/include/motor_messages/motor_messages/msg/detail/health__type_support.cpp
[17.881s] -- Installing: /workspaces/ANUBIS/install/motor_messages/lib/libmotor_messages__rosidl_typesupport_introspection_cpp.so
[17.881s] -- Set non-toolchain portion of runtime path of "/workspaces/ANUBIS/install/motor_messages/lib/libmotor_messages__rosidl_typesupport_introspection_cpp.so" to ""
[17.881s] -- Installing: /workspaces/ANUBIS/install/motor_messages/lib/libmotor_messages__rosidl_typesupport_cpp.so
[17.881s] -- Set non-toolchain portion of runtime path of "/workspaces/ANUBIS/install/motor_messages/lib/libmotor_messages__rosidl_typesupport_cpp.so" to ""
[17.881s] -- Installing: /workspaces/ANUBIS/install/motor_messages/share/motor_messages/environment/pythonpath.sh
[17.882s] -- Installing: /workspaces/ANUBIS/install/motor_messages/share/motor_messages/environment/pythonpath.dsv
[17.882s] -- Installing: /workspaces/ANUBIS/install/motor_messages/lib/python3.12/site-packages/motor_messages-0.0.0-py3.12.egg-info
[17.882s] -- Installing: /workspaces/ANUBIS/install/motor_messages/lib/python3.12/site-packages/motor_messages-0.0.0-py3.12.egg-info/top_level.txt
[17.882s] -- Installing: /workspaces/ANUBIS/install/motor_messages/lib/python3.12/site-packages/motor_messages-0.0.0-py3.12.egg-info/dependency_links.txt
[17.882s] -- Installing: /workspaces/ANUBIS/install/motor_messages/lib/python3.12/site-packages/motor_messages-0.0.0-py3.12.egg-info/SOURCES.txt
[17.882s] -- Installing: /workspaces/ANUBIS/install/motor_messages/lib/python3.12/site-packages/motor_messages-0.0.0-py3.12.egg-info/PKG-INFO
[17.883s] -- Installing: /workspaces/ANUBIS/install/motor_messages/lib/python3.12/site-packages/motor_messages
[17.883s] -- Installing: /workspaces/ANUBIS/install/motor_messages/lib/python3.12/site-packages/motor_messages/motor_messages_s__rosidl_typesupport_c.so
[17.883s] -- Installing: /workspaces/ANUBIS/install/motor_messages/lib/python3.12/site-packages/motor_messages/__init__.py
[17.883s] -- Installing: /workspaces/ANUBIS/install/motor_messages/lib/python3.12/site-packages/motor_messages/_motor_messages_s.ep.rosidl_typesupport_introspection_c.c
[17.883s] -- Installing: /workspaces/ANUBIS/install/motor_messages/lib/python3.12/site-packages/motor_messages/_motor_messages_s.ep.rosidl_typesupport_fastrtps_c.c
[17.883s] -- Installing: /workspaces/ANUBIS/install/motor_messages/lib/python3.12/site-packages/motor_messages/motor_messages_s__rosidl_typesupport_introspection_c.so
[17.884s] -- Installing: /workspaces/ANUBIS/install/motor_messages/lib/python3.12/site-packages/motor_messages/msg
[17.884s] -- Installing: /workspaces/ANUBIS/install/motor_messages/lib/python3.12/site-packages/motor_messages/msg/_command_s.c
[17.884s] -- Installing: /workspaces/ANUBIS/install/motor_messages/lib/python3.12/site-packages/motor_messages/msg/__init__.py
[17.884s] -- Installing: /workspaces/ANUBIS/install/motor_messages/lib/python3.12/site-packages/motor_messages/msg/_feedback_s.c
[17.884s] -- Installing: /workspaces/ANUBIS/install/motor_messages/lib/python3.12/site-packages/motor_messages/msg/_command.py
[17.884s] -- Installing: /workspaces/ANUBIS/install/motor_messages/lib/python3.12/site-packages/motor_messages/msg/_health.py
[17.885s] -- Installing: /workspaces/ANUBIS/install/motor_messages/lib/python3.12/site-packages/motor_messages/msg/_health_s.c
[17.885s] -- Installing: /workspaces/ANUBIS/install/motor_messages/lib/python3.12/site-packages/motor_messages/msg/_feedback.py
[17.885s] -- Installing: /workspaces/ANUBIS/install/motor_messages/lib/python3.12/site-packages/motor_messages/motor_messages_s__rosidl_typesupport_fastrtps_c.so
[17.885s] -- Installing: /workspaces/ANUBIS/install/motor_messages/lib/python3.12/site-packages/motor_messages/_motor_messages_s.ep.rosidl_typesupport_c.c
[17.941s] Listing '/workspaces/ANUBIS/install/motor_messages/lib/python3.12/site-packages/motor_messages'...
[17.941s] Compiling '/workspaces/ANUBIS/install/motor_messages/lib/python3.12/site-packages/motor_messages/__init__.py'...
[17.941s] Listing '/workspaces/ANUBIS/install/motor_messages/lib/python3.12/site-packages/motor_messages/msg'...
[17.941s] Compiling '/workspaces/ANUBIS/install/motor_messages/lib/python3.12/site-packages/motor_messages/msg/__init__.py'...
[17.941s] Compiling '/workspaces/ANUBIS/install/motor_messages/lib/python3.12/site-packages/motor_messages/msg/_command.py'...
[17.941s] Compiling '/workspaces/ANUBIS/install/motor_messages/lib/python3.12/site-packages/motor_messages/msg/_feedback.py'...
[17.941s] Compiling '/workspaces/ANUBIS/install/motor_messages/lib/python3.12/site-packages/motor_messages/msg/_health.py'...
[17.949s] -- Installing: /workspaces/ANUBIS/install/motor_messages/lib/python3.12/site-packages/motor_messages/motor_messages_s__rosidl_typesupport_fastrtps_c.so
[17.949s] -- Set non-toolchain portion of runtime path of "/workspaces/ANUBIS/install/motor_messages/lib/python3.12/site-packages/motor_messages/motor_messages_s__rosidl_typesupport_fastrtps_c.so" to ""
[17.949s] -- Installing: /workspaces/ANUBIS/install/motor_messages/lib/python3.12/site-packages/motor_messages/motor_messages_s__rosidl_typesupport_introspection_c.so
[17.950s] -- Set non-toolchain portion of runtime path of "/workspaces/ANUBIS/install/motor_messages/lib/python3.12/site-packages/motor_messages/motor_messages_s__rosidl_typesupport_introspection_c.so" to ""
[17.950s] -- Installing: /workspaces/ANUBIS/install/motor_messages/lib/python3.12/site-packages/motor_messages/motor_messages_s__rosidl_typesupport_c.so
[17.950s] -- Set non-toolchain portion of runtime path of "/workspaces/ANUBIS/install/motor_messages/lib/python3.12/site-packages/motor_messages/motor_messages_s__rosidl_typesupport_c.so" to ""
[17.950s] -- Installing: /workspaces/ANUBIS/install/motor_messages/lib/libmotor_messages__rosidl_generator_py.so
[17.951s] -- Set non-toolchain portion of runtime path of "/workspaces/ANUBIS/install/motor_messages/lib/libmotor_messages__rosidl_generator_py.so" to ""
[17.951s] -- Installing: /workspaces/ANUBIS/install/motor_messages/share/motor_messages/msg/Command.idl
[17.951s] -- Installing: /workspaces/ANUBIS/install/motor_messages/share/motor_messages/msg/Feedback.idl
[17.952s] -- Installing: /workspaces/ANUBIS/install/motor_messages/share/motor_messages/msg/Health.idl
[17.952s] -- Installing: /workspaces/ANUBIS/install/motor_messages/share/motor_messages/msg/Command.msg
[17.952s] -- Installing: /workspaces/ANUBIS/install/motor_messages/share/motor_messages/msg/Feedback.msg
[17.952s] -- Installing: /workspaces/ANUBIS/install/motor_messages/share/motor_messages/msg/Health.msg
[17.952s] -- Installing: /workspaces/ANUBIS/install/motor_messages/share/ament_index/resource_index/package_run_dependencies/motor_messages
[17.953s] -- Installing: /workspaces/ANUBIS/install/motor_messages/share/ament_index/resource_index/parent_prefix_path/motor_messages
[17.953s] -- Installing: /workspaces/ANUBIS/install/motor_messages/share/motor_messages/environment/ament_prefix_path.sh
[17.953s] -- Installing: /workspaces/ANUBIS/install/motor_messages/share/motor_messages/environment/ament_prefix_path.dsv
[17.954s] -- Installing: /workspaces/ANUBIS/install/motor_messages/share/motor_messages/environment/path.sh
[17.954s] -- Installing: /workspaces/ANUBIS/install/motor_messages/share/motor_messages/environment/path.dsv
[17.954s] -- Installing: /workspaces/ANUBIS/install/motor_messages/share/motor_messages/local_setup.bash
[17.955s] -- Installing: /workspaces/ANUBIS/install/motor_messages/share/motor_messages/local_setup.sh
[17.955s] -- Installing: /workspaces/ANUBIS/install/motor_messages/share/motor_messages/local_setup.zsh
[17.955s] -- Installing: /workspaces/ANUBIS/install/motor_messages/share/motor_messages/local_setup.dsv
[17.955s] -- Installing: /workspaces/ANUBIS/install/motor_messages/share/motor_messages/package.dsv
[17.955s] -- Installing: /workspaces/ANUBIS/install/motor_messages/share/ament_index/resource_index/packages/motor_messages
[17.956s] -- Installing: /workspaces/ANUBIS/install/motor_messages/share/motor_messages/cmake/export_motor_messages__rosidl_generator_cExport.cmake
[17.956s] -- Installing: /workspaces/ANUBIS/install/motor_messages/share/motor_messages/cmake/export_motor_messages__rosidl_generator_cExport-noconfig.cmake
[17.959s] -- Installing: /workspaces/ANUBIS/install/motor_messages/share/motor_messages/cmake/export_motor_messages__rosidl_typesupport_fastrtps_cExport.cmake
[17.960s] -- Installing: /workspaces/ANUBIS/install/motor_messages/share/motor_messages/cmake/export_motor_messages__rosidl_typesupport_fastrtps_cExport-noconfig.cmake
[17.960s] -- Installing: /workspaces/ANUBIS/install/motor_messages/share/motor_messages/cmake/export_motor_messages__rosidl_generator_cppExport.cmake
[17.960s] -- Installing: /workspaces/ANUBIS/install/motor_messages/share/motor_messages/cmake/export_motor_messages__rosidl_typesupport_fastrtps_cppExport.cmake
[17.960s] -- Installing: /workspaces/ANUBIS/install/motor_messages/share/motor_messages/cmake/export_motor_messages__rosidl_typesupport_fastrtps_cppExport-noconfig.cmake
[17.960s] -- Installing: /workspaces/ANUBIS/install/motor_messages/share/motor_messages/cmake/motor_messages__rosidl_typesupport_introspection_cExport.cmake
[17.960s] -- Installing: /workspaces/ANUBIS/install/motor_messages/share/motor_messages/cmake/motor_messages__rosidl_typesupport_introspection_cExport-noconfig.cmake
[17.961s] -- Installing: /workspaces/ANUBIS/install/motor_messages/share/motor_messages/cmake/motor_messages__rosidl_typesupport_cExport.cmake
[17.961s] -- Installing: /workspaces/ANUBIS/install/motor_messages/share/motor_messages/cmake/motor_messages__rosidl_typesupport_cExport-noconfig.cmake
[17.961s] -- Installing: /workspaces/ANUBIS/install/motor_messages/share/motor_messages/cmake/motor_messages__rosidl_typesupport_introspection_cppExport.cmake
[17.961s] -- Installing: /workspaces/ANUBIS/install/motor_messages/share/motor_messages/cmake/motor_messages__rosidl_typesupport_introspection_cppExport-noconfig.cmake
[17.961s] -- Installing: /workspaces/ANUBIS/install/motor_messages/share/motor_messages/cmake/motor_messages__rosidl_typesupport_cppExport.cmake
[17.961s] -- Installing: /workspaces/ANUBIS/install/motor_messages/share/motor_messages/cmake/motor_messages__rosidl_typesupport_cppExport-noconfig.cmake
[17.962s] -- Installing: /workspaces/ANUBIS/install/motor_messages/share/motor_messages/cmake/export_motor_messages__rosidl_generator_pyExport.cmake
[17.962s] -- Installing: /workspaces/ANUBIS/install/motor_messages/share/motor_messages/cmake/export_motor_messages__rosidl_generator_pyExport-noconfig.cmake
[17.962s] -- Installing: /workspaces/ANUBIS/install/motor_messages/share/motor_messages/cmake/rosidl_cmake-extras.cmake
[17.963s] -- Installing: /workspaces/ANUBIS/install/motor_messages/share/motor_messages/cmake/ament_cmake_export_dependencies-extras.cmake
[17.963s] -- Installing: /workspaces/ANUBIS/install/motor_messages/share/motor_messages/cmake/ament_cmake_export_include_directories-extras.cmake
[17.963s] -- Installing: /workspaces/ANUBIS/install/motor_messages/share/motor_messages/cmake/ament_cmake_export_libraries-extras.cmake
[17.963s] -- Installing: /workspaces/ANUBIS/install/motor_messages/share/motor_messages/cmake/ament_cmake_export_targets-extras.cmake
[17.963s] -- Installing: /workspaces/ANUBIS/install/motor_messages/share/motor_messages/cmake/rosidl_cmake_export_typesupport_targets-extras.cmake
[17.963s] -- Installing: /workspaces/ANUBIS/install/motor_messages/share/motor_messages/cmake/rosidl_cmake_export_typesupport_libraries-extras.cmake
[17.963s] -- Installing: /workspaces/ANUBIS/install/motor_messages/share/motor_messages/cmake/motor_messagesConfig.cmake
[17.964s] -- Installing: /workspaces/ANUBIS/install/motor_messages/share/motor_messages/cmake/motor_messagesConfig-version.cmake
[17.964s] -- Installing: /workspaces/ANUBIS/install/motor_messages/share/motor_messages/package.xml
[17.965s] Invoked command in '/workspaces/ANUBIS/build/motor_messages' returned '0': CMAKE_PREFIX_PATH=${CMAKE_PREFIX_PATH}:/opt/ros/jazzy /usr/bin/cmake --install /workspaces/ANUBIS/build/motor_messages
