[0.132s] DEBUG:colcon:Command line arguments: ['/usr/bin/colcon', 'build']
[0.132s] DEBUG:colcon:Parsed command line arguments: Namespace(log_base=None, log_level=None, verb_name='build', build_base='build', install_base='install', merge_install=False, symlink_install=False, test_result_base=None, continue_on_error=False, executor='parallel', parallel_workers=4, event_handlers=None, ignore_user_meta=False, metas=['./colcon.meta'], base_paths=['.'], packages_ignore=None, packages_ignore_regex=None, paths=None, packages_up_to=None, packages_up_to_regex=None, packages_above=None, packages_above_and_dependencies=None, packages_above_depth=None, packages_select_by_dep=None, packages_skip_by_dep=None, packages_skip_up_to=None, packages_select_build_failed=False, packages_skip_build_finished=False, packages_select_test_failures=False, packages_skip_test_passed=False, packages_select=None, packages_skip=None, packages_select_regex=None, packages_skip_regex=None, packages_start=None, packages_end=None, cmake_args=None, cmake_target=None, cmake_target_skip_unavailable=False, cmake_clean_cache=False, cmake_clean_first=False, cmake_force_configure=False, ament_cmake_args=None, catkin_cmake_args=None, catkin_skip_building_tests=False, mixin_files=None, mixin=None, verb_parser=<colcon_mixin.mixin.mixin_argument.MixinArgumentDecorator object at 0x774a49cf99a0>, verb_extension=<colcon_core.verb.build.BuildVerb object at 0x774a49e4e0c0>, main=<bound method BuildVerb.main of <colcon_core.verb.build.BuildVerb object at 0x774a49e4e0c0>>, mixin_verb=('build',))
[0.179s] Level 1:colcon.colcon_core.package_discovery:discover_packages(colcon_meta) check parameters
[0.180s] Level 1:colcon.colcon_core.package_discovery:discover_packages(recursive) check parameters
[0.180s] Level 1:colcon.colcon_core.package_discovery:discover_packages(ignore) check parameters
[0.180s] Level 1:colcon.colcon_core.package_discovery:discover_packages(path) check parameters
[0.180s] Level 1:colcon.colcon_core.package_discovery:discover_packages(colcon_meta) discover
[0.180s] Level 1:colcon.colcon_core.package_discovery:discover_packages(recursive) discover
[0.180s] INFO:colcon.colcon_core.package_discovery:Crawling recursively for packages in '/workspaces/ANUBIS'
[0.180s] Level 1:colcon.colcon_core.package_identification:_identify(.) by extensions ['ignore', 'ignore_ament_install']
[0.180s] Level 1:colcon.colcon_core.package_identification:_identify(.) by extension 'ignore'
[0.180s] Level 1:colcon.colcon_core.package_identification:_identify(.) by extension 'ignore_ament_install'
[0.181s] Level 1:colcon.colcon_core.package_identification:_identify(.) by extensions ['colcon_pkg']
[0.181s] Level 1:colcon.colcon_core.package_identification:_identify(.) by extension 'colcon_pkg'
[0.181s] Level 1:colcon.colcon_core.package_identification:_identify(.) by extensions ['colcon_meta']
[0.181s] Level 1:colcon.colcon_core.package_identification:_identify(.) by extension 'colcon_meta'
[0.181s] Level 1:colcon.colcon_core.package_identification:_identify(.) by extensions ['ros']
[0.181s] Level 1:colcon.colcon_core.package_identification:_identify(.) by extension 'ros'
[0.214s] Level 1:colcon.colcon_core.package_identification:_identify(.) by extensions ['cmake', 'python']
[0.214s] Level 1:colcon.colcon_core.package_identification:_identify(.) by extension 'cmake'
[0.214s] Level 1:colcon.colcon_core.package_identification:_identify(.) by extension 'python'
[0.214s] Level 1:colcon.colcon_core.package_identification:_identify(.) by extensions ['python_setup_py']
[0.214s] Level 1:colcon.colcon_core.package_identification:_identify(.) by extension 'python_setup_py'
[0.215s] Level 1:colcon.colcon_core.package_identification:_identify(anubis_ws) by extensions ['ignore', 'ignore_ament_install']
[0.215s] Level 1:colcon.colcon_core.package_identification:_identify(anubis_ws) by extension 'ignore'
[0.215s] Level 1:colcon.colcon_core.package_identification:_identify(anubis_ws) by extension 'ignore_ament_install'
[0.215s] Level 1:colcon.colcon_core.package_identification:_identify(anubis_ws) by extensions ['colcon_pkg']
[0.215s] Level 1:colcon.colcon_core.package_identification:_identify(anubis_ws) by extension 'colcon_pkg'
[0.215s] Level 1:colcon.colcon_core.package_identification:_identify(anubis_ws) by extensions ['colcon_meta']
[0.215s] Level 1:colcon.colcon_core.package_identification:_identify(anubis_ws) by extension 'colcon_meta'
[0.215s] Level 1:colcon.colcon_core.package_identification:_identify(anubis_ws) by extensions ['ros']
[0.215s] Level 1:colcon.colcon_core.package_identification:_identify(anubis_ws) by extension 'ros'
[0.216s] Level 1:colcon.colcon_core.package_identification:_identify(anubis_ws) by extensions ['cmake', 'python']
[0.216s] Level 1:colcon.colcon_core.package_identification:_identify(anubis_ws) by extension 'cmake'
[0.216s] Level 1:colcon.colcon_core.package_identification:_identify(anubis_ws) by extension 'python'
[0.216s] Level 1:colcon.colcon_core.package_identification:_identify(anubis_ws) by extensions ['python_setup_py']
[0.216s] Level 1:colcon.colcon_core.package_identification:_identify(anubis_ws) by extension 'python_setup_py'
[0.216s] Level 1:colcon.colcon_core.package_identification:_identify(anubis_ws/src) by extensions ['ignore', 'ignore_ament_install']
[0.216s] Level 1:colcon.colcon_core.package_identification:_identify(anubis_ws/src) by extension 'ignore'
[0.216s] Level 1:colcon.colcon_core.package_identification:_identify(anubis_ws/src) by extension 'ignore_ament_install'
[0.216s] Level 1:colcon.colcon_core.package_identification:_identify(anubis_ws/src) by extensions ['colcon_pkg']
[0.216s] Level 1:colcon.colcon_core.package_identification:_identify(anubis_ws/src) by extension 'colcon_pkg'
[0.216s] Level 1:colcon.colcon_core.package_identification:_identify(anubis_ws/src) by extensions ['colcon_meta']
[0.217s] Level 1:colcon.colcon_core.package_identification:_identify(anubis_ws/src) by extension 'colcon_meta'
[0.217s] Level 1:colcon.colcon_core.package_identification:_identify(anubis_ws/src) by extensions ['ros']
[0.217s] Level 1:colcon.colcon_core.package_identification:_identify(anubis_ws/src) by extension 'ros'
[0.217s] Level 1:colcon.colcon_core.package_identification:_identify(anubis_ws/src) by extensions ['cmake', 'python']
[0.217s] Level 1:colcon.colcon_core.package_identification:_identify(anubis_ws/src) by extension 'cmake'
[0.217s] Level 1:colcon.colcon_core.package_identification:_identify(anubis_ws/src) by extension 'python'
[0.217s] Level 1:colcon.colcon_core.package_identification:_identify(anubis_ws/src) by extensions ['python_setup_py']
[0.217s] Level 1:colcon.colcon_core.package_identification:_identify(anubis_ws/src) by extension 'python_setup_py'
[0.217s] Level 1:colcon.colcon_core.package_identification:_identify(anubis_ws/src/motor_control) by extensions ['ignore', 'ignore_ament_install']
[0.217s] Level 1:colcon.colcon_core.package_identification:_identify(anubis_ws/src/motor_control) by extension 'ignore'
[0.217s] Level 1:colcon.colcon_core.package_identification:_identify(anubis_ws/src/motor_control) by extension 'ignore_ament_install'
[0.218s] Level 1:colcon.colcon_core.package_identification:_identify(anubis_ws/src/motor_control) by extensions ['colcon_pkg']
[0.218s] Level 1:colcon.colcon_core.package_identification:_identify(anubis_ws/src/motor_control) by extension 'colcon_pkg'
[0.218s] Level 1:colcon.colcon_core.package_identification:_identify(anubis_ws/src/motor_control) by extensions ['colcon_meta']
[0.218s] Level 1:colcon.colcon_core.package_identification:_identify(anubis_ws/src/motor_control) by extension 'colcon_meta'
[0.218s] Level 1:colcon.colcon_core.package_identification:_identify(anubis_ws/src/motor_control) by extensions ['ros']
[0.218s] Level 1:colcon.colcon_core.package_identification:_identify(anubis_ws/src/motor_control) by extension 'ros'
[0.221s] DEBUG:colcon.colcon_core.package_identification:Package 'anubis_ws/src/motor_control' with type 'ros.ament_cmake' and name 'motor_control'
[0.221s] Level 1:colcon.colcon_core.package_identification:_identify(anubis_ws/src/motor_messages) by extensions ['ignore', 'ignore_ament_install']
[0.221s] Level 1:colcon.colcon_core.package_identification:_identify(anubis_ws/src/motor_messages) by extension 'ignore'
[0.221s] Level 1:colcon.colcon_core.package_identification:_identify(anubis_ws/src/motor_messages) by extension 'ignore_ament_install'
[0.221s] Level 1:colcon.colcon_core.package_identification:_identify(anubis_ws/src/motor_messages) by extensions ['colcon_pkg']
[0.221s] Level 1:colcon.colcon_core.package_identification:_identify(anubis_ws/src/motor_messages) by extension 'colcon_pkg'
[0.221s] Level 1:colcon.colcon_core.package_identification:_identify(anubis_ws/src/motor_messages) by extensions ['colcon_meta']
[0.221s] Level 1:colcon.colcon_core.package_identification:_identify(anubis_ws/src/motor_messages) by extension 'colcon_meta'
[0.222s] Level 1:colcon.colcon_core.package_identification:_identify(anubis_ws/src/motor_messages) by extensions ['ros']
[0.222s] Level 1:colcon.colcon_core.package_identification:_identify(anubis_ws/src/motor_messages) by extension 'ros'
[0.222s] DEBUG:colcon.colcon_core.package_identification:Package 'anubis_ws/src/motor_messages' with type 'ros.ament_cmake' and name 'motor_messages'
[0.222s] Level 1:colcon.colcon_core.package_identification:_identify(build) by extensions ['ignore', 'ignore_ament_install']
[0.223s] Level 1:colcon.colcon_core.package_identification:_identify(build) by extension 'ignore'
[0.223s] Level 1:colcon.colcon_core.package_identification:_identify(build) ignored
[0.223s] Level 1:colcon.colcon_core.package_identification:_identify(install) by extensions ['ignore', 'ignore_ament_install']
[0.223s] Level 1:colcon.colcon_core.package_identification:_identify(install) by extension 'ignore'
[0.223s] Level 1:colcon.colcon_core.package_identification:_identify(install) ignored
[0.223s] Level 1:colcon.colcon_core.package_identification:_identify(log) by extensions ['ignore', 'ignore_ament_install']
[0.223s] Level 1:colcon.colcon_core.package_identification:_identify(log) by extension 'ignore'
[0.223s] Level 1:colcon.colcon_core.package_identification:_identify(log) ignored
[0.223s] Level 1:colcon.colcon_core.package_discovery:discover_packages(recursive) using defaults
[0.224s] Level 1:colcon.colcon_core.package_discovery:discover_packages(ignore) discover
[0.224s] Level 1:colcon.colcon_core.package_discovery:discover_packages(ignore) using defaults
[0.224s] Level 1:colcon.colcon_core.package_discovery:discover_packages(path) discover
[0.224s] Level 1:colcon.colcon_core.package_discovery:discover_packages(path) using defaults
[0.245s] Level 5:colcon.colcon_core.verb:set package 'motor_messages' build argument 'cmake_args' from command line to 'None'
[0.245s] Level 5:colcon.colcon_core.verb:set package 'motor_messages' build argument 'cmake_target' from command line to 'None'
[0.245s] Level 5:colcon.colcon_core.verb:set package 'motor_messages' build argument 'cmake_target_skip_unavailable' from command line to 'False'
[0.245s] Level 5:colcon.colcon_core.verb:set package 'motor_messages' build argument 'cmake_clean_cache' from command line to 'False'
[0.245s] Level 5:colcon.colcon_core.verb:set package 'motor_messages' build argument 'cmake_clean_first' from command line to 'False'
[0.245s] Level 5:colcon.colcon_core.verb:set package 'motor_messages' build argument 'cmake_force_configure' from command line to 'False'
[0.245s] Level 5:colcon.colcon_core.verb:set package 'motor_messages' build argument 'ament_cmake_args' from command line to 'None'
[0.245s] Level 5:colcon.colcon_core.verb:set package 'motor_messages' build argument 'catkin_cmake_args' from command line to 'None'
[0.245s] Level 5:colcon.colcon_core.verb:set package 'motor_messages' build argument 'catkin_skip_building_tests' from command line to 'False'
[0.245s] DEBUG:colcon.colcon_core.verb:Building package 'motor_messages' with the following arguments: {'ament_cmake_args': None, 'build_base': '/workspaces/ANUBIS/build/motor_messages', 'catkin_cmake_args': None, 'catkin_skip_building_tests': False, 'cmake_args': None, 'cmake_clean_cache': False, 'cmake_clean_first': False, 'cmake_force_configure': False, 'cmake_target': None, 'cmake_target_skip_unavailable': False, 'install_base': '/workspaces/ANUBIS/install/motor_messages', 'merge_install': False, 'path': '/workspaces/ANUBIS/anubis_ws/src/motor_messages', 'symlink_install': False, 'test_result_base': None}
[0.246s] Level 5:colcon.colcon_core.verb:set package 'motor_control' build argument 'cmake_args' from command line to 'None'
[0.246s] Level 5:colcon.colcon_core.verb:set package 'motor_control' build argument 'cmake_target' from command line to 'None'
[0.246s] Level 5:colcon.colcon_core.verb:set package 'motor_control' build argument 'cmake_target_skip_unavailable' from command line to 'False'
[0.246s] Level 5:colcon.colcon_core.verb:set package 'motor_control' build argument 'cmake_clean_cache' from command line to 'False'
[0.246s] Level 5:colcon.colcon_core.verb:set package 'motor_control' build argument 'cmake_clean_first' from command line to 'False'
[0.246s] Level 5:colcon.colcon_core.verb:set package 'motor_control' build argument 'cmake_force_configure' from command line to 'False'
[0.246s] Level 5:colcon.colcon_core.verb:set package 'motor_control' build argument 'ament_cmake_args' from command line to 'None'
[0.246s] Level 5:colcon.colcon_core.verb:set package 'motor_control' build argument 'catkin_cmake_args' from command line to 'None'
[0.246s] Level 5:colcon.colcon_core.verb:set package 'motor_control' build argument 'catkin_skip_building_tests' from command line to 'False'
[0.246s] DEBUG:colcon.colcon_core.verb:Building package 'motor_control' with the following arguments: {'ament_cmake_args': None, 'build_base': '/workspaces/ANUBIS/build/motor_control', 'catkin_cmake_args': None, 'catkin_skip_building_tests': False, 'cmake_args': None, 'cmake_clean_cache': False, 'cmake_clean_first': False, 'cmake_force_configure': False, 'cmake_target': None, 'cmake_target_skip_unavailable': False, 'install_base': '/workspaces/ANUBIS/install/motor_control', 'merge_install': False, 'path': '/workspaces/ANUBIS/anubis_ws/src/motor_control', 'symlink_install': False, 'test_result_base': None}
[0.246s] INFO:colcon.colcon_core.executor:Executing jobs using 'parallel' executor
[0.247s] DEBUG:colcon.colcon_parallel_executor.executor.parallel:run_until_complete
[0.248s] INFO:colcon.colcon_ros.task.ament_cmake.build:Building ROS package in '/workspaces/ANUBIS/anubis_ws/src/motor_messages' with build type 'ament_cmake'
[0.248s] INFO:colcon.colcon_cmake.task.cmake.build:Building CMake package in '/workspaces/ANUBIS/anubis_ws/src/motor_messages'
[0.250s] INFO:colcon.colcon_core.plugin_system:Skipping extension 'colcon_core.shell.bat': Not used on non-Windows systems
[0.250s] INFO:colcon.colcon_core.shell:Skip shell extension 'powershell' for command environment: Not usable outside of PowerShell
[0.250s] DEBUG:colcon.colcon_core.shell:Skip shell extension 'dsv' for command environment
[0.265s] DEBUG:colcon.colcon_core.event_handler.log_command:Invoking command in '/workspaces/ANUBIS/build/motor_messages': CMAKE_PREFIX_PATH=${CMAKE_PREFIX_PATH}:/opt/ros/jazzy /usr/bin/cmake --build /workspaces/ANUBIS/build/motor_messages -- -j4 -l4
[1.492s] DEBUG:colcon.colcon_core.event_handler.log_command:Invoked command in '/workspaces/ANUBIS/build/motor_messages' returned '0': CMAKE_PREFIX_PATH=${CMAKE_PREFIX_PATH}:/opt/ros/jazzy /usr/bin/cmake --build /workspaces/ANUBIS/build/motor_messages -- -j4 -l4
[1.512s] DEBUG:colcon.colcon_core.event_handler.log_command:Invoking command in '/workspaces/ANUBIS/build/motor_messages': CMAKE_PREFIX_PATH=${CMAKE_PREFIX_PATH}:/opt/ros/jazzy /usr/bin/cmake --install /workspaces/ANUBIS/build/motor_messages
[1.644s] Level 1:colcon.colcon_core.environment:create_environment_scripts_only(motor_messages)
[1.645s] DEBUG:colcon.colcon_core.event_handler.log_command:Invoked command in '/workspaces/ANUBIS/build/motor_messages' returned '0': CMAKE_PREFIX_PATH=${CMAKE_PREFIX_PATH}:/opt/ros/jazzy /usr/bin/cmake --install /workspaces/ANUBIS/build/motor_messages
[1.648s] Level 1:colcon.colcon_core.environment:checking '/workspaces/ANUBIS/install/motor_messages' for CMake module files
[1.649s] Level 1:colcon.colcon_core.environment:checking '/workspaces/ANUBIS/install/motor_messages' for CMake config files
[1.650s] Level 1:colcon.colcon_core.shell:create_environment_hook('motor_messages', 'cmake_prefix_path')
[1.650s] INFO:colcon.colcon_core.shell:Creating environment hook '/workspaces/ANUBIS/install/motor_messages/share/motor_messages/hook/cmake_prefix_path.ps1'
[1.651s] INFO:colcon.colcon_core.shell:Creating environment descriptor '/workspaces/ANUBIS/install/motor_messages/share/motor_messages/hook/cmake_prefix_path.dsv'
[1.652s] INFO:colcon.colcon_core.shell:Creating environment hook '/workspaces/ANUBIS/install/motor_messages/share/motor_messages/hook/cmake_prefix_path.sh'
[1.653s] Level 1:colcon.colcon_core.environment:checking '/workspaces/ANUBIS/install/motor_messages/lib'
[1.653s] Level 1:colcon.colcon_core.shell:create_environment_hook('motor_messages', 'ld_library_path_lib')
[1.653s] INFO:colcon.colcon_core.shell:Creating environment hook '/workspaces/ANUBIS/install/motor_messages/share/motor_messages/hook/ld_library_path_lib.ps1'
[1.654s] INFO:colcon.colcon_core.shell:Creating environment descriptor '/workspaces/ANUBIS/install/motor_messages/share/motor_messages/hook/ld_library_path_lib.dsv'
[1.654s] INFO:colcon.colcon_core.shell:Creating environment hook '/workspaces/ANUBIS/install/motor_messages/share/motor_messages/hook/ld_library_path_lib.sh'
[1.655s] Level 1:colcon.colcon_core.environment:checking '/workspaces/ANUBIS/install/motor_messages/bin'
[1.655s] Level 1:colcon.colcon_core.environment:checking '/workspaces/ANUBIS/install/motor_messages/lib/pkgconfig/motor_messages.pc'
[1.657s] Level 1:colcon.colcon_core.environment:checking '/workspaces/ANUBIS/install/motor_messages/lib/python3.12/site-packages'
[1.657s] Level 1:colcon.colcon_core.shell:create_environment_hook('motor_messages', 'pythonpath')
[1.658s] INFO:colcon.colcon_core.shell:Creating environment hook '/workspaces/ANUBIS/install/motor_messages/share/motor_messages/hook/pythonpath.ps1'
[1.658s] INFO:colcon.colcon_core.shell:Creating environment descriptor '/workspaces/ANUBIS/install/motor_messages/share/motor_messages/hook/pythonpath.dsv'
[1.659s] INFO:colcon.colcon_core.shell:Creating environment hook '/workspaces/ANUBIS/install/motor_messages/share/motor_messages/hook/pythonpath.sh'
[1.660s] Level 1:colcon.colcon_core.environment:checking '/workspaces/ANUBIS/install/motor_messages/bin'
[1.661s] INFO:colcon.colcon_core.shell:Creating package script '/workspaces/ANUBIS/install/motor_messages/share/motor_messages/package.ps1'
[1.662s] INFO:colcon.colcon_core.shell:Creating package descriptor '/workspaces/ANUBIS/install/motor_messages/share/motor_messages/package.dsv'
[1.663s] INFO:colcon.colcon_core.shell:Creating package script '/workspaces/ANUBIS/install/motor_messages/share/motor_messages/package.sh'
[1.665s] INFO:colcon.colcon_core.shell:Creating package script '/workspaces/ANUBIS/install/motor_messages/share/motor_messages/package.bash'
[1.666s] INFO:colcon.colcon_core.shell:Creating package script '/workspaces/ANUBIS/install/motor_messages/share/motor_messages/package.zsh'
[1.667s] Level 1:colcon.colcon_core.environment:create_file_with_runtime_dependencies(/workspaces/ANUBIS/install/motor_messages/share/colcon-core/packages/motor_messages)
[1.668s] Level 1:colcon.colcon_core.environment:create_environment_scripts_only(motor_messages)
[1.669s] Level 1:colcon.colcon_core.environment:checking '/workspaces/ANUBIS/install/motor_messages' for CMake module files
[1.670s] Level 1:colcon.colcon_core.environment:checking '/workspaces/ANUBIS/install/motor_messages' for CMake config files
[1.670s] Level 1:colcon.colcon_core.shell:create_environment_hook('motor_messages', 'cmake_prefix_path')
[1.670s] INFO:colcon.colcon_core.shell:Creating environment hook '/workspaces/ANUBIS/install/motor_messages/share/motor_messages/hook/cmake_prefix_path.ps1'
[1.671s] INFO:colcon.colcon_core.shell:Creating environment descriptor '/workspaces/ANUBIS/install/motor_messages/share/motor_messages/hook/cmake_prefix_path.dsv'
[1.672s] INFO:colcon.colcon_core.shell:Creating environment hook '/workspaces/ANUBIS/install/motor_messages/share/motor_messages/hook/cmake_prefix_path.sh'
[1.673s] Level 1:colcon.colcon_core.environment:checking '/workspaces/ANUBIS/install/motor_messages/lib'
[1.673s] Level 1:colcon.colcon_core.shell:create_environment_hook('motor_messages', 'ld_library_path_lib')
[1.673s] INFO:colcon.colcon_core.shell:Creating environment hook '/workspaces/ANUBIS/install/motor_messages/share/motor_messages/hook/ld_library_path_lib.ps1'
[1.674s] INFO:colcon.colcon_core.shell:Creating environment descriptor '/workspaces/ANUBIS/install/motor_messages/share/motor_messages/hook/ld_library_path_lib.dsv'
[1.674s] INFO:colcon.colcon_core.shell:Creating environment hook '/workspaces/ANUBIS/install/motor_messages/share/motor_messages/hook/ld_library_path_lib.sh'
[1.675s] Level 1:colcon.colcon_core.environment:checking '/workspaces/ANUBIS/install/motor_messages/bin'
[1.675s] Level 1:colcon.colcon_core.environment:checking '/workspaces/ANUBIS/install/motor_messages/lib/pkgconfig/motor_messages.pc'
[1.675s] Level 1:colcon.colcon_core.environment:checking '/workspaces/ANUBIS/install/motor_messages/lib/python3.12/site-packages'
[1.675s] Level 1:colcon.colcon_core.shell:create_environment_hook('motor_messages', 'pythonpath')
[1.675s] INFO:colcon.colcon_core.shell:Creating environment hook '/workspaces/ANUBIS/install/motor_messages/share/motor_messages/hook/pythonpath.ps1'
[1.676s] INFO:colcon.colcon_core.shell:Creating environment descriptor '/workspaces/ANUBIS/install/motor_messages/share/motor_messages/hook/pythonpath.dsv'
[1.677s] INFO:colcon.colcon_core.shell:Creating environment hook '/workspaces/ANUBIS/install/motor_messages/share/motor_messages/hook/pythonpath.sh'
[1.678s] Level 1:colcon.colcon_core.environment:checking '/workspaces/ANUBIS/install/motor_messages/bin'
[1.678s] INFO:colcon.colcon_core.shell:Creating package script '/workspaces/ANUBIS/install/motor_messages/share/motor_messages/package.ps1'
[1.679s] INFO:colcon.colcon_core.shell:Creating package descriptor '/workspaces/ANUBIS/install/motor_messages/share/motor_messages/package.dsv'
[1.681s] INFO:colcon.colcon_core.shell:Creating package script '/workspaces/ANUBIS/install/motor_messages/share/motor_messages/package.sh'
[1.681s] INFO:colcon.colcon_core.shell:Creating package script '/workspaces/ANUBIS/install/motor_messages/share/motor_messages/package.bash'
[1.682s] INFO:colcon.colcon_core.shell:Creating package script '/workspaces/ANUBIS/install/motor_messages/share/motor_messages/package.zsh'
[1.683s] Level 1:colcon.colcon_core.environment:create_file_with_runtime_dependencies(/workspaces/ANUBIS/install/motor_messages/share/colcon-core/packages/motor_messages)
[1.683s] INFO:colcon.colcon_ros.task.ament_cmake.build:Building ROS package in '/workspaces/ANUBIS/anubis_ws/src/motor_control' with build type 'ament_cmake'
[1.683s] INFO:colcon.colcon_cmake.task.cmake.build:Building CMake package in '/workspaces/ANUBIS/anubis_ws/src/motor_control'
[1.684s] INFO:colcon.colcon_core.shell:Skip shell extension 'powershell' for command environment: Not usable outside of PowerShell
[1.684s] DEBUG:colcon.colcon_core.shell:Skip shell extension 'dsv' for command environment
[1.708s] DEBUG:colcon.colcon_core.event_handler.log_command:Invoking command in '/workspaces/ANUBIS/build/motor_control': AMENT_PREFIX_PATH=/workspaces/ANUBIS/install/motor_messages:${AMENT_PREFIX_PATH} CMAKE_PREFIX_PATH=/workspaces/ANUBIS/install/motor_messages:/opt/ros/jazzy/opt/gz_sim_vendor:/opt/ros/jazzy/opt/gz_sensors_vendor:/opt/ros/jazzy/opt/gz_physics_vendor:/opt/ros/jazzy/opt/sdformat_vendor:/opt/ros/jazzy/opt/gz_gui_vendor:/opt/ros/jazzy/opt/gz_transport_vendor:/opt/ros/jazzy/opt/gz_rendering_vendor:/opt/ros/jazzy/opt/gz_plugin_vendor:/opt/ros/jazzy/opt/gz_fuel_tools_vendor:/opt/ros/jazzy/opt/gz_msgs_vendor:/opt/ros/jazzy/opt/gz_common_vendor:/opt/ros/jazzy/opt/gz_math_vendor:/opt/ros/jazzy/opt/gz_utils_vendor:/opt/ros/jazzy/opt/gz_tools_vendor:/opt/ros/jazzy/opt/gz_ogre_next_vendor:/opt/ros/jazzy/opt/gz_dartsim_vendor:/opt/ros/jazzy/opt/gz_cmake_vendor:/opt/ros/jazzy LD_LIBRARY_PATH=/workspaces/ANUBIS/install/motor_messages/lib:/usr/lib/phoenix6:/opt/ros/jazzy/opt/gz_sim_vendor/lib:/opt/ros/jazzy/opt/gz_sensors_vendor/lib:/opt/ros/jazzy/opt/gz_physics_vendor/lib:/opt/ros/jazzy/opt/sdformat_vendor/lib:/opt/ros/jazzy/opt/rviz_ogre_vendor/lib:/opt/ros/jazzy/lib/x86_64-linux-gnu:/opt/ros/jazzy/opt/gz_gui_vendor/lib:/opt/ros/jazzy/opt/gz_transport_vendor/lib:/opt/ros/jazzy/opt/gz_rendering_vendor/lib:/opt/ros/jazzy/opt/gz_plugin_vendor/lib:/opt/ros/jazzy/opt/gz_fuel_tools_vendor/lib:/opt/ros/jazzy/opt/gz_msgs_vendor/lib:/opt/ros/jazzy/opt/gz_common_vendor/lib:/opt/ros/jazzy/opt/gz_math_vendor/lib:/opt/ros/jazzy/opt/gz_utils_vendor/lib:/opt/ros/jazzy/opt/gz_tools_vendor/lib:/opt/ros/jazzy/opt/gz_ogre_next_vendor/lib:/opt/ros/jazzy/opt/gz_dartsim_vendor/lib:/opt/ros/jazzy/opt/gz_cmake_vendor/lib:/opt/ros/jazzy/lib:/usr/lib/phoenix6 PYTHONPATH=/workspaces/ANUBIS/install/motor_messages/lib/python3.12/site-packages:${PYTHONPATH} /usr/bin/cmake --build /workspaces/ANUBIS/build/motor_control -- -j4 -l4
[10.218s] DEBUG:colcon.colcon_core.event_handler.log_command:Invoked command in '/workspaces/ANUBIS/build/motor_control' returned '2': AMENT_PREFIX_PATH=/workspaces/ANUBIS/install/motor_messages:${AMENT_PREFIX_PATH} CMAKE_PREFIX_PATH=/workspaces/ANUBIS/install/motor_messages:/opt/ros/jazzy/opt/gz_sim_vendor:/opt/ros/jazzy/opt/gz_sensors_vendor:/opt/ros/jazzy/opt/gz_physics_vendor:/opt/ros/jazzy/opt/sdformat_vendor:/opt/ros/jazzy/opt/gz_gui_vendor:/opt/ros/jazzy/opt/gz_transport_vendor:/opt/ros/jazzy/opt/gz_rendering_vendor:/opt/ros/jazzy/opt/gz_plugin_vendor:/opt/ros/jazzy/opt/gz_fuel_tools_vendor:/opt/ros/jazzy/opt/gz_msgs_vendor:/opt/ros/jazzy/opt/gz_common_vendor:/opt/ros/jazzy/opt/gz_math_vendor:/opt/ros/jazzy/opt/gz_utils_vendor:/opt/ros/jazzy/opt/gz_tools_vendor:/opt/ros/jazzy/opt/gz_ogre_next_vendor:/opt/ros/jazzy/opt/gz_dartsim_vendor:/opt/ros/jazzy/opt/gz_cmake_vendor:/opt/ros/jazzy LD_LIBRARY_PATH=/workspaces/ANUBIS/install/motor_messages/lib:/usr/lib/phoenix6:/opt/ros/jazzy/opt/gz_sim_vendor/lib:/opt/ros/jazzy/opt/gz_sensors_vendor/lib:/opt/ros/jazzy/opt/gz_physics_vendor/lib:/opt/ros/jazzy/opt/sdformat_vendor/lib:/opt/ros/jazzy/opt/rviz_ogre_vendor/lib:/opt/ros/jazzy/lib/x86_64-linux-gnu:/opt/ros/jazzy/opt/gz_gui_vendor/lib:/opt/ros/jazzy/opt/gz_transport_vendor/lib:/opt/ros/jazzy/opt/gz_rendering_vendor/lib:/opt/ros/jazzy/opt/gz_plugin_vendor/lib:/opt/ros/jazzy/opt/gz_fuel_tools_vendor/lib:/opt/ros/jazzy/opt/gz_msgs_vendor/lib:/opt/ros/jazzy/opt/gz_common_vendor/lib:/opt/ros/jazzy/opt/gz_math_vendor/lib:/opt/ros/jazzy/opt/gz_utils_vendor/lib:/opt/ros/jazzy/opt/gz_tools_vendor/lib:/opt/ros/jazzy/opt/gz_ogre_next_vendor/lib:/opt/ros/jazzy/opt/gz_dartsim_vendor/lib:/opt/ros/jazzy/opt/gz_cmake_vendor/lib:/opt/ros/jazzy/lib:/usr/lib/phoenix6 PYTHONPATH=/workspaces/ANUBIS/install/motor_messages/lib/python3.12/site-packages:${PYTHONPATH} /usr/bin/cmake --build /workspaces/ANUBIS/build/motor_control -- -j4 -l4
[10.218s] Level 1:colcon.colcon_core.environment:create_environment_scripts_only(motor_control)
[10.219s] Level 1:colcon.colcon_core.environment:checking '/workspaces/ANUBIS/install/motor_control' for CMake module files
[10.220s] Level 1:colcon.colcon_core.environment:checking '/workspaces/ANUBIS/install/motor_control' for CMake config files
[10.220s] Level 1:colcon.colcon_core.environment:checking '/workspaces/ANUBIS/install/motor_control/bin'
[10.221s] Level 1:colcon.colcon_core.environment:checking '/workspaces/ANUBIS/install/motor_control/lib/pkgconfig/motor_control.pc'
[10.221s] Level 1:colcon.colcon_core.environment:checking '/workspaces/ANUBIS/install/motor_control/lib/python3.12/site-packages'
[10.222s] Level 1:colcon.colcon_core.environment:checking '/workspaces/ANUBIS/install/motor_control/bin'
[10.222s] INFO:colcon.colcon_core.shell:Creating package script '/workspaces/ANUBIS/install/motor_control/share/motor_control/package.ps1'
[10.223s] INFO:colcon.colcon_core.shell:Creating package descriptor '/workspaces/ANUBIS/install/motor_control/share/motor_control/package.dsv'
[10.224s] INFO:colcon.colcon_core.shell:Creating package script '/workspaces/ANUBIS/install/motor_control/share/motor_control/package.sh'
[10.225s] INFO:colcon.colcon_core.shell:Creating package script '/workspaces/ANUBIS/install/motor_control/share/motor_control/package.bash'
[10.226s] INFO:colcon.colcon_core.shell:Creating package script '/workspaces/ANUBIS/install/motor_control/share/motor_control/package.zsh'
[10.227s] Level 1:colcon.colcon_core.environment:create_file_with_runtime_dependencies(/workspaces/ANUBIS/install/motor_control/share/colcon-core/packages/motor_control)
[10.238s] DEBUG:colcon.colcon_parallel_executor.executor.parallel:closing loop
[10.238s] DEBUG:colcon.colcon_parallel_executor.executor.parallel:loop closed
[10.238s] DEBUG:colcon.colcon_parallel_executor.executor.parallel:run_until_complete finished with '2'
[10.238s] DEBUG:colcon.colcon_core.event_reactor:joining thread
[10.253s] INFO:colcon.colcon_core.plugin_system:Skipping extension 'colcon_notification.desktop_notification.notify_send': Could not find 'notify-send'
[10.253s] INFO:colcon.colcon_core.plugin_system:Skipping extension 'colcon_notification.desktop_notification.terminal_notifier': Not used on non-Darwin systems
[10.253s] INFO:colcon.colcon_core.plugin_system:Skipping extension 'colcon_notification.desktop_notification.win32': Not used on non-Windows systems
[10.253s] INFO:colcon.colcon_notification.desktop_notification:Sending desktop notification using 'notify2'
[10.256s] DEBUG:colcon.colcon_notification.desktop_notification.notify2:Failed to initialize notify2: org.freedesktop.DBus.Error.Spawn.ExecFailed: /usr/bin/dbus-launch terminated abnormally without any error message
[10.257s] DEBUG:colcon.colcon_core.event_reactor:joined thread
[10.258s] INFO:colcon.colcon_core.shell:Creating prefix script '/workspaces/ANUBIS/install/local_setup.ps1'
[10.261s] INFO:colcon.colcon_core.shell:Creating prefix util module '/workspaces/ANUBIS/install/_local_setup_util_ps1.py'
[10.263s] INFO:colcon.colcon_core.shell:Creating prefix chain script '/workspaces/ANUBIS/install/setup.ps1'
[10.266s] INFO:colcon.colcon_core.shell:Creating prefix script '/workspaces/ANUBIS/install/local_setup.sh'
[10.268s] INFO:colcon.colcon_core.shell:Creating prefix util module '/workspaces/ANUBIS/install/_local_setup_util_sh.py'
[10.269s] INFO:colcon.colcon_core.shell:Creating prefix chain script '/workspaces/ANUBIS/install/setup.sh'
[10.271s] INFO:colcon.colcon_core.shell:Creating prefix script '/workspaces/ANUBIS/install/local_setup.bash'
[10.272s] INFO:colcon.colcon_core.shell:Creating prefix chain script '/workspaces/ANUBIS/install/setup.bash'
[10.273s] INFO:colcon.colcon_core.shell:Creating prefix script '/workspaces/ANUBIS/install/local_setup.zsh'
[10.274s] INFO:colcon.colcon_core.shell:Creating prefix chain script '/workspaces/ANUBIS/install/setup.zsh'
