[ 37%] Built target kraken_control_node
[ 50%] [32mBuilding CXX object CMakeFiles/sparkmax_control_node.dir/src/spark_base.cpp.o[0m
[ 62%] [32m[1mLinking CXX executable sparkmax_control_node[0m
[100%] Built target sparkmax_control_node
-- Install configuration: ""
-- Installing: /workspaces/ANUBIS/install/motor_control/lib/motor_control/kraken_control_node
-- Set non-toolchain portion of runtime path of "/workspaces/ANUBIS/install/motor_control/lib/motor_control/kraken_control_node" to ""
-- Installing: /workspaces/ANUBIS/install/motor_control/lib/motor_control/sparkmax_control_node
-- Set non-toolchain portion of runtime path of "/workspaces/ANUBIS/install/motor_control/lib/motor_control/sparkmax_control_node" to ""
-- Installing: /workspaces/ANUBIS/install/motor_control/share/motor_control//launch
-- Installing: /workspaces/ANUBIS/install/motor_control/share/motor_control//launch/kraken_control.launch.py
-- Installing: /workspaces/ANUBIS/install/motor_control/share/motor_control//config
-- Installing: /workspaces/ANUBIS/install/motor_control/share/motor_control//config/kraken_params.yaml
-- Installing: /workspaces/ANUBIS/install/motor_control/share/ament_index/resource_index/package_run_dependencies/motor_control
-- Installing: /workspaces/ANUBIS/install/motor_control/share/ament_index/resource_index/parent_prefix_path/motor_control
-- Installing: /workspaces/ANUBIS/install/motor_control/share/motor_control/environment/ament_prefix_path.sh
-- Installing: /workspaces/ANUBIS/install/motor_control/share/motor_control/environment/ament_prefix_path.dsv
-- Installing: /workspaces/ANUBIS/install/motor_control/share/motor_control/environment/path.sh
-- Installing: /workspaces/ANUBIS/install/motor_control/share/motor_control/environment/path.dsv
-- Installing: /workspaces/ANUBIS/install/motor_control/share/motor_control/local_setup.bash
-- Installing: /workspaces/ANUBIS/install/motor_control/share/motor_control/local_setup.sh
-- Installing: /workspaces/ANUBIS/install/motor_control/share/motor_control/local_setup.zsh
-- Installing: /workspaces/ANUBIS/install/motor_control/share/motor_control/local_setup.dsv
-- Installing: /workspaces/ANUBIS/install/motor_control/share/motor_control/package.dsv
-- Installing: /workspaces/ANUBIS/install/motor_control/share/ament_index/resource_index/packages/motor_control
-- Installing: /workspaces/ANUBIS/install/motor_control/share/motor_control/cmake/ament_cmake_export_include_directories-extras.cmake
-- Installing: /workspaces/ANUBIS/install/motor_control/share/motor_control/cmake/motor_controlConfig.cmake
-- Installing: /workspaces/ANUBIS/install/motor_control/share/motor_control/cmake/motor_controlConfig-version.cmake
-- Installing: /workspaces/ANUBIS/install/motor_control/share/motor_control/package.xml
