[0.023s] Invoking command in '/workspaces/ANUBIS/build/motor_control': AMENT_PREFIX_PATH=/workspaces/ANUBIS/install/motor_messages:${AMENT_PREFIX_PATH} CMAKE_PREFIX_PATH=/workspaces/ANUBIS/install/motor_messages:/opt/ros/jazzy/opt/gz_sim_vendor:/opt/ros/jazzy/opt/gz_sensors_vendor:/opt/ros/jazzy/opt/gz_physics_vendor:/opt/ros/jazzy/opt/sdformat_vendor:/opt/ros/jazzy/opt/gz_gui_vendor:/opt/ros/jazzy/opt/gz_transport_vendor:/opt/ros/jazzy/opt/gz_rendering_vendor:/opt/ros/jazzy/opt/gz_plugin_vendor:/opt/ros/jazzy/opt/gz_fuel_tools_vendor:/opt/ros/jazzy/opt/gz_msgs_vendor:/opt/ros/jazzy/opt/gz_common_vendor:/opt/ros/jazzy/opt/gz_math_vendor:/opt/ros/jazzy/opt/gz_utils_vendor:/opt/ros/jazzy/opt/gz_tools_vendor:/opt/ros/jazzy/opt/gz_ogre_next_vendor:/opt/ros/jazzy/opt/gz_dartsim_vendor:/opt/ros/jazzy/opt/gz_cmake_vendor:/opt/ros/jazzy LD_LIBRARY_PATH=/workspaces/ANUBIS/install/motor_messages/lib:/usr/lib/phoenix6:/opt/ros/jazzy/opt/gz_sim_vendor/lib:/opt/ros/jazzy/opt/gz_sensors_vendor/lib:/opt/ros/jazzy/opt/gz_physics_vendor/lib:/opt/ros/jazzy/opt/sdformat_vendor/lib:/opt/ros/jazzy/opt/rviz_ogre_vendor/lib:/opt/ros/jazzy/lib/x86_64-linux-gnu:/opt/ros/jazzy/opt/gz_gui_vendor/lib:/opt/ros/jazzy/opt/gz_transport_vendor/lib:/opt/ros/jazzy/opt/gz_rendering_vendor/lib:/opt/ros/jazzy/opt/gz_plugin_vendor/lib:/opt/ros/jazzy/opt/gz_fuel_tools_vendor/lib:/opt/ros/jazzy/opt/gz_msgs_vendor/lib:/opt/ros/jazzy/opt/gz_common_vendor/lib:/opt/ros/jazzy/opt/gz_math_vendor/lib:/opt/ros/jazzy/opt/gz_utils_vendor/lib:/opt/ros/jazzy/opt/gz_tools_vendor/lib:/opt/ros/jazzy/opt/gz_ogre_next_vendor/lib:/opt/ros/jazzy/opt/gz_dartsim_vendor/lib:/opt/ros/jazzy/opt/gz_cmake_vendor/lib:/opt/ros/jazzy/lib:/usr/lib/phoenix6 PYTHONPATH=/workspaces/ANUBIS/install/motor_messages/lib/python3.12/site-packages:${PYTHONPATH} /usr/bin/cmake --build /workspaces/ANUBIS/build/motor_control -- -j4 -l4
[0.172s] [ 37%] Built target kraken_control_node
[0.244s] [ 50%] [32mBuilding CXX object CMakeFiles/sparkmax_control_node.dir/src/spark_base.cpp.o[0m
[1.672s] [01m[K/workspaces/ANUBIS/anubis_ws/src/motor_control/src/spark_base.cpp:1423:8:[m[K [01;31m[Kerror: [m[K‘[01m[KSparkBassparkBasee[m[K’ has not been declared
[1.672s]  1423 |  float [01;31m[KSparkBassparkBasee[m[K::GetD(uint8_t slot)
[1.672s]       |        [01;31m[K^~~~~~~~~~~~~~~~~~[m[K
[1.672s] [01m[K/workspaces/ANUBIS/anubis_ws/src/motor_control/src/spark_base.cpp:[m[K In function ‘[01m[Kfloat[01;32m[K GetD[m[K(uint8_t)[m[K’:
[1.672s] [01m[K/workspaces/ANUBIS/anubis_ws/src/motor_control/src/spark_base.cpp:1425:11:[m[K [01;31m[Kerror: [m[K‘[01m[KGetPIDParam[m[K’ was not declared in this scope
[1.673s]  1425 |    return [01;31m[KGetPIDParam[m[K<float>(Parameter::kD_0, slot, "D");
[1.673s]       |           [01;31m[K^~~~~~~~~~~[m[K
[1.673s] [01m[K/workspaces/ANUBIS/anubis_ws/src/motor_control/src/spark_base.cpp:1425:23:[m[K [01;31m[Kerror: [m[Kexpected primary-expression before ‘[01m[Kfloat[m[K’
[1.673s]  1425 |    return GetPIDParam<[01;31m[Kfloat[m[K>(Parameter::kD_0, slot, "D");
[1.673s]       |                       [01;31m[K^~~~~[m[K
[1.676s] [01m[K/workspaces/ANUBIS/anubis_ws/src/motor_control/src/spark_base.cpp:1425:23:[m[K [01;31m[Kerror: [m[Kexpected ‘[01m[K;[m[K’ before ‘[01m[Kfloat[m[K’
[1.677s]  1425 |    return GetPIDParam<[01;31m[Kf[m[K[32m[Kloat[m[K>(Parameter::kD_0, slot, "D");
[1.677s]       |                       [01;31m[K^[m[K[32m[K~~~~[m[K
[1.678s]       |                       [32m[K;[m[K
[1.678s] [01m[K/workspaces/ANUBIS/anubis_ws/src/motor_control/src/spark_base.cpp:1425:28:[m[K [01;31m[Kerror: [m[Kexpected unqualified-id before ‘[01m[K>[m[K’ token
[1.682s]  1425 |    return GetPIDParam<float[01;31m[K>[m[K(Parameter::kD_0, slot, "D");
[1.682s]       |                            [01;31m[K^[m[K
[1.683s] [01m[K/workspaces/ANUBIS/anubis_ws/src/motor_control/src/spark_base.cpp:1423:41:[m[K [01;35m[Kwarning: [m[Kunused parameter ‘[01m[Kslot[m[K’ [[01;35m[K]8;;https://gcc.gnu.org/onlinedocs/gcc/Warning-Options.html#index-Wunused-parameter-Wunused-parameter]8;;[m[K]
[1.683s]  1423 |  float SparkBassparkBasee::GetD([01;35m[Kuint8_t slot[m[K)
[1.683s]       |                                 [01;35m[K~~~~~~~~^~~~[m[K
[1.683s] [01m[K/workspaces/ANUBIS/anubis_ws/src/motor_control/src/spark_base.cpp:[m[K At global scope:
[1.683s] [01m[K/workspaces/ANUBIS/anubis_ws/src/motor_control/src/spark_base.cpp:1436:3:[m[K [01;31m[Kerror: [m[K‘[01m[KsparkBase[m[K’ does not name a type; did you mean ‘[01m[KSparkBase[m[K’?
[1.684s]  1436 |  }[01;31m[KsparkBase[m[K
[1.684s]       |   [01;31m[K^~~~~~~~~[m[K
[1.684s]       |   [32m[KSparkBase[m[K
[1.991s] gmake[2]: *** [CMakeFiles/sparkmax_control_node.dir/build.make:104: CMakeFiles/sparkmax_control_node.dir/src/spark_base.cpp.o] Error 1
[1.991s] gmake[1]: *** [CMakeFiles/Makefile2:165: CMakeFiles/sparkmax_control_node.dir/all] Error 2
[1.992s] gmake: *** [Makefile:146: all] Error 2
[1.997s] Invoked command in '/workspaces/ANUBIS/build/motor_control' returned '2': AMENT_PREFIX_PATH=/workspaces/ANUBIS/install/motor_messages:${AMENT_PREFIX_PATH} CMAKE_PREFIX_PATH=/workspaces/ANUBIS/install/motor_messages:/opt/ros/jazzy/opt/gz_sim_vendor:/opt/ros/jazzy/opt/gz_sensors_vendor:/opt/ros/jazzy/opt/gz_physics_vendor:/opt/ros/jazzy/opt/sdformat_vendor:/opt/ros/jazzy/opt/gz_gui_vendor:/opt/ros/jazzy/opt/gz_transport_vendor:/opt/ros/jazzy/opt/gz_rendering_vendor:/opt/ros/jazzy/opt/gz_plugin_vendor:/opt/ros/jazzy/opt/gz_fuel_tools_vendor:/opt/ros/jazzy/opt/gz_msgs_vendor:/opt/ros/jazzy/opt/gz_common_vendor:/opt/ros/jazzy/opt/gz_math_vendor:/opt/ros/jazzy/opt/gz_utils_vendor:/opt/ros/jazzy/opt/gz_tools_vendor:/opt/ros/jazzy/opt/gz_ogre_next_vendor:/opt/ros/jazzy/opt/gz_dartsim_vendor:/opt/ros/jazzy/opt/gz_cmake_vendor:/opt/ros/jazzy LD_LIBRARY_PATH=/workspaces/ANUBIS/install/motor_messages/lib:/usr/lib/phoenix6:/opt/ros/jazzy/opt/gz_sim_vendor/lib:/opt/ros/jazzy/opt/gz_sensors_vendor/lib:/opt/ros/jazzy/opt/gz_physics_vendor/lib:/opt/ros/jazzy/opt/sdformat_vendor/lib:/opt/ros/jazzy/opt/rviz_ogre_vendor/lib:/opt/ros/jazzy/lib/x86_64-linux-gnu:/opt/ros/jazzy/opt/gz_gui_vendor/lib:/opt/ros/jazzy/opt/gz_transport_vendor/lib:/opt/ros/jazzy/opt/gz_rendering_vendor/lib:/opt/ros/jazzy/opt/gz_plugin_vendor/lib:/opt/ros/jazzy/opt/gz_fuel_tools_vendor/lib:/opt/ros/jazzy/opt/gz_msgs_vendor/lib:/opt/ros/jazzy/opt/gz_common_vendor/lib:/opt/ros/jazzy/opt/gz_math_vendor/lib:/opt/ros/jazzy/opt/gz_utils_vendor/lib:/opt/ros/jazzy/opt/gz_tools_vendor/lib:/opt/ros/jazzy/opt/gz_ogre_next_vendor/lib:/opt/ros/jazzy/opt/gz_dartsim_vendor/lib:/opt/ros/jazzy/opt/gz_cmake_vendor/lib:/opt/ros/jazzy/lib:/usr/lib/phoenix6 PYTHONPATH=/workspaces/ANUBIS/install/motor_messages/lib/python3.12/site-packages:${PYTHONPATH} /usr/bin/cmake --build /workspaces/ANUBIS/build/motor_control -- -j4 -l4
