[0.161s] DEBUG:colcon:Command line arguments: ['/usr/bin/colcon', 'build']
[0.161s] DEBUG:colcon:Parsed command line arguments: Namespace(log_base=None, log_level=None, verb_name='build', build_base='build', install_base='install', merge_install=False, symlink_install=False, test_result_base=None, continue_on_error=False, executor='parallel', parallel_workers=4, event_handlers=None, ignore_user_meta=False, metas=['./colcon.meta'], base_paths=['.'], packages_ignore=None, packages_ignore_regex=None, paths=None, packages_up_to=None, packages_up_to_regex=None, packages_above=None, packages_above_and_dependencies=None, packages_above_depth=None, packages_select_by_dep=None, packages_skip_by_dep=None, packages_skip_up_to=None, packages_select_build_failed=False, packages_skip_build_finished=False, packages_select_test_failures=False, packages_skip_test_passed=False, packages_select=None, packages_skip=None, packages_select_regex=None, packages_skip_regex=None, packages_start=None, packages_end=None, cmake_args=None, cmake_target=None, cmake_target_skip_unavailable=False, cmake_clean_cache=False, cmake_clean_first=False, cmake_force_configure=False, ament_cmake_args=None, catkin_cmake_args=None, catkin_skip_building_tests=False, mixin_files=None, mixin=None, verb_parser=<colcon_mixin.mixin.mixin_argument.MixinArgumentDecorator object at 0x7380da965bb0>, verb_extension=<colcon_core.verb.build.BuildVerb object at 0x7380daaba210>, main=<bound method BuildVerb.main of <colcon_core.verb.build.BuildVerb object at 0x7380daaba210>>, mixin_verb=('build',))
[0.218s] Level 1:colcon.colcon_core.package_discovery:discover_packages(colcon_meta) check parameters
[0.218s] Level 1:colcon.colcon_core.package_discovery:discover_packages(recursive) check parameters
[0.218s] Level 1:colcon.colcon_core.package_discovery:discover_packages(ignore) check parameters
[0.218s] Level 1:colcon.colcon_core.package_discovery:discover_packages(path) check parameters
[0.218s] Level 1:colcon.colcon_core.package_discovery:discover_packages(colcon_meta) discover
[0.218s] Level 1:colcon.colcon_core.package_discovery:discover_packages(recursive) discover
[0.218s] INFO:colcon.colcon_core.package_discovery:Crawling recursively for packages in '/workspaces/ANUBIS'
[0.218s] Level 1:colcon.colcon_core.package_identification:_identify(.) by extensions ['ignore', 'ignore_ament_install']
[0.219s] Level 1:colcon.colcon_core.package_identification:_identify(.) by extension 'ignore'
[0.219s] Level 1:colcon.colcon_core.package_identification:_identify(.) by extension 'ignore_ament_install'
[0.219s] Level 1:colcon.colcon_core.package_identification:_identify(.) by extensions ['colcon_pkg']
[0.219s] Level 1:colcon.colcon_core.package_identification:_identify(.) by extension 'colcon_pkg'
[0.219s] Level 1:colcon.colcon_core.package_identification:_identify(.) by extensions ['colcon_meta']
[0.219s] Level 1:colcon.colcon_core.package_identification:_identify(.) by extension 'colcon_meta'
[0.219s] Level 1:colcon.colcon_core.package_identification:_identify(.) by extensions ['ros']
[0.219s] Level 1:colcon.colcon_core.package_identification:_identify(.) by extension 'ros'
[0.271s] Level 1:colcon.colcon_core.package_identification:_identify(.) by extensions ['cmake', 'python']
[0.271s] Level 1:colcon.colcon_core.package_identification:_identify(.) by extension 'cmake'
[0.271s] Level 1:colcon.colcon_core.package_identification:_identify(.) by extension 'python'
[0.271s] Level 1:colcon.colcon_core.package_identification:_identify(.) by extensions ['python_setup_py']
[0.272s] Level 1:colcon.colcon_core.package_identification:_identify(.) by extension 'python_setup_py'
[0.272s] Level 1:colcon.colcon_core.package_identification:_identify(anubis_ws) by extensions ['ignore', 'ignore_ament_install']
[0.272s] Level 1:colcon.colcon_core.package_identification:_identify(anubis_ws) by extension 'ignore'
[0.272s] Level 1:colcon.colcon_core.package_identification:_identify(anubis_ws) by extension 'ignore_ament_install'
[0.272s] Level 1:colcon.colcon_core.package_identification:_identify(anubis_ws) by extensions ['colcon_pkg']
[0.272s] Level 1:colcon.colcon_core.package_identification:_identify(anubis_ws) by extension 'colcon_pkg'
[0.272s] Level 1:colcon.colcon_core.package_identification:_identify(anubis_ws) by extensions ['colcon_meta']
[0.272s] Level 1:colcon.colcon_core.package_identification:_identify(anubis_ws) by extension 'colcon_meta'
[0.272s] Level 1:colcon.colcon_core.package_identification:_identify(anubis_ws) by extensions ['ros']
[0.272s] Level 1:colcon.colcon_core.package_identification:_identify(anubis_ws) by extension 'ros'
[0.273s] Level 1:colcon.colcon_core.package_identification:_identify(anubis_ws) by extensions ['cmake', 'python']
[0.273s] Level 1:colcon.colcon_core.package_identification:_identify(anubis_ws) by extension 'cmake'
[0.273s] Level 1:colcon.colcon_core.package_identification:_identify(anubis_ws) by extension 'python'
[0.273s] Level 1:colcon.colcon_core.package_identification:_identify(anubis_ws) by extensions ['python_setup_py']
[0.273s] Level 1:colcon.colcon_core.package_identification:_identify(anubis_ws) by extension 'python_setup_py'
[0.273s] Level 1:colcon.colcon_core.package_identification:_identify(anubis_ws/src) by extensions ['ignore', 'ignore_ament_install']
[0.273s] Level 1:colcon.colcon_core.package_identification:_identify(anubis_ws/src) by extension 'ignore'
[0.273s] Level 1:colcon.colcon_core.package_identification:_identify(anubis_ws/src) by extension 'ignore_ament_install'
[0.273s] Level 1:colcon.colcon_core.package_identification:_identify(anubis_ws/src) by extensions ['colcon_pkg']
[0.273s] Level 1:colcon.colcon_core.package_identification:_identify(anubis_ws/src) by extension 'colcon_pkg'
[0.273s] Level 1:colcon.colcon_core.package_identification:_identify(anubis_ws/src) by extensions ['colcon_meta']
[0.273s] Level 1:colcon.colcon_core.package_identification:_identify(anubis_ws/src) by extension 'colcon_meta'
[0.273s] Level 1:colcon.colcon_core.package_identification:_identify(anubis_ws/src) by extensions ['ros']
[0.273s] Level 1:colcon.colcon_core.package_identification:_identify(anubis_ws/src) by extension 'ros'
[0.274s] Level 1:colcon.colcon_core.package_identification:_identify(anubis_ws/src) by extensions ['cmake', 'python']
[0.274s] Level 1:colcon.colcon_core.package_identification:_identify(anubis_ws/src) by extension 'cmake'
[0.274s] Level 1:colcon.colcon_core.package_identification:_identify(anubis_ws/src) by extension 'python'
[0.274s] Level 1:colcon.colcon_core.package_identification:_identify(anubis_ws/src) by extensions ['python_setup_py']
[0.274s] Level 1:colcon.colcon_core.package_identification:_identify(anubis_ws/src) by extension 'python_setup_py'
[0.274s] Level 1:colcon.colcon_core.package_identification:_identify(anubis_ws/src/motor_control) by extensions ['ignore', 'ignore_ament_install']
[0.274s] Level 1:colcon.colcon_core.package_identification:_identify(anubis_ws/src/motor_control) by extension 'ignore'
[0.274s] Level 1:colcon.colcon_core.package_identification:_identify(anubis_ws/src/motor_control) by extension 'ignore_ament_install'
[0.274s] Level 1:colcon.colcon_core.package_identification:_identify(anubis_ws/src/motor_control) by extensions ['colcon_pkg']
[0.274s] Level 1:colcon.colcon_core.package_identification:_identify(anubis_ws/src/motor_control) by extension 'colcon_pkg'
[0.274s] Level 1:colcon.colcon_core.package_identification:_identify(anubis_ws/src/motor_control) by extensions ['colcon_meta']
[0.274s] Level 1:colcon.colcon_core.package_identification:_identify(anubis_ws/src/motor_control) by extension 'colcon_meta'
[0.274s] Level 1:colcon.colcon_core.package_identification:_identify(anubis_ws/src/motor_control) by extensions ['ros']
[0.274s] Level 1:colcon.colcon_core.package_identification:_identify(anubis_ws/src/motor_control) by extension 'ros'
[0.277s] DEBUG:colcon.colcon_core.package_identification:Package 'anubis_ws/src/motor_control' with type 'ros.ament_cmake' and name 'motor_control'
[0.277s] Level 1:colcon.colcon_core.package_identification:_identify(anubis_ws/src/motor_messages) by extensions ['ignore', 'ignore_ament_install']
[0.278s] Level 1:colcon.colcon_core.package_identification:_identify(anubis_ws/src/motor_messages) by extension 'ignore'
[0.278s] Level 1:colcon.colcon_core.package_identification:_identify(anubis_ws/src/motor_messages) by extension 'ignore_ament_install'
[0.278s] Level 1:colcon.colcon_core.package_identification:_identify(anubis_ws/src/motor_messages) by extensions ['colcon_pkg']
[0.278s] Level 1:colcon.colcon_core.package_identification:_identify(anubis_ws/src/motor_messages) by extension 'colcon_pkg'
[0.278s] Level 1:colcon.colcon_core.package_identification:_identify(anubis_ws/src/motor_messages) by extensions ['colcon_meta']
[0.278s] Level 1:colcon.colcon_core.package_identification:_identify(anubis_ws/src/motor_messages) by extension 'colcon_meta'
[0.278s] Level 1:colcon.colcon_core.package_identification:_identify(anubis_ws/src/motor_messages) by extensions ['ros']
[0.278s] Level 1:colcon.colcon_core.package_identification:_identify(anubis_ws/src/motor_messages) by extension 'ros'
[0.279s] DEBUG:colcon.colcon_core.package_identification:Package 'anubis_ws/src/motor_messages' with type 'ros.ament_cmake' and name 'motor_messages'
[0.279s] Level 1:colcon.colcon_core.package_identification:_identify(build) by extensions ['ignore', 'ignore_ament_install']
[0.279s] Level 1:colcon.colcon_core.package_identification:_identify(build) by extension 'ignore'
[0.279s] Level 1:colcon.colcon_core.package_identification:_identify(build) ignored
[0.279s] Level 1:colcon.colcon_core.package_identification:_identify(install) by extensions ['ignore', 'ignore_ament_install']
[0.279s] Level 1:colcon.colcon_core.package_identification:_identify(install) by extension 'ignore'
[0.279s] Level 1:colcon.colcon_core.package_identification:_identify(install) ignored
[0.280s] Level 1:colcon.colcon_core.package_identification:_identify(log) by extensions ['ignore', 'ignore_ament_install']
[0.280s] Level 1:colcon.colcon_core.package_identification:_identify(log) by extension 'ignore'
[0.280s] Level 1:colcon.colcon_core.package_identification:_identify(log) ignored
[0.280s] Level 1:colcon.colcon_core.package_discovery:discover_packages(recursive) using defaults
[0.280s] Level 1:colcon.colcon_core.package_discovery:discover_packages(ignore) discover
[0.280s] Level 1:colcon.colcon_core.package_discovery:discover_packages(ignore) using defaults
[0.280s] Level 1:colcon.colcon_core.package_discovery:discover_packages(path) discover
[0.280s] Level 1:colcon.colcon_core.package_discovery:discover_packages(path) using defaults
[0.306s] Level 5:colcon.colcon_core.verb:set package 'motor_messages' build argument 'cmake_args' from command line to 'None'
[0.306s] Level 5:colcon.colcon_core.verb:set package 'motor_messages' build argument 'cmake_target' from command line to 'None'
[0.306s] Level 5:colcon.colcon_core.verb:set package 'motor_messages' build argument 'cmake_target_skip_unavailable' from command line to 'False'
[0.306s] Level 5:colcon.colcon_core.verb:set package 'motor_messages' build argument 'cmake_clean_cache' from command line to 'False'
[0.306s] Level 5:colcon.colcon_core.verb:set package 'motor_messages' build argument 'cmake_clean_first' from command line to 'False'
[0.306s] Level 5:colcon.colcon_core.verb:set package 'motor_messages' build argument 'cmake_force_configure' from command line to 'False'
[0.306s] Level 5:colcon.colcon_core.verb:set package 'motor_messages' build argument 'ament_cmake_args' from command line to 'None'
[0.307s] Level 5:colcon.colcon_core.verb:set package 'motor_messages' build argument 'catkin_cmake_args' from command line to 'None'
[0.307s] Level 5:colcon.colcon_core.verb:set package 'motor_messages' build argument 'catkin_skip_building_tests' from command line to 'False'
[0.307s] DEBUG:colcon.colcon_core.verb:Building package 'motor_messages' with the following arguments: {'ament_cmake_args': None, 'build_base': '/workspaces/ANUBIS/build/motor_messages', 'catkin_cmake_args': None, 'catkin_skip_building_tests': False, 'cmake_args': None, 'cmake_clean_cache': False, 'cmake_clean_first': False, 'cmake_force_configure': False, 'cmake_target': None, 'cmake_target_skip_unavailable': False, 'install_base': '/workspaces/ANUBIS/install/motor_messages', 'merge_install': False, 'path': '/workspaces/ANUBIS/anubis_ws/src/motor_messages', 'symlink_install': False, 'test_result_base': None}
[0.307s] Level 5:colcon.colcon_core.verb:set package 'motor_control' build argument 'cmake_args' from command line to 'None'
[0.307s] Level 5:colcon.colcon_core.verb:set package 'motor_control' build argument 'cmake_target' from command line to 'None'
[0.307s] Level 5:colcon.colcon_core.verb:set package 'motor_control' build argument 'cmake_target_skip_unavailable' from command line to 'False'
[0.307s] Level 5:colcon.colcon_core.verb:set package 'motor_control' build argument 'cmake_clean_cache' from command line to 'False'
[0.307s] Level 5:colcon.colcon_core.verb:set package 'motor_control' build argument 'cmake_clean_first' from command line to 'False'
[0.307s] Level 5:colcon.colcon_core.verb:set package 'motor_control' build argument 'cmake_force_configure' from command line to 'False'
[0.307s] Level 5:colcon.colcon_core.verb:set package 'motor_control' build argument 'ament_cmake_args' from command line to 'None'
[0.307s] Level 5:colcon.colcon_core.verb:set package 'motor_control' build argument 'catkin_cmake_args' from command line to 'None'
[0.307s] Level 5:colcon.colcon_core.verb:set package 'motor_control' build argument 'catkin_skip_building_tests' from command line to 'False'
[0.307s] DEBUG:colcon.colcon_core.verb:Building package 'motor_control' with the following arguments: {'ament_cmake_args': None, 'build_base': '/workspaces/ANUBIS/build/motor_control', 'catkin_cmake_args': None, 'catkin_skip_building_tests': False, 'cmake_args': None, 'cmake_clean_cache': False, 'cmake_clean_first': False, 'cmake_force_configure': False, 'cmake_target': None, 'cmake_target_skip_unavailable': False, 'install_base': '/workspaces/ANUBIS/install/motor_control', 'merge_install': False, 'path': '/workspaces/ANUBIS/anubis_ws/src/motor_control', 'symlink_install': False, 'test_result_base': None}
[0.307s] INFO:colcon.colcon_core.executor:Executing jobs using 'parallel' executor
[0.308s] DEBUG:colcon.colcon_parallel_executor.executor.parallel:run_until_complete
[0.309s] INFO:colcon.colcon_ros.task.ament_cmake.build:Building ROS package in '/workspaces/ANUBIS/anubis_ws/src/motor_messages' with build type 'ament_cmake'
[0.309s] INFO:colcon.colcon_cmake.task.cmake.build:Building CMake package in '/workspaces/ANUBIS/anubis_ws/src/motor_messages'
[0.311s] INFO:colcon.colcon_core.plugin_system:Skipping extension 'colcon_core.shell.bat': Not used on non-Windows systems
[0.311s] INFO:colcon.colcon_core.shell:Skip shell extension 'powershell' for command environment: Not usable outside of PowerShell
[0.312s] DEBUG:colcon.colcon_core.shell:Skip shell extension 'dsv' for command environment
[0.324s] DEBUG:colcon.colcon_core.event_handler.log_command:Invoking command in '/workspaces/ANUBIS/build/motor_messages': CMAKE_PREFIX_PATH=${CMAKE_PREFIX_PATH}:/opt/ros/jazzy /usr/bin/cmake --build /workspaces/ANUBIS/build/motor_messages -- -j4 -l4
[1.515s] DEBUG:colcon.colcon_core.event_handler.log_command:Invoked command in '/workspaces/ANUBIS/build/motor_messages' returned '0': CMAKE_PREFIX_PATH=${CMAKE_PREFIX_PATH}:/opt/ros/jazzy /usr/bin/cmake --build /workspaces/ANUBIS/build/motor_messages -- -j4 -l4
[1.542s] DEBUG:colcon.colcon_core.event_handler.log_command:Invoking command in '/workspaces/ANUBIS/build/motor_messages': CMAKE_PREFIX_PATH=${CMAKE_PREFIX_PATH}:/opt/ros/jazzy /usr/bin/cmake --install /workspaces/ANUBIS/build/motor_messages
[1.744s] Level 1:colcon.colcon_core.environment:create_environment_scripts_only(motor_messages)
[1.747s] DEBUG:colcon.colcon_core.event_handler.log_command:Invoked command in '/workspaces/ANUBIS/build/motor_messages' returned '0': CMAKE_PREFIX_PATH=${CMAKE_PREFIX_PATH}:/opt/ros/jazzy /usr/bin/cmake --install /workspaces/ANUBIS/build/motor_messages
[1.754s] Level 1:colcon.colcon_core.environment:checking '/workspaces/ANUBIS/install/motor_messages' for CMake module files
[1.757s] Level 1:colcon.colcon_core.environment:checking '/workspaces/ANUBIS/install/motor_messages' for CMake config files
[1.758s] Level 1:colcon.colcon_core.shell:create_environment_hook('motor_messages', 'cmake_prefix_path')
[1.759s] INFO:colcon.colcon_core.shell:Creating environment hook '/workspaces/ANUBIS/install/motor_messages/share/motor_messages/hook/cmake_prefix_path.ps1'
[1.760s] INFO:colcon.colcon_core.shell:Creating environment descriptor '/workspaces/ANUBIS/install/motor_messages/share/motor_messages/hook/cmake_prefix_path.dsv'
[1.761s] INFO:colcon.colcon_core.shell:Creating environment hook '/workspaces/ANUBIS/install/motor_messages/share/motor_messages/hook/cmake_prefix_path.sh'
[1.763s] Level 1:colcon.colcon_core.environment:checking '/workspaces/ANUBIS/install/motor_messages/lib'
[1.763s] Level 1:colcon.colcon_core.shell:create_environment_hook('motor_messages', 'ld_library_path_lib')
[1.764s] INFO:colcon.colcon_core.shell:Creating environment hook '/workspaces/ANUBIS/install/motor_messages/share/motor_messages/hook/ld_library_path_lib.ps1'
[1.765s] INFO:colcon.colcon_core.shell:Creating environment descriptor '/workspaces/ANUBIS/install/motor_messages/share/motor_messages/hook/ld_library_path_lib.dsv'
[1.765s] INFO:colcon.colcon_core.shell:Creating environment hook '/workspaces/ANUBIS/install/motor_messages/share/motor_messages/hook/ld_library_path_lib.sh'
[1.766s] Level 1:colcon.colcon_core.environment:checking '/workspaces/ANUBIS/install/motor_messages/bin'
[1.766s] Level 1:colcon.colcon_core.environment:checking '/workspaces/ANUBIS/install/motor_messages/lib/pkgconfig/motor_messages.pc'
[1.772s] Level 1:colcon.colcon_core.environment:checking '/workspaces/ANUBIS/install/motor_messages/lib/python3.12/site-packages'
[1.772s] Level 1:colcon.colcon_core.shell:create_environment_hook('motor_messages', 'pythonpath')
[1.773s] INFO:colcon.colcon_core.shell:Creating environment hook '/workspaces/ANUBIS/install/motor_messages/share/motor_messages/hook/pythonpath.ps1'
[1.773s] INFO:colcon.colcon_core.shell:Creating environment descriptor '/workspaces/ANUBIS/install/motor_messages/share/motor_messages/hook/pythonpath.dsv'
[1.774s] INFO:colcon.colcon_core.shell:Creating environment hook '/workspaces/ANUBIS/install/motor_messages/share/motor_messages/hook/pythonpath.sh'
[1.776s] Level 1:colcon.colcon_core.environment:checking '/workspaces/ANUBIS/install/motor_messages/bin'
[1.776s] INFO:colcon.colcon_core.shell:Creating package script '/workspaces/ANUBIS/install/motor_messages/share/motor_messages/package.ps1'
[1.778s] INFO:colcon.colcon_core.shell:Creating package descriptor '/workspaces/ANUBIS/install/motor_messages/share/motor_messages/package.dsv'
[1.779s] INFO:colcon.colcon_core.shell:Creating package script '/workspaces/ANUBIS/install/motor_messages/share/motor_messages/package.sh'
[1.784s] INFO:colcon.colcon_core.shell:Creating package script '/workspaces/ANUBIS/install/motor_messages/share/motor_messages/package.bash'
[1.786s] INFO:colcon.colcon_core.shell:Creating package script '/workspaces/ANUBIS/install/motor_messages/share/motor_messages/package.zsh'
[1.788s] Level 1:colcon.colcon_core.environment:create_file_with_runtime_dependencies(/workspaces/ANUBIS/install/motor_messages/share/colcon-core/packages/motor_messages)
[1.789s] Level 1:colcon.colcon_core.environment:create_environment_scripts_only(motor_messages)
[1.789s] Level 1:colcon.colcon_core.environment:checking '/workspaces/ANUBIS/install/motor_messages' for CMake module files
[1.791s] Level 1:colcon.colcon_core.environment:checking '/workspaces/ANUBIS/install/motor_messages' for CMake config files
[1.792s] Level 1:colcon.colcon_core.shell:create_environment_hook('motor_messages', 'cmake_prefix_path')
[1.792s] INFO:colcon.colcon_core.shell:Creating environment hook '/workspaces/ANUBIS/install/motor_messages/share/motor_messages/hook/cmake_prefix_path.ps1'
[1.793s] INFO:colcon.colcon_core.shell:Creating environment descriptor '/workspaces/ANUBIS/install/motor_messages/share/motor_messages/hook/cmake_prefix_path.dsv'
[1.794s] INFO:colcon.colcon_core.shell:Creating environment hook '/workspaces/ANUBIS/install/motor_messages/share/motor_messages/hook/cmake_prefix_path.sh'
[1.795s] Level 1:colcon.colcon_core.environment:checking '/workspaces/ANUBIS/install/motor_messages/lib'
[1.795s] Level 1:colcon.colcon_core.shell:create_environment_hook('motor_messages', 'ld_library_path_lib')
[1.796s] INFO:colcon.colcon_core.shell:Creating environment hook '/workspaces/ANUBIS/install/motor_messages/share/motor_messages/hook/ld_library_path_lib.ps1'
[1.797s] INFO:colcon.colcon_core.shell:Creating environment descriptor '/workspaces/ANUBIS/install/motor_messages/share/motor_messages/hook/ld_library_path_lib.dsv'
[1.797s] INFO:colcon.colcon_core.shell:Creating environment hook '/workspaces/ANUBIS/install/motor_messages/share/motor_messages/hook/ld_library_path_lib.sh'
[1.798s] Level 1:colcon.colcon_core.environment:checking '/workspaces/ANUBIS/install/motor_messages/bin'
[1.799s] Level 1:colcon.colcon_core.environment:checking '/workspaces/ANUBIS/install/motor_messages/lib/pkgconfig/motor_messages.pc'
[1.799s] Level 1:colcon.colcon_core.environment:checking '/workspaces/ANUBIS/install/motor_messages/lib/python3.12/site-packages'
[1.800s] Level 1:colcon.colcon_core.shell:create_environment_hook('motor_messages', 'pythonpath')
[1.800s] INFO:colcon.colcon_core.shell:Creating environment hook '/workspaces/ANUBIS/install/motor_messages/share/motor_messages/hook/pythonpath.ps1'
[1.803s] INFO:colcon.colcon_core.shell:Creating environment descriptor '/workspaces/ANUBIS/install/motor_messages/share/motor_messages/hook/pythonpath.dsv'
[1.805s] INFO:colcon.colcon_core.shell:Creating environment hook '/workspaces/ANUBIS/install/motor_messages/share/motor_messages/hook/pythonpath.sh'
[1.807s] Level 1:colcon.colcon_core.environment:checking '/workspaces/ANUBIS/install/motor_messages/bin'
[1.807s] INFO:colcon.colcon_core.shell:Creating package script '/workspaces/ANUBIS/install/motor_messages/share/motor_messages/package.ps1'
[1.809s] INFO:colcon.colcon_core.shell:Creating package descriptor '/workspaces/ANUBIS/install/motor_messages/share/motor_messages/package.dsv'
[1.811s] INFO:colcon.colcon_core.shell:Creating package script '/workspaces/ANUBIS/install/motor_messages/share/motor_messages/package.sh'
[1.812s] INFO:colcon.colcon_core.shell:Creating package script '/workspaces/ANUBIS/install/motor_messages/share/motor_messages/package.bash'
[1.814s] INFO:colcon.colcon_core.shell:Creating package script '/workspaces/ANUBIS/install/motor_messages/share/motor_messages/package.zsh'
[1.814s] Level 1:colcon.colcon_core.environment:create_file_with_runtime_dependencies(/workspaces/ANUBIS/install/motor_messages/share/colcon-core/packages/motor_messages)
[1.815s] INFO:colcon.colcon_ros.task.ament_cmake.build:Building ROS package in '/workspaces/ANUBIS/anubis_ws/src/motor_control' with build type 'ament_cmake'
[1.816s] INFO:colcon.colcon_cmake.task.cmake.build:Building CMake package in '/workspaces/ANUBIS/anubis_ws/src/motor_control'
[1.816s] INFO:colcon.colcon_core.shell:Skip shell extension 'powershell' for command environment: Not usable outside of PowerShell
[1.816s] DEBUG:colcon.colcon_core.shell:Skip shell extension 'dsv' for command environment
[1.842s] DEBUG:colcon.colcon_core.event_handler.log_command:Invoking command in '/workspaces/ANUBIS/build/motor_control': AMENT_PREFIX_PATH=/workspaces/ANUBIS/install/motor_messages:${AMENT_PREFIX_PATH} CMAKE_PREFIX_PATH=/workspaces/ANUBIS/install/motor_messages:/opt/ros/jazzy/opt/gz_sim_vendor:/opt/ros/jazzy/opt/gz_sensors_vendor:/opt/ros/jazzy/opt/gz_physics_vendor:/opt/ros/jazzy/opt/sdformat_vendor:/opt/ros/jazzy/opt/gz_gui_vendor:/opt/ros/jazzy/opt/gz_transport_vendor:/opt/ros/jazzy/opt/gz_rendering_vendor:/opt/ros/jazzy/opt/gz_plugin_vendor:/opt/ros/jazzy/opt/gz_fuel_tools_vendor:/opt/ros/jazzy/opt/gz_msgs_vendor:/opt/ros/jazzy/opt/gz_common_vendor:/opt/ros/jazzy/opt/gz_math_vendor:/opt/ros/jazzy/opt/gz_utils_vendor:/opt/ros/jazzy/opt/gz_tools_vendor:/opt/ros/jazzy/opt/gz_ogre_next_vendor:/opt/ros/jazzy/opt/gz_dartsim_vendor:/opt/ros/jazzy/opt/gz_cmake_vendor:/opt/ros/jazzy LD_LIBRARY_PATH=/workspaces/ANUBIS/install/motor_messages/lib:/usr/lib/phoenix6:/opt/ros/jazzy/opt/gz_sim_vendor/lib:/opt/ros/jazzy/opt/gz_sensors_vendor/lib:/opt/ros/jazzy/opt/gz_physics_vendor/lib:/opt/ros/jazzy/opt/sdformat_vendor/lib:/opt/ros/jazzy/opt/rviz_ogre_vendor/lib:/opt/ros/jazzy/lib/x86_64-linux-gnu:/opt/ros/jazzy/opt/gz_gui_vendor/lib:/opt/ros/jazzy/opt/gz_transport_vendor/lib:/opt/ros/jazzy/opt/gz_rendering_vendor/lib:/opt/ros/jazzy/opt/gz_plugin_vendor/lib:/opt/ros/jazzy/opt/gz_fuel_tools_vendor/lib:/opt/ros/jazzy/opt/gz_msgs_vendor/lib:/opt/ros/jazzy/opt/gz_common_vendor/lib:/opt/ros/jazzy/opt/gz_math_vendor/lib:/opt/ros/jazzy/opt/gz_utils_vendor/lib:/opt/ros/jazzy/opt/gz_tools_vendor/lib:/opt/ros/jazzy/opt/gz_ogre_next_vendor/lib:/opt/ros/jazzy/opt/gz_dartsim_vendor/lib:/opt/ros/jazzy/opt/gz_cmake_vendor/lib:/opt/ros/jazzy/lib:/usr/lib/phoenix6 PYTHONPATH=/workspaces/ANUBIS/install/motor_messages/lib/python3.12/site-packages:${PYTHONPATH} /usr/bin/cmake --build /workspaces/ANUBIS/build/motor_control -- -j4 -l4
[5.555s] DEBUG:colcon.colcon_core.event_handler.log_command:Invoked command in '/workspaces/ANUBIS/build/motor_control' returned '0': AMENT_PREFIX_PATH=/workspaces/ANUBIS/install/motor_messages:${AMENT_PREFIX_PATH} CMAKE_PREFIX_PATH=/workspaces/ANUBIS/install/motor_messages:/opt/ros/jazzy/opt/gz_sim_vendor:/opt/ros/jazzy/opt/gz_sensors_vendor:/opt/ros/jazzy/opt/gz_physics_vendor:/opt/ros/jazzy/opt/sdformat_vendor:/opt/ros/jazzy/opt/gz_gui_vendor:/opt/ros/jazzy/opt/gz_transport_vendor:/opt/ros/jazzy/opt/gz_rendering_vendor:/opt/ros/jazzy/opt/gz_plugin_vendor:/opt/ros/jazzy/opt/gz_fuel_tools_vendor:/opt/ros/jazzy/opt/gz_msgs_vendor:/opt/ros/jazzy/opt/gz_common_vendor:/opt/ros/jazzy/opt/gz_math_vendor:/opt/ros/jazzy/opt/gz_utils_vendor:/opt/ros/jazzy/opt/gz_tools_vendor:/opt/ros/jazzy/opt/gz_ogre_next_vendor:/opt/ros/jazzy/opt/gz_dartsim_vendor:/opt/ros/jazzy/opt/gz_cmake_vendor:/opt/ros/jazzy LD_LIBRARY_PATH=/workspaces/ANUBIS/install/motor_messages/lib:/usr/lib/phoenix6:/opt/ros/jazzy/opt/gz_sim_vendor/lib:/opt/ros/jazzy/opt/gz_sensors_vendor/lib:/opt/ros/jazzy/opt/gz_physics_vendor/lib:/opt/ros/jazzy/opt/sdformat_vendor/lib:/opt/ros/jazzy/opt/rviz_ogre_vendor/lib:/opt/ros/jazzy/lib/x86_64-linux-gnu:/opt/ros/jazzy/opt/gz_gui_vendor/lib:/opt/ros/jazzy/opt/gz_transport_vendor/lib:/opt/ros/jazzy/opt/gz_rendering_vendor/lib:/opt/ros/jazzy/opt/gz_plugin_vendor/lib:/opt/ros/jazzy/opt/gz_fuel_tools_vendor/lib:/opt/ros/jazzy/opt/gz_msgs_vendor/lib:/opt/ros/jazzy/opt/gz_common_vendor/lib:/opt/ros/jazzy/opt/gz_math_vendor/lib:/opt/ros/jazzy/opt/gz_utils_vendor/lib:/opt/ros/jazzy/opt/gz_tools_vendor/lib:/opt/ros/jazzy/opt/gz_ogre_next_vendor/lib:/opt/ros/jazzy/opt/gz_dartsim_vendor/lib:/opt/ros/jazzy/opt/gz_cmake_vendor/lib:/opt/ros/jazzy/lib:/usr/lib/phoenix6 PYTHONPATH=/workspaces/ANUBIS/install/motor_messages/lib/python3.12/site-packages:${PYTHONPATH} /usr/bin/cmake --build /workspaces/ANUBIS/build/motor_control -- -j4 -l4
[5.556s] DEBUG:colcon.colcon_core.event_handler.log_command:Invoking command in '/workspaces/ANUBIS/build/motor_control': AMENT_PREFIX_PATH=/workspaces/ANUBIS/install/motor_messages:${AMENT_PREFIX_PATH} CMAKE_PREFIX_PATH=/workspaces/ANUBIS/install/motor_messages:/opt/ros/jazzy/opt/gz_sim_vendor:/opt/ros/jazzy/opt/gz_sensors_vendor:/opt/ros/jazzy/opt/gz_physics_vendor:/opt/ros/jazzy/opt/sdformat_vendor:/opt/ros/jazzy/opt/gz_gui_vendor:/opt/ros/jazzy/opt/gz_transport_vendor:/opt/ros/jazzy/opt/gz_rendering_vendor:/opt/ros/jazzy/opt/gz_plugin_vendor:/opt/ros/jazzy/opt/gz_fuel_tools_vendor:/opt/ros/jazzy/opt/gz_msgs_vendor:/opt/ros/jazzy/opt/gz_common_vendor:/opt/ros/jazzy/opt/gz_math_vendor:/opt/ros/jazzy/opt/gz_utils_vendor:/opt/ros/jazzy/opt/gz_tools_vendor:/opt/ros/jazzy/opt/gz_ogre_next_vendor:/opt/ros/jazzy/opt/gz_dartsim_vendor:/opt/ros/jazzy/opt/gz_cmake_vendor:/opt/ros/jazzy LD_LIBRARY_PATH=/workspaces/ANUBIS/install/motor_messages/lib:/usr/lib/phoenix6:/opt/ros/jazzy/opt/gz_sim_vendor/lib:/opt/ros/jazzy/opt/gz_sensors_vendor/lib:/opt/ros/jazzy/opt/gz_physics_vendor/lib:/opt/ros/jazzy/opt/sdformat_vendor/lib:/opt/ros/jazzy/opt/rviz_ogre_vendor/lib:/opt/ros/jazzy/lib/x86_64-linux-gnu:/opt/ros/jazzy/opt/gz_gui_vendor/lib:/opt/ros/jazzy/opt/gz_transport_vendor/lib:/opt/ros/jazzy/opt/gz_rendering_vendor/lib:/opt/ros/jazzy/opt/gz_plugin_vendor/lib:/opt/ros/jazzy/opt/gz_fuel_tools_vendor/lib:/opt/ros/jazzy/opt/gz_msgs_vendor/lib:/opt/ros/jazzy/opt/gz_common_vendor/lib:/opt/ros/jazzy/opt/gz_math_vendor/lib:/opt/ros/jazzy/opt/gz_utils_vendor/lib:/opt/ros/jazzy/opt/gz_tools_vendor/lib:/opt/ros/jazzy/opt/gz_ogre_next_vendor/lib:/opt/ros/jazzy/opt/gz_dartsim_vendor/lib:/opt/ros/jazzy/opt/gz_cmake_vendor/lib:/opt/ros/jazzy/lib:/usr/lib/phoenix6 PYTHONPATH=/workspaces/ANUBIS/install/motor_messages/lib/python3.12/site-packages:${PYTHONPATH} /usr/bin/cmake --install /workspaces/ANUBIS/build/motor_control
[5.605s] Level 1:colcon.colcon_core.environment:create_environment_scripts_only(motor_control)
[5.607s] Level 1:colcon.colcon_core.environment:checking '/workspaces/ANUBIS/install/motor_control' for CMake module files
[5.613s] Level 1:colcon.colcon_core.environment:checking '/workspaces/ANUBIS/install/motor_control' for CMake config files
[5.613s] Level 1:colcon.colcon_core.shell:create_environment_hook('motor_control', 'cmake_prefix_path')
[5.614s] INFO:colcon.colcon_core.shell:Creating environment hook '/workspaces/ANUBIS/install/motor_control/share/motor_control/hook/cmake_prefix_path.ps1'
[5.616s] INFO:colcon.colcon_core.shell:Creating environment descriptor '/workspaces/ANUBIS/install/motor_control/share/motor_control/hook/cmake_prefix_path.dsv'
[5.619s] INFO:colcon.colcon_core.shell:Creating environment hook '/workspaces/ANUBIS/install/motor_control/share/motor_control/hook/cmake_prefix_path.sh'
[5.621s] Level 1:colcon.colcon_core.environment:checking '/workspaces/ANUBIS/install/motor_control/lib'
[5.623s] DEBUG:colcon.colcon_core.event_handler.log_command:Invoked command in '/workspaces/ANUBIS/build/motor_control' returned '0': AMENT_PREFIX_PATH=/workspaces/ANUBIS/install/motor_messages:${AMENT_PREFIX_PATH} CMAKE_PREFIX_PATH=/workspaces/ANUBIS/install/motor_messages:/opt/ros/jazzy/opt/gz_sim_vendor:/opt/ros/jazzy/opt/gz_sensors_vendor:/opt/ros/jazzy/opt/gz_physics_vendor:/opt/ros/jazzy/opt/sdformat_vendor:/opt/ros/jazzy/opt/gz_gui_vendor:/opt/ros/jazzy/opt/gz_transport_vendor:/opt/ros/jazzy/opt/gz_rendering_vendor:/opt/ros/jazzy/opt/gz_plugin_vendor:/opt/ros/jazzy/opt/gz_fuel_tools_vendor:/opt/ros/jazzy/opt/gz_msgs_vendor:/opt/ros/jazzy/opt/gz_common_vendor:/opt/ros/jazzy/opt/gz_math_vendor:/opt/ros/jazzy/opt/gz_utils_vendor:/opt/ros/jazzy/opt/gz_tools_vendor:/opt/ros/jazzy/opt/gz_ogre_next_vendor:/opt/ros/jazzy/opt/gz_dartsim_vendor:/opt/ros/jazzy/opt/gz_cmake_vendor:/opt/ros/jazzy LD_LIBRARY_PATH=/workspaces/ANUBIS/install/motor_messages/lib:/usr/lib/phoenix6:/opt/ros/jazzy/opt/gz_sim_vendor/lib:/opt/ros/jazzy/opt/gz_sensors_vendor/lib:/opt/ros/jazzy/opt/gz_physics_vendor/lib:/opt/ros/jazzy/opt/sdformat_vendor/lib:/opt/ros/jazzy/opt/rviz_ogre_vendor/lib:/opt/ros/jazzy/lib/x86_64-linux-gnu:/opt/ros/jazzy/opt/gz_gui_vendor/lib:/opt/ros/jazzy/opt/gz_transport_vendor/lib:/opt/ros/jazzy/opt/gz_rendering_vendor/lib:/opt/ros/jazzy/opt/gz_plugin_vendor/lib:/opt/ros/jazzy/opt/gz_fuel_tools_vendor/lib:/opt/ros/jazzy/opt/gz_msgs_vendor/lib:/opt/ros/jazzy/opt/gz_common_vendor/lib:/opt/ros/jazzy/opt/gz_math_vendor/lib:/opt/ros/jazzy/opt/gz_utils_vendor/lib:/opt/ros/jazzy/opt/gz_tools_vendor/lib:/opt/ros/jazzy/opt/gz_ogre_next_vendor/lib:/opt/ros/jazzy/opt/gz_dartsim_vendor/lib:/opt/ros/jazzy/opt/gz_cmake_vendor/lib:/opt/ros/jazzy/lib:/usr/lib/phoenix6 PYTHONPATH=/workspaces/ANUBIS/install/motor_messages/lib/python3.12/site-packages:${PYTHONPATH} /usr/bin/cmake --install /workspaces/ANUBIS/build/motor_control
[5.623s] Level 1:colcon.colcon_core.environment:checking '/workspaces/ANUBIS/install/motor_control/bin'
[5.623s] Level 1:colcon.colcon_core.environment:checking '/workspaces/ANUBIS/install/motor_control/lib/pkgconfig/motor_control.pc'
[5.624s] Level 1:colcon.colcon_core.environment:checking '/workspaces/ANUBIS/install/motor_control/lib/python3.12/site-packages'
[5.625s] Level 1:colcon.colcon_core.environment:checking '/workspaces/ANUBIS/install/motor_control/bin'
[5.625s] INFO:colcon.colcon_core.shell:Creating package script '/workspaces/ANUBIS/install/motor_control/share/motor_control/package.ps1'
[5.626s] INFO:colcon.colcon_core.shell:Creating package descriptor '/workspaces/ANUBIS/install/motor_control/share/motor_control/package.dsv'
[5.627s] INFO:colcon.colcon_core.shell:Creating package script '/workspaces/ANUBIS/install/motor_control/share/motor_control/package.sh'
[5.628s] INFO:colcon.colcon_core.shell:Creating package script '/workspaces/ANUBIS/install/motor_control/share/motor_control/package.bash'
[5.629s] INFO:colcon.colcon_core.shell:Creating package script '/workspaces/ANUBIS/install/motor_control/share/motor_control/package.zsh'
[5.630s] Level 1:colcon.colcon_core.environment:create_file_with_runtime_dependencies(/workspaces/ANUBIS/install/motor_control/share/colcon-core/packages/motor_control)
[5.635s] Level 1:colcon.colcon_core.environment:create_environment_scripts_only(motor_control)
[5.637s] Level 1:colcon.colcon_core.environment:checking '/workspaces/ANUBIS/install/motor_control' for CMake module files
[5.639s] Level 1:colcon.colcon_core.environment:checking '/workspaces/ANUBIS/install/motor_control' for CMake config files
[5.640s] Level 1:colcon.colcon_core.shell:create_environment_hook('motor_control', 'cmake_prefix_path')
[5.641s] INFO:colcon.colcon_core.shell:Creating environment hook '/workspaces/ANUBIS/install/motor_control/share/motor_control/hook/cmake_prefix_path.ps1'
[5.642s] INFO:colcon.colcon_core.shell:Creating environment descriptor '/workspaces/ANUBIS/install/motor_control/share/motor_control/hook/cmake_prefix_path.dsv'
[5.643s] INFO:colcon.colcon_core.shell:Creating environment hook '/workspaces/ANUBIS/install/motor_control/share/motor_control/hook/cmake_prefix_path.sh'
[5.644s] Level 1:colcon.colcon_core.environment:checking '/workspaces/ANUBIS/install/motor_control/lib'
[5.645s] Level 1:colcon.colcon_core.environment:checking '/workspaces/ANUBIS/install/motor_control/bin'
[5.645s] Level 1:colcon.colcon_core.environment:checking '/workspaces/ANUBIS/install/motor_control/lib/pkgconfig/motor_control.pc'
[5.646s] Level 1:colcon.colcon_core.environment:checking '/workspaces/ANUBIS/install/motor_control/lib/python3.12/site-packages'
[5.647s] Level 1:colcon.colcon_core.environment:checking '/workspaces/ANUBIS/install/motor_control/bin'
[5.648s] INFO:colcon.colcon_core.shell:Creating package script '/workspaces/ANUBIS/install/motor_control/share/motor_control/package.ps1'
[5.650s] INFO:colcon.colcon_core.shell:Creating package descriptor '/workspaces/ANUBIS/install/motor_control/share/motor_control/package.dsv'
[5.651s] INFO:colcon.colcon_core.shell:Creating package script '/workspaces/ANUBIS/install/motor_control/share/motor_control/package.sh'
[5.655s] INFO:colcon.colcon_core.shell:Creating package script '/workspaces/ANUBIS/install/motor_control/share/motor_control/package.bash'
[5.658s] INFO:colcon.colcon_core.shell:Creating package script '/workspaces/ANUBIS/install/motor_control/share/motor_control/package.zsh'
[5.659s] Level 1:colcon.colcon_core.environment:create_file_with_runtime_dependencies(/workspaces/ANUBIS/install/motor_control/share/colcon-core/packages/motor_control)
[5.660s] DEBUG:colcon.colcon_parallel_executor.executor.parallel:closing loop
[5.661s] DEBUG:colcon.colcon_parallel_executor.executor.parallel:loop closed
[5.661s] DEBUG:colcon.colcon_parallel_executor.executor.parallel:run_until_complete finished with '0'
[5.661s] DEBUG:colcon.colcon_core.event_reactor:joining thread
[5.686s] INFO:colcon.colcon_core.plugin_system:Skipping extension 'colcon_notification.desktop_notification.notify_send': Could not find 'notify-send'
[5.686s] INFO:colcon.colcon_core.plugin_system:Skipping extension 'colcon_notification.desktop_notification.terminal_notifier': Not used on non-Darwin systems
[5.686s] INFO:colcon.colcon_core.plugin_system:Skipping extension 'colcon_notification.desktop_notification.win32': Not used on non-Windows systems
[5.686s] INFO:colcon.colcon_notification.desktop_notification:Sending desktop notification using 'notify2'
[5.691s] DEBUG:colcon.colcon_notification.desktop_notification.notify2:Failed to initialize notify2: org.freedesktop.DBus.Error.Spawn.ExecFailed: /usr/bin/dbus-launch terminated abnormally without any error message
[5.691s] DEBUG:colcon.colcon_core.event_reactor:joined thread
[5.692s] INFO:colcon.colcon_core.shell:Creating prefix script '/workspaces/ANUBIS/install/local_setup.ps1'
[5.695s] INFO:colcon.colcon_core.shell:Creating prefix util module '/workspaces/ANUBIS/install/_local_setup_util_ps1.py'
[5.701s] INFO:colcon.colcon_core.shell:Creating prefix chain script '/workspaces/ANUBIS/install/setup.ps1'
[5.704s] INFO:colcon.colcon_core.shell:Creating prefix script '/workspaces/ANUBIS/install/local_setup.sh'
[5.705s] INFO:colcon.colcon_core.shell:Creating prefix util module '/workspaces/ANUBIS/install/_local_setup_util_sh.py'
[5.706s] INFO:colcon.colcon_core.shell:Creating prefix chain script '/workspaces/ANUBIS/install/setup.sh'
[5.709s] INFO:colcon.colcon_core.shell:Creating prefix script '/workspaces/ANUBIS/install/local_setup.bash'
[5.710s] INFO:colcon.colcon_core.shell:Creating prefix chain script '/workspaces/ANUBIS/install/setup.bash'
[5.712s] INFO:colcon.colcon_core.shell:Creating prefix script '/workspaces/ANUBIS/install/local_setup.zsh'
[5.713s] INFO:colcon.colcon_core.shell:Creating prefix chain script '/workspaces/ANUBIS/install/setup.zsh'
